09/01/2021 17:25:03: [Método: Void HandleErrorHelper(Int32, Oracle.DataAccess.Client.OracleConnection, IntPtr, Oracle.DataAccess.Client.OpoSqlValCtx*, System.Object, System.String, Boolean, Int32, Oracle.DataAccess.Client.OracleLogicalTransaction), Línea: 0] - ORA-01427: la subconsulta de una sola fila devuelve más de una fila
09/01/2021 17:25:03: [Método: Boolean Read(), Línea: 0] - ORA-01427: la subconsulta de una sola fila devuelve más de una fila
09/01/2021 17:25:03: [Método: T QueryRowImpl[T](System.Data.IDbConnection, Row, Dapper.CommandDefinition ByRef, System.Type), Línea: 0] - ORA-01427: la subconsulta de una sola fila devuelve más de una fila
09/01/2021 17:25:03: [Método: T QueryFirstOrDefault[T](System.Data.IDbConnection, System.String, System.Object, System.Data.IDbTransaction, System.Nullable`1[System.Int32], System.Nullable`1[System.Data.CommandType]), Línea: 0] - ORA-01427: la subconsulta de una sola fila devuelve más de una fila
09/01/2021 17:25:03: [Método: sres.be.ConvocatoriaCriterioPuntajeBE ObtenerPuntajeConsumoEficiencia(Int32, Int32, Oracle.DataAccess.Client.OracleConnection), Línea: 111] - ORA-01427: la subconsulta de una sola fila devuelve más de una fila
09/01/2021 17:26:39: [Método: Void HandleErrorHelper(Int32, Oracle.DataAccess.Client.OracleConnection, IntPtr, Oracle.DataAccess.Client.OpoSqlValCtx*, System.Object, System.String, Boolean, Int32, Oracle.DataAccess.Client.OracleLogicalTransaction), Línea: 0] - ORA-01427: la subconsulta de una sola fila devuelve más de una fila
09/01/2021 17:26:39: [Método: Boolean Read(), Línea: 0] - ORA-01427: la subconsulta de una sola fila devuelve más de una fila
09/01/2021 17:26:39: [Método: T QueryRowImpl[T](System.Data.IDbConnection, Row, Dapper.CommandDefinition ByRef, System.Type), Línea: 0] - ORA-01427: la subconsulta de una sola fila devuelve más de una fila
09/01/2021 17:26:39: [Método: T QueryFirstOrDefault[T](System.Data.IDbConnection, System.String, System.Object, System.Data.IDbTransaction, System.Nullable`1[System.Int32], System.Nullable`1[System.Data.CommandType]), Línea: 0] - ORA-01427: la subconsulta de una sola fila devuelve más de una fila
09/01/2021 17:26:39: [Método: sres.be.ConvocatoriaCriterioPuntajeBE ObtenerPuntajeConsumoEficiencia(Int32, Int32, Oracle.DataAccess.Client.OracleConnection), Línea: 111] - ORA-01427: la subconsulta de una sola fila devuelve más de una fila
09/01/2021 17:29:02: [Método: Void HandleErrorHelper(Int32, Oracle.DataAccess.Client.OracleConnection, IntPtr, Oracle.DataAccess.Client.OpoSqlValCtx*, System.Object, System.String, Boolean, Int32, Oracle.DataAccess.Client.OracleLogicalTransaction), Línea: 0] - ORA-01427: la subconsulta de una sola fila devuelve más de una fila
09/01/2021 17:29:02: [Método: Boolean Read(), Línea: 0] - ORA-01427: la subconsulta de una sola fila devuelve más de una fila
09/01/2021 17:29:02: [Método: T QueryRowImpl[T](System.Data.IDbConnection, Row, Dapper.CommandDefinition ByRef, System.Type), Línea: 0] - ORA-01427: la subconsulta de una sola fila devuelve más de una fila
09/01/2021 17:29:02: [Método: T QueryFirstOrDefault[T](System.Data.IDbConnection, System.String, System.Object, System.Data.IDbTransaction, System.Nullable`1[System.Int32], System.Nullable`1[System.Data.CommandType]), Línea: 0] - ORA-01427: la subconsulta de una sola fila devuelve más de una fila
09/01/2021 17:29:02: [Método: sres.be.ConvocatoriaCriterioPuntajeBE ObtenerPuntajeConsumoEficiencia(Int32, Int32, Oracle.DataAccess.Client.OracleConnection), Línea: 111] - ORA-01427: la subconsulta de una sola fila devuelve más de una fila
09/01/2021 17:29:18: [Método: Void HandleErrorHelper(Int32, Oracle.DataAccess.Client.OracleConnection, IntPtr, Oracle.DataAccess.Client.OpoSqlValCtx*, System.Object, System.String, Boolean, Int32, Oracle.DataAccess.Client.OracleLogicalTransaction), Línea: 0] - ORA-01427: la subconsulta de una sola fila devuelve más de una fila
09/01/2021 17:29:18: [Método: Boolean Read(), Línea: 0] - ORA-01427: la subconsulta de una sola fila devuelve más de una fila
09/01/2021 17:29:18: [Método: T QueryRowImpl[T](System.Data.IDbConnection, Row, Dapper.CommandDefinition ByRef, System.Type), Línea: 0] - ORA-01427: la subconsulta de una sola fila devuelve más de una fila
09/01/2021 17:29:18: [Método: T QueryFirstOrDefault[T](System.Data.IDbConnection, System.String, System.Object, System.Data.IDbTransaction, System.Nullable`1[System.Int32], System.Nullable`1[System.Data.CommandType]), Línea: 0] - ORA-01427: la subconsulta de una sola fila devuelve más de una fila
09/01/2021 17:29:18: [Método: sres.be.ConvocatoriaCriterioPuntajeBE ObtenerPuntajeConsumoEficiencia(Int32, Int32, Oracle.DataAccess.Client.OracleConnection), Línea: 111] - ORA-01427: la subconsulta de una sola fila devuelve más de una fila
09/01/2021 17:31:43: [Método: Void HandleErrorHelper(Int32, Oracle.DataAccess.Client.OracleConnection, IntPtr, Oracle.DataAccess.Client.OpoSqlValCtx*, System.Object, System.String, Boolean, Int32, Oracle.DataAccess.Client.OracleLogicalTransaction), Línea: 0] - ORA-01427: la subconsulta de una sola fila devuelve más de una fila
09/01/2021 17:31:43: [Método: Boolean Read(), Línea: 0] - ORA-01427: la subconsulta de una sola fila devuelve más de una fila
09/01/2021 17:31:43: [Método: T QueryRowImpl[T](System.Data.IDbConnection, Row, Dapper.CommandDefinition ByRef, System.Type), Línea: 0] - ORA-01427: la subconsulta de una sola fila devuelve más de una fila
09/01/2021 17:31:43: [Método: T QueryFirstOrDefault[T](System.Data.IDbConnection, System.String, System.Object, System.Data.IDbTransaction, System.Nullable`1[System.Int32], System.Nullable`1[System.Data.CommandType]), Línea: 0] - ORA-01427: la subconsulta de una sola fila devuelve más de una fila
09/01/2021 17:31:43: [Método: sres.be.ConvocatoriaCriterioPuntajeBE ObtenerPuntajeConsumoEficiencia(Int32, Int32, Oracle.DataAccess.Client.OracleConnection), Línea: 111] - ORA-01427: la subconsulta de una sola fila devuelve más de una fila
09/01/2021 17:32:27: [Método: Void HandleErrorHelper(Int32, Oracle.DataAccess.Client.OracleConnection, IntPtr, Oracle.DataAccess.Client.OpoSqlValCtx*, System.Object, System.String, Boolean, Int32, Oracle.DataAccess.Client.OracleLogicalTransaction), Línea: 0] - ORA-01427: la subconsulta de una sola fila devuelve más de una fila
09/01/2021 17:32:27: [Método: Boolean Read(), Línea: 0] - ORA-01427: la subconsulta de una sola fila devuelve más de una fila
09/01/2021 17:32:27: [Método: T QueryRowImpl[T](System.Data.IDbConnection, Row, Dapper.CommandDefinition ByRef, System.Type), Línea: 0] - ORA-01427: la subconsulta de una sola fila devuelve más de una fila
09/01/2021 17:32:27: [Método: T QueryFirstOrDefault[T](System.Data.IDbConnection, System.String, System.Object, System.Data.IDbTransaction, System.Nullable`1[System.Int32], System.Nullable`1[System.Data.CommandType]), Línea: 0] - ORA-01427: la subconsulta de una sola fila devuelve más de una fila
09/01/2021 17:32:27: [Método: sres.be.ConvocatoriaCriterioPuntajeBE ObtenerPuntajeConsumoEficiencia(Int32, Int32, Oracle.DataAccess.Client.OracleConnection), Línea: 111] - ORA-01427: la subconsulta de una sola fila devuelve más de una fila
