04/01/2021 19:35:27: [Método: Void EnsureExecutionSession(), Línea: 0] - Se ha producido un error durante el procesamiento local de informes.
04/01/2021 19:35:27: [Método: Void InternalRender(System.String, Boolean, System.String, Microsoft.Reporting.WebForms.PageCountMode, Microsoft.ReportingServices.Interfaces.CreateAndRegisterStream, Microsoft.Reporting.WebForms.Warning[] ByRef), Línea: 0] - Se ha producido un error durante el procesamiento local de informes.
04/01/2021 19:35:27: [Método: Byte[] InternalRender(System.String, Boolean, System.String, Microsoft.Reporting.WebForms.PageCountMode, System.String ByRef, System.String ByRef, System.String ByRef, System.String[] ByRef, Microsoft.Reporting.WebForms.Warning[] ByRef), Línea: 0] - Se ha producido un error durante el procesamiento local de informes.
04/01/2021 19:35:27: [Método: Byte[] Render(System.String, System.String, Microsoft.Reporting.WebForms.PageCountMode, System.String ByRef, System.String ByRef, System.String ByRef, System.String[] ByRef, Microsoft.Reporting.WebForms.Warning[] ByRef), Línea: 0] - Se ha producido un error durante el procesamiento local de informes.
04/01/2021 19:35:27: [Método: Byte[] Render(System.String, System.String, System.String ByRef, System.String ByRef, System.String ByRef, System.String[] ByRef, Microsoft.Reporting.WebForms.Warning[] ByRef), Línea: 0] - Se ha producido un error durante el procesamiento local de informes.
04/01/2021 19:35:27: [Método: Boolean DescargarReconocimiento(Int32, Int32, System.String), Línea: 43] - Se ha producido un error durante el procesamiento local de informes.
04/01/2021 19:43:07: [Método: Void EnsureExecutionSession(), Línea: 0] - Se ha producido un error durante el procesamiento local de informes.
04/01/2021 19:43:07: [Método: Void InternalRender(System.String, Boolean, System.String, Microsoft.Reporting.WebForms.PageCountMode, Microsoft.ReportingServices.Interfaces.CreateAndRegisterStream, Microsoft.Reporting.WebForms.Warning[] ByRef), Línea: 0] - Se ha producido un error durante el procesamiento local de informes.
04/01/2021 19:43:07: [Método: Byte[] InternalRender(System.String, Boolean, System.String, Microsoft.Reporting.WebForms.PageCountMode, System.String ByRef, System.String ByRef, System.String ByRef, System.String[] ByRef, Microsoft.Reporting.WebForms.Warning[] ByRef), Línea: 0] - Se ha producido un error durante el procesamiento local de informes.
04/01/2021 19:43:07: [Método: Byte[] Render(System.String, System.String, Microsoft.Reporting.WebForms.PageCountMode, System.String ByRef, System.String ByRef, System.String ByRef, System.String[] ByRef, Microsoft.Reporting.WebForms.Warning[] ByRef), Línea: 0] - Se ha producido un error durante el procesamiento local de informes.
04/01/2021 19:43:07: [Método: Byte[] Render(System.String, System.String, System.String ByRef, System.String ByRef, System.String ByRef, System.String[] ByRef, Microsoft.Reporting.WebForms.Warning[] ByRef), Línea: 0] - Se ha producido un error durante el procesamiento local de informes.
04/01/2021 19:43:07: [Método: Boolean DescargarReconocimiento(Int32, Int32, System.String), Línea: 43] - Se ha producido un error durante el procesamiento local de informes.
04/01/2021 19:45:40: [Método: Void EnsureExecutionSession(), Línea: 0] - Se ha producido un error durante el procesamiento local de informes.
04/01/2021 19:45:40: [Método: Void InternalRender(System.String, Boolean, System.String, Microsoft.Reporting.WebForms.PageCountMode, Microsoft.ReportingServices.Interfaces.CreateAndRegisterStream, Microsoft.Reporting.WebForms.Warning[] ByRef), Línea: 0] - Se ha producido un error durante el procesamiento local de informes.
04/01/2021 19:45:40: [Método: Byte[] InternalRender(System.String, Boolean, System.String, Microsoft.Reporting.WebForms.PageCountMode, System.String ByRef, System.String ByRef, System.String ByRef, System.String[] ByRef, Microsoft.Reporting.WebForms.Warning[] ByRef), Línea: 0] - Se ha producido un error durante el procesamiento local de informes.
04/01/2021 19:45:40: [Método: Byte[] Render(System.String, System.String, Microsoft.Reporting.WebForms.PageCountMode, System.String ByRef, System.String ByRef, System.String ByRef, System.String[] ByRef, Microsoft.Reporting.WebForms.Warning[] ByRef), Línea: 0] - Se ha producido un error durante el procesamiento local de informes.
04/01/2021 19:45:40: [Método: Byte[] Render(System.String, System.String, System.String ByRef, System.String ByRef, System.String ByRef, System.String[] ByRef, Microsoft.Reporting.WebForms.Warning[] ByRef), Línea: 0] - Se ha producido un error durante el procesamiento local de informes.
04/01/2021 19:45:40: [Método: Boolean DescargarReconocimiento(Int32, Int32, System.String), Línea: 0] - Se ha producido un error durante el procesamiento local de informes.
04/01/2021 19:48:00: [Método: Void EnsureExecutionSession(), Línea: 0] - Se ha producido un error durante el procesamiento local de informes.
04/01/2021 19:48:00: [Método: Void InternalRender(System.String, Boolean, System.String, Microsoft.Reporting.WebForms.PageCountMode, Microsoft.ReportingServices.Interfaces.CreateAndRegisterStream, Microsoft.Reporting.WebForms.Warning[] ByRef), Línea: 0] - Se ha producido un error durante el procesamiento local de informes.
04/01/2021 19:48:00: [Método: Byte[] InternalRender(System.String, Boolean, System.String, Microsoft.Reporting.WebForms.PageCountMode, System.String ByRef, System.String ByRef, System.String ByRef, System.String[] ByRef, Microsoft.Reporting.WebForms.Warning[] ByRef), Línea: 0] - Se ha producido un error durante el procesamiento local de informes.
04/01/2021 19:48:00: [Método: Byte[] Render(System.String, System.String, Microsoft.Reporting.WebForms.PageCountMode, System.String ByRef, System.String ByRef, System.String ByRef, System.String[] ByRef, Microsoft.Reporting.WebForms.Warning[] ByRef), Línea: 0] - Se ha producido un error durante el procesamiento local de informes.
04/01/2021 19:48:00: [Método: Byte[] Render(System.String, System.String, System.String ByRef, System.String ByRef, System.String ByRef, System.String[] ByRef, Microsoft.Reporting.WebForms.Warning[] ByRef), Línea: 0] - Se ha producido un error durante el procesamiento local de informes.
04/01/2021 19:48:00: [Método: Boolean DescargarReconocimiento(Int32, Int32, System.String), Línea: 0] - Se ha producido un error durante el procesamiento local de informes.
04/01/2021 19:48:05: [Método: Void EnsureExecutionSession(), Línea: 0] - Se ha producido un error durante el procesamiento local de informes.
04/01/2021 19:48:05: [Método: Void InternalRender(System.String, Boolean, System.String, Microsoft.Reporting.WebForms.PageCountMode, Microsoft.ReportingServices.Interfaces.CreateAndRegisterStream, Microsoft.Reporting.WebForms.Warning[] ByRef), Línea: 0] - Se ha producido un error durante el procesamiento local de informes.
04/01/2021 19:48:05: [Método: Byte[] InternalRender(System.String, Boolean, System.String, Microsoft.Reporting.WebForms.PageCountMode, System.String ByRef, System.String ByRef, System.String ByRef, System.String[] ByRef, Microsoft.Reporting.WebForms.Warning[] ByRef), Línea: 0] - Se ha producido un error durante el procesamiento local de informes.
04/01/2021 19:48:05: [Método: Byte[] Render(System.String, System.String, Microsoft.Reporting.WebForms.PageCountMode, System.String ByRef, System.String ByRef, System.String ByRef, System.String[] ByRef, Microsoft.Reporting.WebForms.Warning[] ByRef), Línea: 0] - Se ha producido un error durante el procesamiento local de informes.
04/01/2021 19:48:05: [Método: Byte[] Render(System.String, System.String, System.String ByRef, System.String ByRef, System.String ByRef, System.String[] ByRef, Microsoft.Reporting.WebForms.Warning[] ByRef), Línea: 0] - Se ha producido un error durante el procesamiento local de informes.
04/01/2021 19:48:05: [Método: Boolean DescargarReconocimiento(Int32, Int32, System.String), Línea: 0] - Se ha producido un error durante el procesamiento local de informes.
04/01/2021 20:18:27: [Método: Void EnsureExecutionSession(), Línea: 0] - Se ha producido un error durante el procesamiento local de informes.
04/01/2021 20:18:27: [Método: Void InternalRender(System.String, Boolean, System.String, Microsoft.Reporting.WebForms.PageCountMode, Microsoft.ReportingServices.Interfaces.CreateAndRegisterStream, Microsoft.Reporting.WebForms.Warning[] ByRef), Línea: 0] - Se ha producido un error durante el procesamiento local de informes.
04/01/2021 20:18:27: [Método: Byte[] InternalRender(System.String, Boolean, System.String, Microsoft.Reporting.WebForms.PageCountMode, System.String ByRef, System.String ByRef, System.String ByRef, System.String[] ByRef, Microsoft.Reporting.WebForms.Warning[] ByRef), Línea: 0] - Se ha producido un error durante el procesamiento local de informes.
04/01/2021 20:18:27: [Método: Byte[] Render(System.String, System.String, Microsoft.Reporting.WebForms.PageCountMode, System.String ByRef, System.String ByRef, System.String ByRef, System.String[] ByRef, Microsoft.Reporting.WebForms.Warning[] ByRef), Línea: 0] - Se ha producido un error durante el procesamiento local de informes.
04/01/2021 20:18:27: [Método: Byte[] Render(System.String, System.String, System.String ByRef, System.String ByRef, System.String ByRef, System.String[] ByRef, Microsoft.Reporting.WebForms.Warning[] ByRef), Línea: 0] - Se ha producido un error durante el procesamiento local de informes.
04/01/2021 20:18:27: [Método: Boolean DescargarReconocimiento(Int32, Int32, System.String), Línea: 43] - Se ha producido un error durante el procesamiento local de informes.
04/01/2021 20:30:57: [Método: Void EnsureExecutionSession(), Línea: 0] - Se ha producido un error durante el procesamiento local de informes.
04/01/2021 20:30:57: [Método: Void InternalRender(System.String, Boolean, System.String, Microsoft.Reporting.WebForms.PageCountMode, Microsoft.ReportingServices.Interfaces.CreateAndRegisterStream, Microsoft.Reporting.WebForms.Warning[] ByRef), Línea: 0] - Se ha producido un error durante el procesamiento local de informes.
04/01/2021 20:30:57: [Método: Byte[] InternalRender(System.String, Boolean, System.String, Microsoft.Reporting.WebForms.PageCountMode, System.String ByRef, System.String ByRef, System.String ByRef, System.String[] ByRef, Microsoft.Reporting.WebForms.Warning[] ByRef), Línea: 0] - Se ha producido un error durante el procesamiento local de informes.
04/01/2021 20:30:57: [Método: Byte[] Render(System.String, System.String, Microsoft.Reporting.WebForms.PageCountMode, System.String ByRef, System.String ByRef, System.String ByRef, System.String[] ByRef, Microsoft.Reporting.WebForms.Warning[] ByRef), Línea: 0] - Se ha producido un error durante el procesamiento local de informes.
04/01/2021 20:30:57: [Método: Byte[] Render(System.String, System.String, System.String ByRef, System.String ByRef, System.String ByRef, System.String[] ByRef, Microsoft.Reporting.WebForms.Warning[] ByRef), Línea: 0] - Se ha producido un error durante el procesamiento local de informes.
04/01/2021 20:30:57: [Método: Boolean DescargarReconocimiento(Int32, Int32, System.String), Línea: 43] - Se ha producido un error durante el procesamiento local de informes.
04/01/2021 20:32:24: [Método: Void EnsureExecutionSession(), Línea: 0] - Se ha producido un error durante el procesamiento local de informes.
04/01/2021 20:32:24: [Método: Void InternalRender(System.String, Boolean, System.String, Microsoft.Reporting.WebForms.PageCountMode, Microsoft.ReportingServices.Interfaces.CreateAndRegisterStream, Microsoft.Reporting.WebForms.Warning[] ByRef), Línea: 0] - Se ha producido un error durante el procesamiento local de informes.
04/01/2021 20:32:24: [Método: Byte[] InternalRender(System.String, Boolean, System.String, Microsoft.Reporting.WebForms.PageCountMode, System.String ByRef, System.String ByRef, System.String ByRef, System.String[] ByRef, Microsoft.Reporting.WebForms.Warning[] ByRef), Línea: 0] - Se ha producido un error durante el procesamiento local de informes.
04/01/2021 20:32:24: [Método: Byte[] Render(System.String, System.String, Microsoft.Reporting.WebForms.PageCountMode, System.String ByRef, System.String ByRef, System.String ByRef, System.String[] ByRef, Microsoft.Reporting.WebForms.Warning[] ByRef), Línea: 0] - Se ha producido un error durante el procesamiento local de informes.
04/01/2021 20:32:24: [Método: Byte[] Render(System.String, System.String, System.String ByRef, System.String ByRef, System.String ByRef, System.String[] ByRef, Microsoft.Reporting.WebForms.Warning[] ByRef), Línea: 0] - Se ha producido un error durante el procesamiento local de informes.
04/01/2021 20:32:24: [Método: Boolean DescargarReconocimiento(Int32, Int32, System.String), Línea: 43] - Se ha producido un error durante el procesamiento local de informes.
04/01/2021 20:35:35: [Método: Void EnsureExecutionSession(), Línea: 0] - Se ha producido un error durante el procesamiento local de informes.
04/01/2021 20:35:35: [Método: Void InternalRender(System.String, Boolean, System.String, Microsoft.Reporting.WebForms.PageCountMode, Microsoft.ReportingServices.Interfaces.CreateAndRegisterStream, Microsoft.Reporting.WebForms.Warning[] ByRef), Línea: 0] - Se ha producido un error durante el procesamiento local de informes.
04/01/2021 20:35:35: [Método: Byte[] InternalRender(System.String, Boolean, System.String, Microsoft.Reporting.WebForms.PageCountMode, System.String ByRef, System.String ByRef, System.String ByRef, System.String[] ByRef, Microsoft.Reporting.WebForms.Warning[] ByRef), Línea: 0] - Se ha producido un error durante el procesamiento local de informes.
04/01/2021 20:35:35: [Método: Byte[] Render(System.String, System.String, Microsoft.Reporting.WebForms.PageCountMode, System.String ByRef, System.String ByRef, System.String ByRef, System.String[] ByRef, Microsoft.Reporting.WebForms.Warning[] ByRef), Línea: 0] - Se ha producido un error durante el procesamiento local de informes.
04/01/2021 20:35:35: [Método: Byte[] Render(System.String, System.String, System.String ByRef, System.String ByRef, System.String ByRef, System.String[] ByRef, Microsoft.Reporting.WebForms.Warning[] ByRef), Línea: 0] - Se ha producido un error durante el procesamiento local de informes.
04/01/2021 20:35:35: [Método: Boolean DescargarReconocimiento(Int32, Int32, System.String), Línea: 0] - Se ha producido un error durante el procesamiento local de informes.
04/01/2021 22:30:51: [Método: Void EnsureExecutionSession(), Línea: 0] - Se ha producido un error durante el procesamiento local de informes.
04/01/2021 22:30:51: [Método: Void InternalRender(System.String, Boolean, System.String, Microsoft.Reporting.WebForms.PageCountMode, Microsoft.ReportingServices.Interfaces.CreateAndRegisterStream, Microsoft.Reporting.WebForms.Warning[] ByRef), Línea: 0] - Se ha producido un error durante el procesamiento local de informes.
04/01/2021 22:30:51: [Método: Byte[] InternalRender(System.String, Boolean, System.String, Microsoft.Reporting.WebForms.PageCountMode, System.String ByRef, System.String ByRef, System.String ByRef, System.String[] ByRef, Microsoft.Reporting.WebForms.Warning[] ByRef), Línea: 0] - Se ha producido un error durante el procesamiento local de informes.
04/01/2021 22:30:51: [Método: Byte[] Render(System.String, System.String, Microsoft.Reporting.WebForms.PageCountMode, System.String ByRef, System.String ByRef, System.String ByRef, System.String[] ByRef, Microsoft.Reporting.WebForms.Warning[] ByRef), Línea: 0] - Se ha producido un error durante el procesamiento local de informes.
04/01/2021 22:30:51: [Método: Byte[] Render(System.String, System.String, System.String ByRef, System.String ByRef, System.String ByRef, System.String[] ByRef, Microsoft.Reporting.WebForms.Warning[] ByRef), Línea: 0] - Se ha producido un error durante el procesamiento local de informes.
04/01/2021 22:30:51: [Método: Boolean DescargarReconocimiento(Int32, Int32, System.String), Línea: 43] - Se ha producido un error durante el procesamiento local de informes.
04/01/2021 22:35:55: [Método: Void EnsureExecutionSession(), Línea: 0] - Se ha producido un error durante el procesamiento local de informes.
04/01/2021 22:35:55: [Método: Void InternalRender(System.String, Boolean, System.String, Microsoft.Reporting.WebForms.PageCountMode, Microsoft.ReportingServices.Interfaces.CreateAndRegisterStream, Microsoft.Reporting.WebForms.Warning[] ByRef), Línea: 0] - Se ha producido un error durante el procesamiento local de informes.
04/01/2021 22:35:55: [Método: Byte[] InternalRender(System.String, Boolean, System.String, Microsoft.Reporting.WebForms.PageCountMode, System.String ByRef, System.String ByRef, System.String ByRef, System.String[] ByRef, Microsoft.Reporting.WebForms.Warning[] ByRef), Línea: 0] - Se ha producido un error durante el procesamiento local de informes.
04/01/2021 22:35:55: [Método: Byte[] Render(System.String, System.String, Microsoft.Reporting.WebForms.PageCountMode, System.String ByRef, System.String ByRef, System.String ByRef, System.String[] ByRef, Microsoft.Reporting.WebForms.Warning[] ByRef), Línea: 0] - Se ha producido un error durante el procesamiento local de informes.
04/01/2021 22:35:55: [Método: Byte[] Render(System.String, System.String, System.String ByRef, System.String ByRef, System.String ByRef, System.String[] ByRef, Microsoft.Reporting.WebForms.Warning[] ByRef), Línea: 0] - Se ha producido un error durante el procesamiento local de informes.
04/01/2021 22:35:55: [Método: Boolean DescargarReconocimiento(Int32, Int32, System.String), Línea: 43] - Se ha producido un error durante el procesamiento local de informes.
04/01/2021 22:37:13: [Método: Void EnsureExecutionSession(), Línea: 0] - Se ha producido un error durante el procesamiento local de informes.
04/01/2021 22:37:13: [Método: Void InternalRender(System.String, Boolean, System.String, Microsoft.Reporting.WebForms.PageCountMode, Microsoft.ReportingServices.Interfaces.CreateAndRegisterStream, Microsoft.Reporting.WebForms.Warning[] ByRef), Línea: 0] - Se ha producido un error durante el procesamiento local de informes.
04/01/2021 22:37:13: [Método: Byte[] InternalRender(System.String, Boolean, System.String, Microsoft.Reporting.WebForms.PageCountMode, System.String ByRef, System.String ByRef, System.String ByRef, System.String[] ByRef, Microsoft.Reporting.WebForms.Warning[] ByRef), Línea: 0] - Se ha producido un error durante el procesamiento local de informes.
04/01/2021 22:37:13: [Método: Byte[] Render(System.String, System.String, Microsoft.Reporting.WebForms.PageCountMode, System.String ByRef, System.String ByRef, System.String ByRef, System.String[] ByRef, Microsoft.Reporting.WebForms.Warning[] ByRef), Línea: 0] - Se ha producido un error durante el procesamiento local de informes.
04/01/2021 22:37:13: [Método: Byte[] Render(System.String, System.String, System.String ByRef, System.String ByRef, System.String ByRef, System.String[] ByRef, Microsoft.Reporting.WebForms.Warning[] ByRef), Línea: 0] - Se ha producido un error durante el procesamiento local de informes.
04/01/2021 22:37:13: [Método: Boolean DescargarReconocimiento(Int32, Int32, System.String), Línea: 43] - Se ha producido un error durante el procesamiento local de informes.
04/01/2021 22:38:19: [Método: Void EnsureExecutionSession(), Línea: 0] - Se ha producido un error durante el procesamiento local de informes.
04/01/2021 22:38:19: [Método: Void InternalRender(System.String, Boolean, System.String, Microsoft.Reporting.WebForms.PageCountMode, Microsoft.ReportingServices.Interfaces.CreateAndRegisterStream, Microsoft.Reporting.WebForms.Warning[] ByRef), Línea: 0] - Se ha producido un error durante el procesamiento local de informes.
04/01/2021 22:38:19: [Método: Byte[] InternalRender(System.String, Boolean, System.String, Microsoft.Reporting.WebForms.PageCountMode, System.String ByRef, System.String ByRef, System.String ByRef, System.String[] ByRef, Microsoft.Reporting.WebForms.Warning[] ByRef), Línea: 0] - Se ha producido un error durante el procesamiento local de informes.
04/01/2021 22:38:19: [Método: Byte[] Render(System.String, System.String, Microsoft.Reporting.WebForms.PageCountMode, System.String ByRef, System.String ByRef, System.String ByRef, System.String[] ByRef, Microsoft.Reporting.WebForms.Warning[] ByRef), Línea: 0] - Se ha producido un error durante el procesamiento local de informes.
04/01/2021 22:38:19: [Método: Byte[] Render(System.String, System.String, System.String ByRef, System.String ByRef, System.String ByRef, System.String[] ByRef, Microsoft.Reporting.WebForms.Warning[] ByRef), Línea: 0] - Se ha producido un error durante el procesamiento local de informes.
04/01/2021 22:38:19: [Método: Boolean DescargarReconocimiento(Int32, Int32, System.String), Línea: 43] - Se ha producido un error durante el procesamiento local de informes.
04/01/2021 22:39:19: [Método: Void EnsureExecutionSession(), Línea: 0] - Se ha producido un error durante el procesamiento local de informes.
04/01/2021 22:39:19: [Método: Void InternalRender(System.String, Boolean, System.String, Microsoft.Reporting.WebForms.PageCountMode, Microsoft.ReportingServices.Interfaces.CreateAndRegisterStream, Microsoft.Reporting.WebForms.Warning[] ByRef), Línea: 0] - Se ha producido un error durante el procesamiento local de informes.
04/01/2021 22:39:19: [Método: Byte[] InternalRender(System.String, Boolean, System.String, Microsoft.Reporting.WebForms.PageCountMode, System.String ByRef, System.String ByRef, System.String ByRef, System.String[] ByRef, Microsoft.Reporting.WebForms.Warning[] ByRef), Línea: 0] - Se ha producido un error durante el procesamiento local de informes.
04/01/2021 22:39:19: [Método: Byte[] Render(System.String, System.String, Microsoft.Reporting.WebForms.PageCountMode, System.String ByRef, System.String ByRef, System.String ByRef, System.String[] ByRef, Microsoft.Reporting.WebForms.Warning[] ByRef), Línea: 0] - Se ha producido un error durante el procesamiento local de informes.
04/01/2021 22:39:19: [Método: Byte[] Render(System.String, System.String, System.String ByRef, System.String ByRef, System.String ByRef, System.String[] ByRef, Microsoft.Reporting.WebForms.Warning[] ByRef), Línea: 0] - Se ha producido un error durante el procesamiento local de informes.
04/01/2021 22:39:19: [Método: Boolean DescargarReconocimiento(Int32, Int32, System.String), Línea: 43] - Se ha producido un error durante el procesamiento local de informes.
04/01/2021 22:44:28: [Método: Void EnsureExecutionSession(), Línea: 0] - Se ha producido un error durante el procesamiento local de informes.
04/01/2021 22:44:28: [Método: Void InternalRender(System.String, Boolean, System.String, Microsoft.Reporting.WebForms.PageCountMode, Microsoft.ReportingServices.Interfaces.CreateAndRegisterStream, Microsoft.Reporting.WebForms.Warning[] ByRef), Línea: 0] - Se ha producido un error durante el procesamiento local de informes.
04/01/2021 22:44:28: [Método: Byte[] InternalRender(System.String, Boolean, System.String, Microsoft.Reporting.WebForms.PageCountMode, System.String ByRef, System.String ByRef, System.String ByRef, System.String[] ByRef, Microsoft.Reporting.WebForms.Warning[] ByRef), Línea: 0] - Se ha producido un error durante el procesamiento local de informes.
04/01/2021 22:44:28: [Método: Byte[] Render(System.String, System.String, Microsoft.Reporting.WebForms.PageCountMode, System.String ByRef, System.String ByRef, System.String ByRef, System.String[] ByRef, Microsoft.Reporting.WebForms.Warning[] ByRef), Línea: 0] - Se ha producido un error durante el procesamiento local de informes.
04/01/2021 22:44:28: [Método: Byte[] Render(System.String, System.String, System.String ByRef, System.String ByRef, System.String ByRef, System.String[] ByRef, Microsoft.Reporting.WebForms.Warning[] ByRef), Línea: 0] - Se ha producido un error durante el procesamiento local de informes.
04/01/2021 22:44:28: [Método: Boolean DescargarReconocimiento(Int32, Int32, System.String), Línea: 43] - Se ha producido un error durante el procesamiento local de informes.
