25/02/2021 12:22:38: [Método: Void HandleErrorHelper(Int32, Oracle.DataAccess.Client.OracleConnection, IntPtr, Oracle.DataAccess.Client.OpoSqlValCtx*, System.Object, System.String, Boolean, Int32, Oracle.DataAccess.Client.OracleLogicalTransaction), Línea: 0] - ORA-00936: falta una expresión
ORA-06512: en "ELECTROMOVILIDAD.PKG_ELECTROMOV_MANTENIMIENTO", línea 606
ORA-06512: en línea 1
25/02/2021 12:22:38: [Método: Void HandleError(Int32, Oracle.DataAccess.Client.OracleConnection, System.String, IntPtr, Oracle.DataAccess.Client.OpoSqlValCtx*, System.Object, Boolean, Oracle.DataAccess.Client.OracleLogicalTransaction), Línea: 0] - ORA-00936: falta una expresión
ORA-06512: en "ELECTROMOVILIDAD.PKG_ELECTROMOV_MANTENIMIENTO", línea 606
ORA-06512: en línea 1
25/02/2021 12:22:38: [Método: Oracle.DataAccess.Client.OracleDataReader ExecuteReader(Boolean, Boolean, System.Data.CommandBehavior), Línea: 0] - ORA-00936: falta una expresión
ORA-06512: en "ELECTROMOVILIDAD.PKG_ELECTROMOV_MANTENIMIENTO", línea 606
ORA-06512: en línea 1
25/02/2021 12:22:38: [Método: System.Data.Common.DbDataReader ExecuteDbDataReader(System.Data.CommandBehavior), Línea: 0] - ORA-00936: falta una expresión
ORA-06512: en "ELECTROMOVILIDAD.PKG_ELECTROMOV_MANTENIMIENTO", línea 606
ORA-06512: en línea 1
25/02/2021 12:22:38: [Método: System.Data.IDataReader System.Data.IDbCommand.ExecuteReader(System.Data.CommandBehavior), Línea: 0] - ORA-00936: falta una expresión
ORA-06512: en "ELECTROMOVILIDAD.PKG_ELECTROMOV_MANTENIMIENTO", línea 606
ORA-06512: en línea 1
25/02/2021 12:22:38: [Método: System.Data.IDataReader ExecuteReaderWithFlagsFallback(System.Data.IDbCommand, Boolean, System.Data.CommandBehavior), Línea: 0] - ORA-00936: falta una expresión
ORA-06512: en "ELECTROMOVILIDAD.PKG_ELECTROMOV_MANTENIMIENTO", línea 606
ORA-06512: en línea 1
25/02/2021 12:22:38: [Método: Boolean MoveNext(), Línea: 0] - ORA-00936: falta una expresión
ORA-06512: en "ELECTROMOVILIDAD.PKG_ELECTROMOV_MANTENIMIENTO", línea 606
ORA-06512: en línea 1
25/02/2021 12:22:38: [Método: Void .ctor(System.Collections.Generic.IEnumerable`1[T]), Línea: 0] - ORA-00936: falta una expresión
ORA-06512: en "ELECTROMOVILIDAD.PKG_ELECTROMOV_MANTENIMIENTO", línea 606
ORA-06512: en línea 1
25/02/2021 12:22:38: [Método: System.Collections.Generic.List`1[TSource] ToList[TSource](System.Collections.Generic.IEnumerable`1[TSource]), Línea: 0] - ORA-00936: falta una expresión
ORA-06512: en "ELECTROMOVILIDAD.PKG_ELECTROMOV_MANTENIMIENTO", línea 606
ORA-06512: en línea 1
25/02/2021 12:22:38: [Método: System.Collections.Generic.IEnumerable`1[T] Query[T](System.Data.IDbConnection, System.String, System.Object, System.Data.IDbTransaction, Boolean, System.Nullable`1[System.Int32], System.Nullable`1[System.Data.CommandType]), Línea: 0] - ORA-00936: falta una expresión
ORA-06512: en "ELECTROMOVILIDAD.PKG_ELECTROMOV_MANTENIMIENTO", línea 606
ORA-06512: en línea 1
25/02/2021 12:22:38: [Método: System.Collections.Generic.List`1[sres.be.ParametroDetalleBE] ParametroDetalleData(sres.be.ParametroBE, Oracle.DataAccess.Client.OracleConnection), Línea: 83] - ORA-00936: falta una expresión
ORA-06512: en "ELECTROMOVILIDAD.PKG_ELECTROMOV_MANTENIMIENTO", línea 606
ORA-06512: en línea 1
25/02/2021 12:40:33: [Método: Void HandleErrorHelper(Int32, Oracle.DataAccess.Client.OracleConnection, IntPtr, Oracle.DataAccess.Client.OpoSqlValCtx*, System.Object, System.String, Boolean, Int32, Oracle.DataAccess.Client.OracleLogicalTransaction), Línea: 0] - ORA-00936: falta una expresión
ORA-06512: en "ELECTROMOVILIDAD.PKG_ELECTROMOV_MANTENIMIENTO", línea 606
ORA-06512: en línea 1
25/02/2021 12:40:33: [Método: Void HandleError(Int32, Oracle.DataAccess.Client.OracleConnection, System.String, IntPtr, Oracle.DataAccess.Client.OpoSqlValCtx*, System.Object, Boolean, Oracle.DataAccess.Client.OracleLogicalTransaction), Línea: 0] - ORA-00936: falta una expresión
ORA-06512: en "ELECTROMOVILIDAD.PKG_ELECTROMOV_MANTENIMIENTO", línea 606
ORA-06512: en línea 1
25/02/2021 12:40:33: [Método: Oracle.DataAccess.Client.OracleDataReader ExecuteReader(Boolean, Boolean, System.Data.CommandBehavior), Línea: 0] - ORA-00936: falta una expresión
ORA-06512: en "ELECTROMOVILIDAD.PKG_ELECTROMOV_MANTENIMIENTO", línea 606
ORA-06512: en línea 1
25/02/2021 12:40:33: [Método: System.Data.Common.DbDataReader ExecuteDbDataReader(System.Data.CommandBehavior), Línea: 0] - ORA-00936: falta una expresión
ORA-06512: en "ELECTROMOVILIDAD.PKG_ELECTROMOV_MANTENIMIENTO", línea 606
ORA-06512: en línea 1
25/02/2021 12:40:33: [Método: System.Data.IDataReader System.Data.IDbCommand.ExecuteReader(System.Data.CommandBehavior), Línea: 0] - ORA-00936: falta una expresión
ORA-06512: en "ELECTROMOVILIDAD.PKG_ELECTROMOV_MANTENIMIENTO", línea 606
ORA-06512: en línea 1
25/02/2021 12:40:33: [Método: System.Data.IDataReader ExecuteReaderWithFlagsFallback(System.Data.IDbCommand, Boolean, System.Data.CommandBehavior), Línea: 0] - ORA-00936: falta una expresión
ORA-06512: en "ELECTROMOVILIDAD.PKG_ELECTROMOV_MANTENIMIENTO", línea 606
ORA-06512: en línea 1
25/02/2021 12:40:33: [Método: Boolean MoveNext(), Línea: 0] - ORA-00936: falta una expresión
ORA-06512: en "ELECTROMOVILIDAD.PKG_ELECTROMOV_MANTENIMIENTO", línea 606
ORA-06512: en línea 1
25/02/2021 12:40:33: [Método: Void .ctor(System.Collections.Generic.IEnumerable`1[T]), Línea: 0] - ORA-00936: falta una expresión
ORA-06512: en "ELECTROMOVILIDAD.PKG_ELECTROMOV_MANTENIMIENTO", línea 606
ORA-06512: en línea 1
25/02/2021 12:40:33: [Método: System.Collections.Generic.List`1[TSource] ToList[TSource](System.Collections.Generic.IEnumerable`1[TSource]), Línea: 0] - ORA-00936: falta una expresión
ORA-06512: en "ELECTROMOVILIDAD.PKG_ELECTROMOV_MANTENIMIENTO", línea 606
ORA-06512: en línea 1
25/02/2021 12:40:33: [Método: System.Collections.Generic.IEnumerable`1[T] Query[T](System.Data.IDbConnection, System.String, System.Object, System.Data.IDbTransaction, Boolean, System.Nullable`1[System.Int32], System.Nullable`1[System.Data.CommandType]), Línea: 0] - ORA-00936: falta una expresión
ORA-06512: en "ELECTROMOVILIDAD.PKG_ELECTROMOV_MANTENIMIENTO", línea 606
ORA-06512: en línea 1
25/02/2021 12:40:33: [Método: System.Collections.Generic.List`1[sres.be.ParametroDetalleBE] ParametroDetalleData(sres.be.ParametroBE, Oracle.DataAccess.Client.OracleConnection), Línea: 83] - ORA-00936: falta una expresión
ORA-06512: en "ELECTROMOVILIDAD.PKG_ELECTROMOV_MANTENIMIENTO", línea 606
ORA-06512: en línea 1
25/02/2021 14:49:05: [Método: Void HandleErrorHelper(Int32, Oracle.DataAccess.Client.OracleConnection, IntPtr, Oracle.DataAccess.Client.OpoSqlValCtx*, System.Object, System.String, Boolean, Int32, Oracle.DataAccess.Client.OracleLogicalTransaction), Línea: 0] - ORA-00001: restricción única (ELECTROMOVILIDAD.SYS_C0025916) violada
ORA-06512: en "ELECTROMOVILIDAD.PKG_ELECTROMOV_MANTENIMIENTO", línea 706
ORA-06512: en línea 1
25/02/2021 14:49:05: [Método: Void HandleError(Int32, Oracle.DataAccess.Client.OracleConnection, System.String, IntPtr, Oracle.DataAccess.Client.OpoSqlValCtx*, System.Object, Boolean, Oracle.DataAccess.Client.OracleLogicalTransaction), Línea: 0] - ORA-00001: restricción única (ELECTROMOVILIDAD.SYS_C0025916) violada
ORA-06512: en "ELECTROMOVILIDAD.PKG_ELECTROMOV_MANTENIMIENTO", línea 706
ORA-06512: en línea 1
25/02/2021 14:49:05: [Método: Oracle.DataAccess.Client.OracleDataReader ExecuteReader(Boolean, Boolean, System.Data.CommandBehavior), Línea: 0] - ORA-00001: restricción única (ELECTROMOVILIDAD.SYS_C0025916) violada
ORA-06512: en "ELECTROMOVILIDAD.PKG_ELECTROMOV_MANTENIMIENTO", línea 706
ORA-06512: en línea 1
25/02/2021 14:49:05: [Método: Oracle.DataAccess.Client.OracleDataReader ExecuteReader(), Línea: 0] - ORA-00001: restricción única (ELECTROMOVILIDAD.SYS_C0025916) violada
ORA-06512: en "ELECTROMOVILIDAD.PKG_ELECTROMOV_MANTENIMIENTO", línea 706
ORA-06512: en línea 1
25/02/2021 14:49:05: [Método: System.Object ExecuteScalar(), Línea: 0] - ORA-00001: restricción única (ELECTROMOVILIDAD.SYS_C0025916) violada
ORA-06512: en "ELECTROMOVILIDAD.PKG_ELECTROMOV_MANTENIMIENTO", línea 706
ORA-06512: en línea 1
25/02/2021 14:49:05: [Método: T ExecuteScalarImpl[T](System.Data.IDbConnection, Dapper.CommandDefinition ByRef), Línea: 0] - ORA-00001: restricción única (ELECTROMOVILIDAD.SYS_C0025916) violada
ORA-06512: en "ELECTROMOVILIDAD.PKG_ELECTROMOV_MANTENIMIENTO", línea 706
ORA-06512: en línea 1
25/02/2021 14:49:05: [Método: System.Object ExecuteScalar(System.Data.IDbConnection, System.String, System.Object, System.Data.IDbTransaction, System.Nullable`1[System.Int32], System.Nullable`1[System.Data.CommandType]), Línea: 0] - ORA-00001: restricción única (ELECTROMOVILIDAD.SYS_C0025916) violada
ORA-06512: en "ELECTROMOVILIDAD.PKG_ELECTROMOV_MANTENIMIENTO", línea 706
ORA-06512: en línea 1
25/02/2021 14:49:05: [Método: sres.be.TipoCombustibleBE GuardarTipoCombustible(sres.be.TipoCombustibleBE, Oracle.DataAccess.Client.OracleConnection), Línea: 52] - ORA-00001: restricción única (ELECTROMOVILIDAD.SYS_C0025916) violada
ORA-06512: en "ELECTROMOVILIDAD.PKG_ELECTROMOV_MANTENIMIENTO", línea 706
ORA-06512: en línea 1
25/02/2021 14:57:10: [Método: Void HandleErrorHelper(Int32, Oracle.DataAccess.Client.OracleConnection, IntPtr, Oracle.DataAccess.Client.OpoSqlValCtx*, System.Object, System.String, Boolean, Int32, Oracle.DataAccess.Client.OracleLogicalTransaction), Línea: 0] - ORA-06550: línea 1, columna 53:
PLS-00302: el componente 'USP_SEL_LISTA_ROL_ESTADO' se debe declarar
ORA-06550: línea 1, columna 7:
PL/SQL: Statement ignored
25/02/2021 14:57:10: [Método: Void HandleError(Int32, Oracle.DataAccess.Client.OracleConnection, System.String, IntPtr, Oracle.DataAccess.Client.OpoSqlValCtx*, System.Object, Boolean, Oracle.DataAccess.Client.OracleLogicalTransaction), Línea: 0] - ORA-06550: línea 1, columna 53:
PLS-00302: el componente 'USP_SEL_LISTA_ROL_ESTADO' se debe declarar
ORA-06550: línea 1, columna 7:
PL/SQL: Statement ignored
25/02/2021 14:57:10: [Método: Oracle.DataAccess.Client.OracleDataReader ExecuteReader(Boolean, Boolean, System.Data.CommandBehavior), Línea: 0] - ORA-06550: línea 1, columna 53:
PLS-00302: el componente 'USP_SEL_LISTA_ROL_ESTADO' se debe declarar
ORA-06550: línea 1, columna 7:
PL/SQL: Statement ignored
25/02/2021 14:57:10: [Método: System.Data.Common.DbDataReader ExecuteDbDataReader(System.Data.CommandBehavior), Línea: 0] - ORA-06550: línea 1, columna 53:
PLS-00302: el componente 'USP_SEL_LISTA_ROL_ESTADO' se debe declarar
ORA-06550: línea 1, columna 7:
PL/SQL: Statement ignored
25/02/2021 14:57:10: [Método: System.Data.IDataReader System.Data.IDbCommand.ExecuteReader(System.Data.CommandBehavior), Línea: 0] - ORA-06550: línea 1, columna 53:
PLS-00302: el componente 'USP_SEL_LISTA_ROL_ESTADO' se debe declarar
ORA-06550: línea 1, columna 7:
PL/SQL: Statement ignored
25/02/2021 14:57:10: [Método: System.Data.IDataReader ExecuteReaderWithFlagsFallback(System.Data.IDbCommand, Boolean, System.Data.CommandBehavior), Línea: 0] - ORA-06550: línea 1, columna 53:
PLS-00302: el componente 'USP_SEL_LISTA_ROL_ESTADO' se debe declarar
ORA-06550: línea 1, columna 7:
PL/SQL: Statement ignored
25/02/2021 14:57:10: [Método: Boolean MoveNext(), Línea: 0] - ORA-06550: línea 1, columna 53:
PLS-00302: el componente 'USP_SEL_LISTA_ROL_ESTADO' se debe declarar
ORA-06550: línea 1, columna 7:
PL/SQL: Statement ignored
25/02/2021 14:57:10: [Método: Void .ctor(System.Collections.Generic.IEnumerable`1[T]), Línea: 0] - ORA-06550: línea 1, columna 53:
PLS-00302: el componente 'USP_SEL_LISTA_ROL_ESTADO' se debe declarar
ORA-06550: línea 1, columna 7:
PL/SQL: Statement ignored
25/02/2021 14:57:10: [Método: System.Collections.Generic.List`1[TSource] ToList[TSource](System.Collections.Generic.IEnumerable`1[TSource]), Línea: 0] - ORA-06550: línea 1, columna 53:
PLS-00302: el componente 'USP_SEL_LISTA_ROL_ESTADO' se debe declarar
ORA-06550: línea 1, columna 7:
PL/SQL: Statement ignored
25/02/2021 14:57:10: [Método: System.Collections.Generic.IEnumerable`1[T] Query[T](System.Data.IDbConnection, System.String, System.Object, System.Data.IDbTransaction, Boolean, System.Nullable`1[System.Int32], System.Nullable`1[System.Data.CommandType]), Línea: 0] - ORA-06550: línea 1, columna 53:
PLS-00302: el componente 'USP_SEL_LISTA_ROL_ESTADO' se debe declarar
ORA-06550: línea 1, columna 7:
PL/SQL: Statement ignored
25/02/2021 14:57:10: [Método: System.Collections.Generic.List`1[sres.be.RolBE] ListarRolPorEstado(System.String, Oracle.DataAccess.Client.OracleConnection), Línea: 111] - ORA-06550: línea 1, columna 53:
PLS-00302: el componente 'USP_SEL_LISTA_ROL_ESTADO' se debe declarar
ORA-06550: línea 1, columna 7:
PL/SQL: Statement ignored
25/02/2021 14:57:10: [Método: Void HandleErrorHelper(Int32, Oracle.DataAccess.Client.OracleConnection, IntPtr, Oracle.DataAccess.Client.OpoSqlValCtx*, System.Object, System.String, Boolean, Int32, Oracle.DataAccess.Client.OracleLogicalTransaction), Línea: 0] - ORA-06550: línea 1, columna 53:
PLS-00302: el componente 'USP_SEL_LISTA_BUSQ_USUARIO' se debe declarar
ORA-06550: línea 1, columna 7:
PL/SQL: Statement ignored
25/02/2021 14:57:10: [Método: Void HandleError(Int32, Oracle.DataAccess.Client.OracleConnection, System.String, IntPtr, Oracle.DataAccess.Client.OpoSqlValCtx*, System.Object, Boolean, Oracle.DataAccess.Client.OracleLogicalTransaction), Línea: 0] - ORA-06550: línea 1, columna 53:
PLS-00302: el componente 'USP_SEL_LISTA_BUSQ_USUARIO' se debe declarar
ORA-06550: línea 1, columna 7:
PL/SQL: Statement ignored
25/02/2021 14:57:10: [Método: Oracle.DataAccess.Client.OracleDataReader ExecuteReader(Boolean, Boolean, System.Data.CommandBehavior), Línea: 0] - ORA-06550: línea 1, columna 53:
PLS-00302: el componente 'USP_SEL_LISTA_BUSQ_USUARIO' se debe declarar
ORA-06550: línea 1, columna 7:
PL/SQL: Statement ignored
25/02/2021 14:57:10: [Método: System.Data.Common.DbDataReader ExecuteDbDataReader(System.Data.CommandBehavior), Línea: 0] - ORA-06550: línea 1, columna 53:
PLS-00302: el componente 'USP_SEL_LISTA_BUSQ_USUARIO' se debe declarar
ORA-06550: línea 1, columna 7:
PL/SQL: Statement ignored
25/02/2021 14:57:10: [Método: System.Data.IDataReader System.Data.IDbCommand.ExecuteReader(System.Data.CommandBehavior), Línea: 0] - ORA-06550: línea 1, columna 53:
PLS-00302: el componente 'USP_SEL_LISTA_BUSQ_USUARIO' se debe declarar
ORA-06550: línea 1, columna 7:
PL/SQL: Statement ignored
25/02/2021 14:57:10: [Método: System.Data.IDataReader ExecuteReaderWithFlagsFallback(System.Data.IDbCommand, Boolean, System.Data.CommandBehavior), Línea: 0] - ORA-06550: línea 1, columna 53:
PLS-00302: el componente 'USP_SEL_LISTA_BUSQ_USUARIO' se debe declarar
ORA-06550: línea 1, columna 7:
PL/SQL: Statement ignored
25/02/2021 14:57:10: [Método: Boolean MoveNext(), Línea: 0] - ORA-06550: línea 1, columna 53:
PLS-00302: el componente 'USP_SEL_LISTA_BUSQ_USUARIO' se debe declarar
ORA-06550: línea 1, columna 7:
PL/SQL: Statement ignored
25/02/2021 14:57:10: [Método: Void .ctor(System.Collections.Generic.IEnumerable`1[T]), Línea: 0] - ORA-06550: línea 1, columna 53:
PLS-00302: el componente 'USP_SEL_LISTA_BUSQ_USUARIO' se debe declarar
ORA-06550: línea 1, columna 7:
PL/SQL: Statement ignored
25/02/2021 14:57:10: [Método: System.Collections.Generic.List`1[TSource] ToList[TSource](System.Collections.Generic.IEnumerable`1[TSource]), Línea: 0] - ORA-06550: línea 1, columna 53:
PLS-00302: el componente 'USP_SEL_LISTA_BUSQ_USUARIO' se debe declarar
ORA-06550: línea 1, columna 7:
PL/SQL: Statement ignored
25/02/2021 14:57:10: [Método: System.Collections.Generic.IEnumerable`1[T] Query[T](System.Data.IDbConnection, System.String, System.Object, System.Data.IDbTransaction, Boolean, System.Nullable`1[System.Int32], System.Nullable`1[System.Data.CommandType]), Línea: 0] - ORA-06550: línea 1, columna 53:
PLS-00302: el componente 'USP_SEL_LISTA_BUSQ_USUARIO' se debe declarar
ORA-06550: línea 1, columna 7:
PL/SQL: Statement ignored
25/02/2021 14:57:10: [Método: System.Collections.Generic.List`1[sres.be.UsuarioBE] BuscarUsuario(System.String, Int32, Int32, System.String, System.String, Oracle.DataAccess.Client.OracleConnection), Línea: 75] - ORA-06550: línea 1, columna 53:
PLS-00302: el componente 'USP_SEL_LISTA_BUSQ_USUARIO' se debe declarar
ORA-06550: línea 1, columna 7:
PL/SQL: Statement ignored
25/02/2021 15:01:26: [Método: Void HandleErrorHelper(Int32, Oracle.DataAccess.Client.OracleConnection, IntPtr, Oracle.DataAccess.Client.OpoSqlValCtx*, System.Object, System.String, Boolean, Int32, Oracle.DataAccess.Client.OracleLogicalTransaction), Línea: 0] - ORA-06550: línea 1, columna 53:
PLS-00302: el componente 'USP_SEL_LISTA_BUSQ_USUARIO' se debe declarar
ORA-06550: línea 1, columna 7:
PL/SQL: Statement ignored
25/02/2021 15:01:26: [Método: Void HandleError(Int32, Oracle.DataAccess.Client.OracleConnection, System.String, IntPtr, Oracle.DataAccess.Client.OpoSqlValCtx*, System.Object, Boolean, Oracle.DataAccess.Client.OracleLogicalTransaction), Línea: 0] - ORA-06550: línea 1, columna 53:
PLS-00302: el componente 'USP_SEL_LISTA_BUSQ_USUARIO' se debe declarar
ORA-06550: línea 1, columna 7:
PL/SQL: Statement ignored
25/02/2021 15:01:26: [Método: Oracle.DataAccess.Client.OracleDataReader ExecuteReader(Boolean, Boolean, System.Data.CommandBehavior), Línea: 0] - ORA-06550: línea 1, columna 53:
PLS-00302: el componente 'USP_SEL_LISTA_BUSQ_USUARIO' se debe declarar
ORA-06550: línea 1, columna 7:
PL/SQL: Statement ignored
25/02/2021 15:01:26: [Método: System.Data.Common.DbDataReader ExecuteDbDataReader(System.Data.CommandBehavior), Línea: 0] - ORA-06550: línea 1, columna 53:
PLS-00302: el componente 'USP_SEL_LISTA_BUSQ_USUARIO' se debe declarar
ORA-06550: línea 1, columna 7:
PL/SQL: Statement ignored
25/02/2021 15:01:26: [Método: System.Data.IDataReader System.Data.IDbCommand.ExecuteReader(System.Data.CommandBehavior), Línea: 0] - ORA-06550: línea 1, columna 53:
PLS-00302: el componente 'USP_SEL_LISTA_BUSQ_USUARIO' se debe declarar
ORA-06550: línea 1, columna 7:
PL/SQL: Statement ignored
25/02/2021 15:01:26: [Método: System.Data.IDataReader ExecuteReaderWithFlagsFallback(System.Data.IDbCommand, Boolean, System.Data.CommandBehavior), Línea: 0] - ORA-06550: línea 1, columna 53:
PLS-00302: el componente 'USP_SEL_LISTA_BUSQ_USUARIO' se debe declarar
ORA-06550: línea 1, columna 7:
PL/SQL: Statement ignored
25/02/2021 15:01:26: [Método: Boolean MoveNext(), Línea: 0] - ORA-06550: línea 1, columna 53:
PLS-00302: el componente 'USP_SEL_LISTA_BUSQ_USUARIO' se debe declarar
ORA-06550: línea 1, columna 7:
PL/SQL: Statement ignored
25/02/2021 15:01:26: [Método: Void .ctor(System.Collections.Generic.IEnumerable`1[T]), Línea: 0] - ORA-06550: línea 1, columna 53:
PLS-00302: el componente 'USP_SEL_LISTA_BUSQ_USUARIO' se debe declarar
ORA-06550: línea 1, columna 7:
PL/SQL: Statement ignored
25/02/2021 15:01:26: [Método: System.Collections.Generic.List`1[TSource] ToList[TSource](System.Collections.Generic.IEnumerable`1[TSource]), Línea: 0] - ORA-06550: línea 1, columna 53:
PLS-00302: el componente 'USP_SEL_LISTA_BUSQ_USUARIO' se debe declarar
ORA-06550: línea 1, columna 7:
PL/SQL: Statement ignored
25/02/2021 15:01:26: [Método: System.Collections.Generic.IEnumerable`1[T] Query[T](System.Data.IDbConnection, System.String, System.Object, System.Data.IDbTransaction, Boolean, System.Nullable`1[System.Int32], System.Nullable`1[System.Data.CommandType]), Línea: 0] - ORA-06550: línea 1, columna 53:
PLS-00302: el componente 'USP_SEL_LISTA_BUSQ_USUARIO' se debe declarar
ORA-06550: línea 1, columna 7:
PL/SQL: Statement ignored
25/02/2021 15:01:26: [Método: System.Collections.Generic.List`1[sres.be.UsuarioBE] BuscarUsuario(System.String, Int32, Int32, System.String, System.String, Oracle.DataAccess.Client.OracleConnection), Línea: 75] - ORA-06550: línea 1, columna 53:
PLS-00302: el componente 'USP_SEL_LISTA_BUSQ_USUARIO' se debe declarar
ORA-06550: línea 1, columna 7:
PL/SQL: Statement ignored
25/02/2021 15:01:26: [Método: Void HandleErrorHelper(Int32, Oracle.DataAccess.Client.OracleConnection, IntPtr, Oracle.DataAccess.Client.OpoSqlValCtx*, System.Object, System.String, Boolean, Int32, Oracle.DataAccess.Client.OracleLogicalTransaction), Línea: 0] - ORA-06550: línea 1, columna 53:
PLS-00302: el componente 'USP_SEL_LISTA_ROL_ESTADO' se debe declarar
ORA-06550: línea 1, columna 7:
PL/SQL: Statement ignored
25/02/2021 15:01:26: [Método: Void HandleError(Int32, Oracle.DataAccess.Client.OracleConnection, System.String, IntPtr, Oracle.DataAccess.Client.OpoSqlValCtx*, System.Object, Boolean, Oracle.DataAccess.Client.OracleLogicalTransaction), Línea: 0] - ORA-06550: línea 1, columna 53:
PLS-00302: el componente 'USP_SEL_LISTA_ROL_ESTADO' se debe declarar
ORA-06550: línea 1, columna 7:
PL/SQL: Statement ignored
25/02/2021 15:01:26: [Método: Oracle.DataAccess.Client.OracleDataReader ExecuteReader(Boolean, Boolean, System.Data.CommandBehavior), Línea: 0] - ORA-06550: línea 1, columna 53:
PLS-00302: el componente 'USP_SEL_LISTA_ROL_ESTADO' se debe declarar
ORA-06550: línea 1, columna 7:
PL/SQL: Statement ignored
25/02/2021 15:01:26: [Método: System.Data.Common.DbDataReader ExecuteDbDataReader(System.Data.CommandBehavior), Línea: 0] - ORA-06550: línea 1, columna 53:
PLS-00302: el componente 'USP_SEL_LISTA_ROL_ESTADO' se debe declarar
ORA-06550: línea 1, columna 7:
PL/SQL: Statement ignored
25/02/2021 15:01:26: [Método: System.Data.IDataReader System.Data.IDbCommand.ExecuteReader(System.Data.CommandBehavior), Línea: 0] - ORA-06550: línea 1, columna 53:
PLS-00302: el componente 'USP_SEL_LISTA_ROL_ESTADO' se debe declarar
ORA-06550: línea 1, columna 7:
PL/SQL: Statement ignored
25/02/2021 15:01:26: [Método: System.Data.IDataReader ExecuteReaderWithFlagsFallback(System.Data.IDbCommand, Boolean, System.Data.CommandBehavior), Línea: 0] - ORA-06550: línea 1, columna 53:
PLS-00302: el componente 'USP_SEL_LISTA_ROL_ESTADO' se debe declarar
ORA-06550: línea 1, columna 7:
PL/SQL: Statement ignored
25/02/2021 15:01:26: [Método: Boolean MoveNext(), Línea: 0] - ORA-06550: línea 1, columna 53:
PLS-00302: el componente 'USP_SEL_LISTA_ROL_ESTADO' se debe declarar
ORA-06550: línea 1, columna 7:
PL/SQL: Statement ignored
25/02/2021 15:01:26: [Método: Void .ctor(System.Collections.Generic.IEnumerable`1[T]), Línea: 0] - ORA-06550: línea 1, columna 53:
PLS-00302: el componente 'USP_SEL_LISTA_ROL_ESTADO' se debe declarar
ORA-06550: línea 1, columna 7:
PL/SQL: Statement ignored
25/02/2021 15:01:26: [Método: System.Collections.Generic.List`1[TSource] ToList[TSource](System.Collections.Generic.IEnumerable`1[TSource]), Línea: 0] - ORA-06550: línea 1, columna 53:
PLS-00302: el componente 'USP_SEL_LISTA_ROL_ESTADO' se debe declarar
ORA-06550: línea 1, columna 7:
PL/SQL: Statement ignored
25/02/2021 15:01:26: [Método: System.Collections.Generic.IEnumerable`1[T] Query[T](System.Data.IDbConnection, System.String, System.Object, System.Data.IDbTransaction, Boolean, System.Nullable`1[System.Int32], System.Nullable`1[System.Data.CommandType]), Línea: 0] - ORA-06550: línea 1, columna 53:
PLS-00302: el componente 'USP_SEL_LISTA_ROL_ESTADO' se debe declarar
ORA-06550: línea 1, columna 7:
PL/SQL: Statement ignored
25/02/2021 15:01:26: [Método: System.Collections.Generic.List`1[sres.be.RolBE] ListarRolPorEstado(System.String, Oracle.DataAccess.Client.OracleConnection), Línea: 111] - ORA-06550: línea 1, columna 53:
PLS-00302: el componente 'USP_SEL_LISTA_ROL_ESTADO' se debe declarar
ORA-06550: línea 1, columna 7:
PL/SQL: Statement ignored
25/02/2021 15:35:04: [Método: Void HandleErrorHelper(Int32, Oracle.DataAccess.Client.OracleConnection, IntPtr, Oracle.DataAccess.Client.OpoSqlValCtx*, System.Object, System.String, Boolean, Int32, Oracle.DataAccess.Client.OracleLogicalTransaction), Línea: 0] - ORA-06550: línea 1, columna 53:
PLS-00302: el componente 'USP_SEL_LISTA_ROL_ESTADO' se debe declarar
ORA-06550: línea 1, columna 7:
PL/SQL: Statement ignored
25/02/2021 15:35:04: [Método: Void HandleError(Int32, Oracle.DataAccess.Client.OracleConnection, System.String, IntPtr, Oracle.DataAccess.Client.OpoSqlValCtx*, System.Object, Boolean, Oracle.DataAccess.Client.OracleLogicalTransaction), Línea: 0] - ORA-06550: línea 1, columna 53:
PLS-00302: el componente 'USP_SEL_LISTA_ROL_ESTADO' se debe declarar
ORA-06550: línea 1, columna 7:
PL/SQL: Statement ignored
25/02/2021 15:35:04: [Método: Oracle.DataAccess.Client.OracleDataReader ExecuteReader(Boolean, Boolean, System.Data.CommandBehavior), Línea: 0] - ORA-06550: línea 1, columna 53:
PLS-00302: el componente 'USP_SEL_LISTA_ROL_ESTADO' se debe declarar
ORA-06550: línea 1, columna 7:
PL/SQL: Statement ignored
25/02/2021 15:35:04: [Método: System.Data.Common.DbDataReader ExecuteDbDataReader(System.Data.CommandBehavior), Línea: 0] - ORA-06550: línea 1, columna 53:
PLS-00302: el componente 'USP_SEL_LISTA_ROL_ESTADO' se debe declarar
ORA-06550: línea 1, columna 7:
PL/SQL: Statement ignored
25/02/2021 15:35:04: [Método: System.Data.IDataReader System.Data.IDbCommand.ExecuteReader(System.Data.CommandBehavior), Línea: 0] - ORA-06550: línea 1, columna 53:
PLS-00302: el componente 'USP_SEL_LISTA_ROL_ESTADO' se debe declarar
ORA-06550: línea 1, columna 7:
PL/SQL: Statement ignored
25/02/2021 15:35:04: [Método: System.Data.IDataReader ExecuteReaderWithFlagsFallback(System.Data.IDbCommand, Boolean, System.Data.CommandBehavior), Línea: 0] - ORA-06550: línea 1, columna 53:
PLS-00302: el componente 'USP_SEL_LISTA_ROL_ESTADO' se debe declarar
ORA-06550: línea 1, columna 7:
PL/SQL: Statement ignored
25/02/2021 15:35:04: [Método: Boolean MoveNext(), Línea: 0] - ORA-06550: línea 1, columna 53:
PLS-00302: el componente 'USP_SEL_LISTA_ROL_ESTADO' se debe declarar
ORA-06550: línea 1, columna 7:
PL/SQL: Statement ignored
25/02/2021 15:35:04: [Método: Void .ctor(System.Collections.Generic.IEnumerable`1[T]), Línea: 0] - ORA-06550: línea 1, columna 53:
PLS-00302: el componente 'USP_SEL_LISTA_ROL_ESTADO' se debe declarar
ORA-06550: línea 1, columna 7:
PL/SQL: Statement ignored
25/02/2021 15:35:04: [Método: System.Collections.Generic.List`1[TSource] ToList[TSource](System.Collections.Generic.IEnumerable`1[TSource]), Línea: 0] - ORA-06550: línea 1, columna 53:
PLS-00302: el componente 'USP_SEL_LISTA_ROL_ESTADO' se debe declarar
ORA-06550: línea 1, columna 7:
PL/SQL: Statement ignored
25/02/2021 15:35:04: [Método: System.Collections.Generic.IEnumerable`1[T] Query[T](System.Data.IDbConnection, System.String, System.Object, System.Data.IDbTransaction, Boolean, System.Nullable`1[System.Int32], System.Nullable`1[System.Data.CommandType]), Línea: 0] - ORA-06550: línea 1, columna 53:
PLS-00302: el componente 'USP_SEL_LISTA_ROL_ESTADO' se debe declarar
ORA-06550: línea 1, columna 7:
PL/SQL: Statement ignored
25/02/2021 15:35:04: [Método: System.Collections.Generic.List`1[sres.be.RolBE] ListarRolPorEstado(System.String, Oracle.DataAccess.Client.OracleConnection), Línea: 111] - ORA-06550: línea 1, columna 53:
PLS-00302: el componente 'USP_SEL_LISTA_ROL_ESTADO' se debe declarar
ORA-06550: línea 1, columna 7:
PL/SQL: Statement ignored
25/02/2021 15:40:14: [Método: Void HandleErrorHelper(Int32, Oracle.DataAccess.Client.OracleConnection, IntPtr, Oracle.DataAccess.Client.OpoSqlValCtx*, System.Object, System.String, Boolean, Int32, Oracle.DataAccess.Client.OracleLogicalTransaction), Línea: 0] - ORA-06550: línea 1, columna 53:
PLS-00302: el componente 'USP_SEL_LISTA_ROL_ESTADO' se debe declarar
ORA-06550: línea 1, columna 7:
PL/SQL: Statement ignored
25/02/2021 15:40:14: [Método: Void HandleError(Int32, Oracle.DataAccess.Client.OracleConnection, System.String, IntPtr, Oracle.DataAccess.Client.OpoSqlValCtx*, System.Object, Boolean, Oracle.DataAccess.Client.OracleLogicalTransaction), Línea: 0] - ORA-06550: línea 1, columna 53:
PLS-00302: el componente 'USP_SEL_LISTA_ROL_ESTADO' se debe declarar
ORA-06550: línea 1, columna 7:
PL/SQL: Statement ignored
25/02/2021 15:40:14: [Método: Oracle.DataAccess.Client.OracleDataReader ExecuteReader(Boolean, Boolean, System.Data.CommandBehavior), Línea: 0] - ORA-06550: línea 1, columna 53:
PLS-00302: el componente 'USP_SEL_LISTA_ROL_ESTADO' se debe declarar
ORA-06550: línea 1, columna 7:
PL/SQL: Statement ignored
25/02/2021 15:40:14: [Método: System.Data.Common.DbDataReader ExecuteDbDataReader(System.Data.CommandBehavior), Línea: 0] - ORA-06550: línea 1, columna 53:
PLS-00302: el componente 'USP_SEL_LISTA_ROL_ESTADO' se debe declarar
ORA-06550: línea 1, columna 7:
PL/SQL: Statement ignored
25/02/2021 15:40:14: [Método: System.Data.IDataReader System.Data.IDbCommand.ExecuteReader(System.Data.CommandBehavior), Línea: 0] - ORA-06550: línea 1, columna 53:
PLS-00302: el componente 'USP_SEL_LISTA_ROL_ESTADO' se debe declarar
ORA-06550: línea 1, columna 7:
PL/SQL: Statement ignored
25/02/2021 15:40:14: [Método: System.Data.IDataReader ExecuteReaderWithFlagsFallback(System.Data.IDbCommand, Boolean, System.Data.CommandBehavior), Línea: 0] - ORA-06550: línea 1, columna 53:
PLS-00302: el componente 'USP_SEL_LISTA_ROL_ESTADO' se debe declarar
ORA-06550: línea 1, columna 7:
PL/SQL: Statement ignored
25/02/2021 15:40:14: [Método: Boolean MoveNext(), Línea: 0] - ORA-06550: línea 1, columna 53:
PLS-00302: el componente 'USP_SEL_LISTA_ROL_ESTADO' se debe declarar
ORA-06550: línea 1, columna 7:
PL/SQL: Statement ignored
25/02/2021 15:40:14: [Método: Void .ctor(System.Collections.Generic.IEnumerable`1[T]), Línea: 0] - ORA-06550: línea 1, columna 53:
PLS-00302: el componente 'USP_SEL_LISTA_ROL_ESTADO' se debe declarar
ORA-06550: línea 1, columna 7:
PL/SQL: Statement ignored
25/02/2021 15:40:14: [Método: System.Collections.Generic.List`1[TSource] ToList[TSource](System.Collections.Generic.IEnumerable`1[TSource]), Línea: 0] - ORA-06550: línea 1, columna 53:
PLS-00302: el componente 'USP_SEL_LISTA_ROL_ESTADO' se debe declarar
ORA-06550: línea 1, columna 7:
PL/SQL: Statement ignored
25/02/2021 15:40:14: [Método: System.Collections.Generic.IEnumerable`1[T] Query[T](System.Data.IDbConnection, System.String, System.Object, System.Data.IDbTransaction, Boolean, System.Nullable`1[System.Int32], System.Nullable`1[System.Data.CommandType]), Línea: 0] - ORA-06550: línea 1, columna 53:
PLS-00302: el componente 'USP_SEL_LISTA_ROL_ESTADO' se debe declarar
ORA-06550: línea 1, columna 7:
PL/SQL: Statement ignored
25/02/2021 15:40:14: [Método: System.Collections.Generic.List`1[sres.be.RolBE] ListarRolPorEstado(System.String, Oracle.DataAccess.Client.OracleConnection), Línea: 111] - ORA-06550: línea 1, columna 53:
PLS-00302: el componente 'USP_SEL_LISTA_ROL_ESTADO' se debe declarar
ORA-06550: línea 1, columna 7:
PL/SQL: Statement ignored
25/02/2021 15:40:40: [Método: Void HandleErrorHelper(Int32, Oracle.DataAccess.Client.OracleConnection, IntPtr, Oracle.DataAccess.Client.OpoSqlValCtx*, System.Object, System.String, Boolean, Int32, Oracle.DataAccess.Client.OracleLogicalTransaction), Línea: 0] - ORA-06550: línea 1, columna 53:
PLS-00302: el componente 'USP_SEL_LISTA_ROL_ESTADO' se debe declarar
ORA-06550: línea 1, columna 7:
PL/SQL: Statement ignored
25/02/2021 15:40:40: [Método: Void HandleError(Int32, Oracle.DataAccess.Client.OracleConnection, System.String, IntPtr, Oracle.DataAccess.Client.OpoSqlValCtx*, System.Object, Boolean, Oracle.DataAccess.Client.OracleLogicalTransaction), Línea: 0] - ORA-06550: línea 1, columna 53:
PLS-00302: el componente 'USP_SEL_LISTA_ROL_ESTADO' se debe declarar
ORA-06550: línea 1, columna 7:
PL/SQL: Statement ignored
25/02/2021 15:40:40: [Método: Oracle.DataAccess.Client.OracleDataReader ExecuteReader(Boolean, Boolean, System.Data.CommandBehavior), Línea: 0] - ORA-06550: línea 1, columna 53:
PLS-00302: el componente 'USP_SEL_LISTA_ROL_ESTADO' se debe declarar
ORA-06550: línea 1, columna 7:
PL/SQL: Statement ignored
25/02/2021 15:40:40: [Método: System.Data.Common.DbDataReader ExecuteDbDataReader(System.Data.CommandBehavior), Línea: 0] - ORA-06550: línea 1, columna 53:
PLS-00302: el componente 'USP_SEL_LISTA_ROL_ESTADO' se debe declarar
ORA-06550: línea 1, columna 7:
PL/SQL: Statement ignored
25/02/2021 15:40:40: [Método: System.Data.IDataReader System.Data.IDbCommand.ExecuteReader(System.Data.CommandBehavior), Línea: 0] - ORA-06550: línea 1, columna 53:
PLS-00302: el componente 'USP_SEL_LISTA_ROL_ESTADO' se debe declarar
ORA-06550: línea 1, columna 7:
PL/SQL: Statement ignored
25/02/2021 15:40:40: [Método: System.Data.IDataReader ExecuteReaderWithFlagsFallback(System.Data.IDbCommand, Boolean, System.Data.CommandBehavior), Línea: 0] - ORA-06550: línea 1, columna 53:
PLS-00302: el componente 'USP_SEL_LISTA_ROL_ESTADO' se debe declarar
ORA-06550: línea 1, columna 7:
PL/SQL: Statement ignored
25/02/2021 15:40:40: [Método: Boolean MoveNext(), Línea: 0] - ORA-06550: línea 1, columna 53:
PLS-00302: el componente 'USP_SEL_LISTA_ROL_ESTADO' se debe declarar
ORA-06550: línea 1, columna 7:
PL/SQL: Statement ignored
25/02/2021 15:40:40: [Método: Void .ctor(System.Collections.Generic.IEnumerable`1[T]), Línea: 0] - ORA-06550: línea 1, columna 53:
PLS-00302: el componente 'USP_SEL_LISTA_ROL_ESTADO' se debe declarar
ORA-06550: línea 1, columna 7:
PL/SQL: Statement ignored
25/02/2021 15:40:40: [Método: System.Collections.Generic.List`1[TSource] ToList[TSource](System.Collections.Generic.IEnumerable`1[TSource]), Línea: 0] - ORA-06550: línea 1, columna 53:
PLS-00302: el componente 'USP_SEL_LISTA_ROL_ESTADO' se debe declarar
ORA-06550: línea 1, columna 7:
PL/SQL: Statement ignored
25/02/2021 15:40:40: [Método: System.Collections.Generic.IEnumerable`1[T] Query[T](System.Data.IDbConnection, System.String, System.Object, System.Data.IDbTransaction, Boolean, System.Nullable`1[System.Int32], System.Nullable`1[System.Data.CommandType]), Línea: 0] - ORA-06550: línea 1, columna 53:
PLS-00302: el componente 'USP_SEL_LISTA_ROL_ESTADO' se debe declarar
ORA-06550: línea 1, columna 7:
PL/SQL: Statement ignored
25/02/2021 15:40:40: [Método: System.Collections.Generic.List`1[sres.be.RolBE] ListarRolPorEstado(System.String, Oracle.DataAccess.Client.OracleConnection), Línea: 111] - ORA-06550: línea 1, columna 53:
PLS-00302: el componente 'USP_SEL_LISTA_ROL_ESTADO' se debe declarar
ORA-06550: línea 1, columna 7:
PL/SQL: Statement ignored
25/02/2021 15:42:14: [Método: Void HandleErrorHelper(Int32, Oracle.DataAccess.Client.OracleConnection, IntPtr, Oracle.DataAccess.Client.OpoSqlValCtx*, System.Object, System.String, Boolean, Int32, Oracle.DataAccess.Client.OracleLogicalTransaction), Línea: 0] - ORA-06550: línea 1, columna 53:
PLS-00302: el componente 'USP_SEL_LISTA_ROL_ESTADO' se debe declarar
ORA-06550: línea 1, columna 7:
PL/SQL: Statement ignored
25/02/2021 15:42:14: [Método: Void HandleError(Int32, Oracle.DataAccess.Client.OracleConnection, System.String, IntPtr, Oracle.DataAccess.Client.OpoSqlValCtx*, System.Object, Boolean, Oracle.DataAccess.Client.OracleLogicalTransaction), Línea: 0] - ORA-06550: línea 1, columna 53:
PLS-00302: el componente 'USP_SEL_LISTA_ROL_ESTADO' se debe declarar
ORA-06550: línea 1, columna 7:
PL/SQL: Statement ignored
25/02/2021 15:42:14: [Método: Oracle.DataAccess.Client.OracleDataReader ExecuteReader(Boolean, Boolean, System.Data.CommandBehavior), Línea: 0] - ORA-06550: línea 1, columna 53:
PLS-00302: el componente 'USP_SEL_LISTA_ROL_ESTADO' se debe declarar
ORA-06550: línea 1, columna 7:
PL/SQL: Statement ignored
25/02/2021 15:42:14: [Método: System.Data.Common.DbDataReader ExecuteDbDataReader(System.Data.CommandBehavior), Línea: 0] - ORA-06550: línea 1, columna 53:
PLS-00302: el componente 'USP_SEL_LISTA_ROL_ESTADO' se debe declarar
ORA-06550: línea 1, columna 7:
PL/SQL: Statement ignored
25/02/2021 15:42:14: [Método: System.Data.IDataReader System.Data.IDbCommand.ExecuteReader(System.Data.CommandBehavior), Línea: 0] - ORA-06550: línea 1, columna 53:
PLS-00302: el componente 'USP_SEL_LISTA_ROL_ESTADO' se debe declarar
ORA-06550: línea 1, columna 7:
PL/SQL: Statement ignored
25/02/2021 15:42:14: [Método: System.Data.IDataReader ExecuteReaderWithFlagsFallback(System.Data.IDbCommand, Boolean, System.Data.CommandBehavior), Línea: 0] - ORA-06550: línea 1, columna 53:
PLS-00302: el componente 'USP_SEL_LISTA_ROL_ESTADO' se debe declarar
ORA-06550: línea 1, columna 7:
PL/SQL: Statement ignored
25/02/2021 15:42:14: [Método: Boolean MoveNext(), Línea: 0] - ORA-06550: línea 1, columna 53:
PLS-00302: el componente 'USP_SEL_LISTA_ROL_ESTADO' se debe declarar
ORA-06550: línea 1, columna 7:
PL/SQL: Statement ignored
25/02/2021 15:42:14: [Método: Void .ctor(System.Collections.Generic.IEnumerable`1[T]), Línea: 0] - ORA-06550: línea 1, columna 53:
PLS-00302: el componente 'USP_SEL_LISTA_ROL_ESTADO' se debe declarar
ORA-06550: línea 1, columna 7:
PL/SQL: Statement ignored
25/02/2021 15:42:14: [Método: System.Collections.Generic.List`1[TSource] ToList[TSource](System.Collections.Generic.IEnumerable`1[TSource]), Línea: 0] - ORA-06550: línea 1, columna 53:
PLS-00302: el componente 'USP_SEL_LISTA_ROL_ESTADO' se debe declarar
ORA-06550: línea 1, columna 7:
PL/SQL: Statement ignored
25/02/2021 15:42:14: [Método: System.Collections.Generic.IEnumerable`1[T] Query[T](System.Data.IDbConnection, System.String, System.Object, System.Data.IDbTransaction, Boolean, System.Nullable`1[System.Int32], System.Nullable`1[System.Data.CommandType]), Línea: 0] - ORA-06550: línea 1, columna 53:
PLS-00302: el componente 'USP_SEL_LISTA_ROL_ESTADO' se debe declarar
ORA-06550: línea 1, columna 7:
PL/SQL: Statement ignored
25/02/2021 15:42:14: [Método: System.Collections.Generic.List`1[sres.be.RolBE] ListarRolPorEstado(System.String, Oracle.DataAccess.Client.OracleConnection), Línea: 111] - ORA-06550: línea 1, columna 53:
PLS-00302: el componente 'USP_SEL_LISTA_ROL_ESTADO' se debe declarar
ORA-06550: línea 1, columna 7:
PL/SQL: Statement ignored
25/02/2021 15:42:34: [Método: Void HandleErrorHelper(Int32, Oracle.DataAccess.Client.OracleConnection, IntPtr, Oracle.DataAccess.Client.OpoSqlValCtx*, System.Object, System.String, Boolean, Int32, Oracle.DataAccess.Client.OracleLogicalTransaction), Línea: 0] - ORA-06550: línea 1, columna 53:
PLS-00302: el componente 'USP_SEL_LISTA_ROL_ESTADO' se debe declarar
ORA-06550: línea 1, columna 7:
PL/SQL: Statement ignored
25/02/2021 15:42:34: [Método: Void HandleError(Int32, Oracle.DataAccess.Client.OracleConnection, System.String, IntPtr, Oracle.DataAccess.Client.OpoSqlValCtx*, System.Object, Boolean, Oracle.DataAccess.Client.OracleLogicalTransaction), Línea: 0] - ORA-06550: línea 1, columna 53:
PLS-00302: el componente 'USP_SEL_LISTA_ROL_ESTADO' se debe declarar
ORA-06550: línea 1, columna 7:
PL/SQL: Statement ignored
25/02/2021 15:42:34: [Método: Oracle.DataAccess.Client.OracleDataReader ExecuteReader(Boolean, Boolean, System.Data.CommandBehavior), Línea: 0] - ORA-06550: línea 1, columna 53:
PLS-00302: el componente 'USP_SEL_LISTA_ROL_ESTADO' se debe declarar
ORA-06550: línea 1, columna 7:
PL/SQL: Statement ignored
25/02/2021 15:42:34: [Método: System.Data.Common.DbDataReader ExecuteDbDataReader(System.Data.CommandBehavior), Línea: 0] - ORA-06550: línea 1, columna 53:
PLS-00302: el componente 'USP_SEL_LISTA_ROL_ESTADO' se debe declarar
ORA-06550: línea 1, columna 7:
PL/SQL: Statement ignored
25/02/2021 15:42:34: [Método: System.Data.IDataReader System.Data.IDbCommand.ExecuteReader(System.Data.CommandBehavior), Línea: 0] - ORA-06550: línea 1, columna 53:
PLS-00302: el componente 'USP_SEL_LISTA_ROL_ESTADO' se debe declarar
ORA-06550: línea 1, columna 7:
PL/SQL: Statement ignored
25/02/2021 15:42:34: [Método: System.Data.IDataReader ExecuteReaderWithFlagsFallback(System.Data.IDbCommand, Boolean, System.Data.CommandBehavior), Línea: 0] - ORA-06550: línea 1, columna 53:
PLS-00302: el componente 'USP_SEL_LISTA_ROL_ESTADO' se debe declarar
ORA-06550: línea 1, columna 7:
PL/SQL: Statement ignored
25/02/2021 15:42:34: [Método: Boolean MoveNext(), Línea: 0] - ORA-06550: línea 1, columna 53:
PLS-00302: el componente 'USP_SEL_LISTA_ROL_ESTADO' se debe declarar
ORA-06550: línea 1, columna 7:
PL/SQL: Statement ignored
25/02/2021 15:42:34: [Método: Void .ctor(System.Collections.Generic.IEnumerable`1[T]), Línea: 0] - ORA-06550: línea 1, columna 53:
PLS-00302: el componente 'USP_SEL_LISTA_ROL_ESTADO' se debe declarar
ORA-06550: línea 1, columna 7:
PL/SQL: Statement ignored
25/02/2021 15:42:34: [Método: System.Collections.Generic.List`1[TSource] ToList[TSource](System.Collections.Generic.IEnumerable`1[TSource]), Línea: 0] - ORA-06550: línea 1, columna 53:
PLS-00302: el componente 'USP_SEL_LISTA_ROL_ESTADO' se debe declarar
ORA-06550: línea 1, columna 7:
PL/SQL: Statement ignored
25/02/2021 15:42:34: [Método: System.Collections.Generic.IEnumerable`1[T] Query[T](System.Data.IDbConnection, System.String, System.Object, System.Data.IDbTransaction, Boolean, System.Nullable`1[System.Int32], System.Nullable`1[System.Data.CommandType]), Línea: 0] - ORA-06550: línea 1, columna 53:
PLS-00302: el componente 'USP_SEL_LISTA_ROL_ESTADO' se debe declarar
ORA-06550: línea 1, columna 7:
PL/SQL: Statement ignored
25/02/2021 15:42:34: [Método: System.Collections.Generic.List`1[sres.be.RolBE] ListarRolPorEstado(System.String, Oracle.DataAccess.Client.OracleConnection), Línea: 111] - ORA-06550: línea 1, columna 53:
PLS-00302: el componente 'USP_SEL_LISTA_ROL_ESTADO' se debe declarar
ORA-06550: línea 1, columna 7:
PL/SQL: Statement ignored
25/02/2021 15:42:51: [Método: Void HandleErrorHelper(Int32, Oracle.DataAccess.Client.OracleConnection, IntPtr, Oracle.DataAccess.Client.OpoSqlValCtx*, System.Object, System.String, Boolean, Int32, Oracle.DataAccess.Client.OracleLogicalTransaction), Línea: 0] - ORA-06550: línea 1, columna 53:
PLS-00302: el componente 'USP_SEL_LISTA_ROL_ESTADO' se debe declarar
ORA-06550: línea 1, columna 7:
PL/SQL: Statement ignored
25/02/2021 15:42:51: [Método: Void HandleError(Int32, Oracle.DataAccess.Client.OracleConnection, System.String, IntPtr, Oracle.DataAccess.Client.OpoSqlValCtx*, System.Object, Boolean, Oracle.DataAccess.Client.OracleLogicalTransaction), Línea: 0] - ORA-06550: línea 1, columna 53:
PLS-00302: el componente 'USP_SEL_LISTA_ROL_ESTADO' se debe declarar
ORA-06550: línea 1, columna 7:
PL/SQL: Statement ignored
25/02/2021 15:42:51: [Método: Oracle.DataAccess.Client.OracleDataReader ExecuteReader(Boolean, Boolean, System.Data.CommandBehavior), Línea: 0] - ORA-06550: línea 1, columna 53:
PLS-00302: el componente 'USP_SEL_LISTA_ROL_ESTADO' se debe declarar
ORA-06550: línea 1, columna 7:
PL/SQL: Statement ignored
25/02/2021 15:42:51: [Método: System.Data.Common.DbDataReader ExecuteDbDataReader(System.Data.CommandBehavior), Línea: 0] - ORA-06550: línea 1, columna 53:
PLS-00302: el componente 'USP_SEL_LISTA_ROL_ESTADO' se debe declarar
ORA-06550: línea 1, columna 7:
PL/SQL: Statement ignored
25/02/2021 15:42:51: [Método: System.Data.IDataReader System.Data.IDbCommand.ExecuteReader(System.Data.CommandBehavior), Línea: 0] - ORA-06550: línea 1, columna 53:
PLS-00302: el componente 'USP_SEL_LISTA_ROL_ESTADO' se debe declarar
ORA-06550: línea 1, columna 7:
PL/SQL: Statement ignored
25/02/2021 15:42:51: [Método: System.Data.IDataReader ExecuteReaderWithFlagsFallback(System.Data.IDbCommand, Boolean, System.Data.CommandBehavior), Línea: 0] - ORA-06550: línea 1, columna 53:
PLS-00302: el componente 'USP_SEL_LISTA_ROL_ESTADO' se debe declarar
ORA-06550: línea 1, columna 7:
PL/SQL: Statement ignored
25/02/2021 15:42:51: [Método: Boolean MoveNext(), Línea: 0] - ORA-06550: línea 1, columna 53:
PLS-00302: el componente 'USP_SEL_LISTA_ROL_ESTADO' se debe declarar
ORA-06550: línea 1, columna 7:
PL/SQL: Statement ignored
25/02/2021 15:42:51: [Método: Void .ctor(System.Collections.Generic.IEnumerable`1[T]), Línea: 0] - ORA-06550: línea 1, columna 53:
PLS-00302: el componente 'USP_SEL_LISTA_ROL_ESTADO' se debe declarar
ORA-06550: línea 1, columna 7:
PL/SQL: Statement ignored
25/02/2021 15:42:51: [Método: System.Collections.Generic.List`1[TSource] ToList[TSource](System.Collections.Generic.IEnumerable`1[TSource]), Línea: 0] - ORA-06550: línea 1, columna 53:
PLS-00302: el componente 'USP_SEL_LISTA_ROL_ESTADO' se debe declarar
ORA-06550: línea 1, columna 7:
PL/SQL: Statement ignored
25/02/2021 15:42:51: [Método: System.Collections.Generic.IEnumerable`1[T] Query[T](System.Data.IDbConnection, System.String, System.Object, System.Data.IDbTransaction, Boolean, System.Nullable`1[System.Int32], System.Nullable`1[System.Data.CommandType]), Línea: 0] - ORA-06550: línea 1, columna 53:
PLS-00302: el componente 'USP_SEL_LISTA_ROL_ESTADO' se debe declarar
ORA-06550: línea 1, columna 7:
PL/SQL: Statement ignored
25/02/2021 15:42:51: [Método: System.Collections.Generic.List`1[sres.be.RolBE] ListarRolPorEstado(System.String, Oracle.DataAccess.Client.OracleConnection), Línea: 111] - ORA-06550: línea 1, columna 53:
PLS-00302: el componente 'USP_SEL_LISTA_ROL_ESTADO' se debe declarar
ORA-06550: línea 1, columna 7:
PL/SQL: Statement ignored
25/02/2021 15:45:08: [Método: Void HandleErrorHelper(Int32, Oracle.DataAccess.Client.OracleConnection, IntPtr, Oracle.DataAccess.Client.OpoSqlValCtx*, System.Object, System.String, Boolean, Int32, Oracle.DataAccess.Client.OracleLogicalTransaction), Línea: 0] - ORA-06550: línea 1, columna 53:
PLS-00302: el componente 'USP_SEL_LISTA_ROL_ESTADO' se debe declarar
ORA-06550: línea 1, columna 7:
PL/SQL: Statement ignored
25/02/2021 15:45:08: [Método: Void HandleError(Int32, Oracle.DataAccess.Client.OracleConnection, System.String, IntPtr, Oracle.DataAccess.Client.OpoSqlValCtx*, System.Object, Boolean, Oracle.DataAccess.Client.OracleLogicalTransaction), Línea: 0] - ORA-06550: línea 1, columna 53:
PLS-00302: el componente 'USP_SEL_LISTA_ROL_ESTADO' se debe declarar
ORA-06550: línea 1, columna 7:
PL/SQL: Statement ignored
25/02/2021 15:45:08: [Método: Oracle.DataAccess.Client.OracleDataReader ExecuteReader(Boolean, Boolean, System.Data.CommandBehavior), Línea: 0] - ORA-06550: línea 1, columna 53:
PLS-00302: el componente 'USP_SEL_LISTA_ROL_ESTADO' se debe declarar
ORA-06550: línea 1, columna 7:
PL/SQL: Statement ignored
25/02/2021 15:45:08: [Método: System.Data.Common.DbDataReader ExecuteDbDataReader(System.Data.CommandBehavior), Línea: 0] - ORA-06550: línea 1, columna 53:
PLS-00302: el componente 'USP_SEL_LISTA_ROL_ESTADO' se debe declarar
ORA-06550: línea 1, columna 7:
PL/SQL: Statement ignored
25/02/2021 15:45:08: [Método: System.Data.IDataReader System.Data.IDbCommand.ExecuteReader(System.Data.CommandBehavior), Línea: 0] - ORA-06550: línea 1, columna 53:
PLS-00302: el componente 'USP_SEL_LISTA_ROL_ESTADO' se debe declarar
ORA-06550: línea 1, columna 7:
PL/SQL: Statement ignored
25/02/2021 15:45:08: [Método: System.Data.IDataReader ExecuteReaderWithFlagsFallback(System.Data.IDbCommand, Boolean, System.Data.CommandBehavior), Línea: 0] - ORA-06550: línea 1, columna 53:
PLS-00302: el componente 'USP_SEL_LISTA_ROL_ESTADO' se debe declarar
ORA-06550: línea 1, columna 7:
PL/SQL: Statement ignored
25/02/2021 15:45:08: [Método: Boolean MoveNext(), Línea: 0] - ORA-06550: línea 1, columna 53:
PLS-00302: el componente 'USP_SEL_LISTA_ROL_ESTADO' se debe declarar
ORA-06550: línea 1, columna 7:
PL/SQL: Statement ignored
25/02/2021 15:45:08: [Método: Void .ctor(System.Collections.Generic.IEnumerable`1[T]), Línea: 0] - ORA-06550: línea 1, columna 53:
PLS-00302: el componente 'USP_SEL_LISTA_ROL_ESTADO' se debe declarar
ORA-06550: línea 1, columna 7:
PL/SQL: Statement ignored
25/02/2021 15:45:08: [Método: System.Collections.Generic.List`1[TSource] ToList[TSource](System.Collections.Generic.IEnumerable`1[TSource]), Línea: 0] - ORA-06550: línea 1, columna 53:
PLS-00302: el componente 'USP_SEL_LISTA_ROL_ESTADO' se debe declarar
ORA-06550: línea 1, columna 7:
PL/SQL: Statement ignored
25/02/2021 15:45:08: [Método: System.Collections.Generic.IEnumerable`1[T] Query[T](System.Data.IDbConnection, System.String, System.Object, System.Data.IDbTransaction, Boolean, System.Nullable`1[System.Int32], System.Nullable`1[System.Data.CommandType]), Línea: 0] - ORA-06550: línea 1, columna 53:
PLS-00302: el componente 'USP_SEL_LISTA_ROL_ESTADO' se debe declarar
ORA-06550: línea 1, columna 7:
PL/SQL: Statement ignored
25/02/2021 15:45:08: [Método: System.Collections.Generic.List`1[sres.be.RolBE] ListarRolPorEstado(System.String, Oracle.DataAccess.Client.OracleConnection), Línea: 111] - ORA-06550: línea 1, columna 53:
PLS-00302: el componente 'USP_SEL_LISTA_ROL_ESTADO' se debe declarar
ORA-06550: línea 1, columna 7:
PL/SQL: Statement ignored
25/02/2021 16:07:10: [Método: Void HandleErrorHelper(Int32, Oracle.DataAccess.Client.OracleConnection, IntPtr, Oracle.DataAccess.Client.OpoSqlValCtx*, System.Object, System.String, Boolean, Int32, Oracle.DataAccess.Client.OracleLogicalTransaction), Línea: 0] - ORA-06550: línea 1, columna 53:
PLS-00302: el componente 'USP_SEL_LISTA_ROL_ESTADO' se debe declarar
ORA-06550: línea 1, columna 7:
PL/SQL: Statement ignored
25/02/2021 16:07:10: [Método: Void HandleError(Int32, Oracle.DataAccess.Client.OracleConnection, System.String, IntPtr, Oracle.DataAccess.Client.OpoSqlValCtx*, System.Object, Boolean, Oracle.DataAccess.Client.OracleLogicalTransaction), Línea: 0] - ORA-06550: línea 1, columna 53:
PLS-00302: el componente 'USP_SEL_LISTA_ROL_ESTADO' se debe declarar
ORA-06550: línea 1, columna 7:
PL/SQL: Statement ignored
25/02/2021 16:07:10: [Método: Oracle.DataAccess.Client.OracleDataReader ExecuteReader(Boolean, Boolean, System.Data.CommandBehavior), Línea: 0] - ORA-06550: línea 1, columna 53:
PLS-00302: el componente 'USP_SEL_LISTA_ROL_ESTADO' se debe declarar
ORA-06550: línea 1, columna 7:
PL/SQL: Statement ignored
25/02/2021 16:07:10: [Método: System.Data.Common.DbDataReader ExecuteDbDataReader(System.Data.CommandBehavior), Línea: 0] - ORA-06550: línea 1, columna 53:
PLS-00302: el componente 'USP_SEL_LISTA_ROL_ESTADO' se debe declarar
ORA-06550: línea 1, columna 7:
PL/SQL: Statement ignored
25/02/2021 16:07:10: [Método: System.Data.IDataReader System.Data.IDbCommand.ExecuteReader(System.Data.CommandBehavior), Línea: 0] - ORA-06550: línea 1, columna 53:
PLS-00302: el componente 'USP_SEL_LISTA_ROL_ESTADO' se debe declarar
ORA-06550: línea 1, columna 7:
PL/SQL: Statement ignored
25/02/2021 16:07:10: [Método: System.Data.IDataReader ExecuteReaderWithFlagsFallback(System.Data.IDbCommand, Boolean, System.Data.CommandBehavior), Línea: 0] - ORA-06550: línea 1, columna 53:
PLS-00302: el componente 'USP_SEL_LISTA_ROL_ESTADO' se debe declarar
ORA-06550: línea 1, columna 7:
PL/SQL: Statement ignored
25/02/2021 16:07:10: [Método: Boolean MoveNext(), Línea: 0] - ORA-06550: línea 1, columna 53:
PLS-00302: el componente 'USP_SEL_LISTA_ROL_ESTADO' se debe declarar
ORA-06550: línea 1, columna 7:
PL/SQL: Statement ignored
25/02/2021 16:07:10: [Método: Void .ctor(System.Collections.Generic.IEnumerable`1[T]), Línea: 0] - ORA-06550: línea 1, columna 53:
PLS-00302: el componente 'USP_SEL_LISTA_ROL_ESTADO' se debe declarar
ORA-06550: línea 1, columna 7:
PL/SQL: Statement ignored
25/02/2021 16:07:10: [Método: System.Collections.Generic.List`1[TSource] ToList[TSource](System.Collections.Generic.IEnumerable`1[TSource]), Línea: 0] - ORA-06550: línea 1, columna 53:
PLS-00302: el componente 'USP_SEL_LISTA_ROL_ESTADO' se debe declarar
ORA-06550: línea 1, columna 7:
PL/SQL: Statement ignored
25/02/2021 16:07:10: [Método: System.Collections.Generic.IEnumerable`1[T] Query[T](System.Data.IDbConnection, System.String, System.Object, System.Data.IDbTransaction, Boolean, System.Nullable`1[System.Int32], System.Nullable`1[System.Data.CommandType]), Línea: 0] - ORA-06550: línea 1, columna 53:
PLS-00302: el componente 'USP_SEL_LISTA_ROL_ESTADO' se debe declarar
ORA-06550: línea 1, columna 7:
PL/SQL: Statement ignored
25/02/2021 16:07:10: [Método: System.Collections.Generic.List`1[sres.be.RolBE] ListarRolPorEstado(System.String, Oracle.DataAccess.Client.OracleConnection), Línea: 111] - ORA-06550: línea 1, columna 53:
PLS-00302: el componente 'USP_SEL_LISTA_ROL_ESTADO' se debe declarar
ORA-06550: línea 1, columna 7:
PL/SQL: Statement ignored
25/02/2021 16:19:18: [Método: Void HandleErrorHelper(Int32, Oracle.DataAccess.Client.OracleConnection, IntPtr, Oracle.DataAccess.Client.OpoSqlValCtx*, System.Object, System.String, Boolean, Int32, Oracle.DataAccess.Client.OracleLogicalTransaction), Línea: 0] - ORA-06550: línea 1, columna 53:
PLS-00302: el componente 'USP_SEL_LISTA_ROL_ESTADO' se debe declarar
ORA-06550: línea 1, columna 7:
PL/SQL: Statement ignored
25/02/2021 16:19:18: [Método: Void HandleError(Int32, Oracle.DataAccess.Client.OracleConnection, System.String, IntPtr, Oracle.DataAccess.Client.OpoSqlValCtx*, System.Object, Boolean, Oracle.DataAccess.Client.OracleLogicalTransaction), Línea: 0] - ORA-06550: línea 1, columna 53:
PLS-00302: el componente 'USP_SEL_LISTA_ROL_ESTADO' se debe declarar
ORA-06550: línea 1, columna 7:
PL/SQL: Statement ignored
25/02/2021 16:19:18: [Método: Oracle.DataAccess.Client.OracleDataReader ExecuteReader(Boolean, Boolean, System.Data.CommandBehavior), Línea: 0] - ORA-06550: línea 1, columna 53:
PLS-00302: el componente 'USP_SEL_LISTA_ROL_ESTADO' se debe declarar
ORA-06550: línea 1, columna 7:
PL/SQL: Statement ignored
25/02/2021 16:19:18: [Método: System.Data.Common.DbDataReader ExecuteDbDataReader(System.Data.CommandBehavior), Línea: 0] - ORA-06550: línea 1, columna 53:
PLS-00302: el componente 'USP_SEL_LISTA_ROL_ESTADO' se debe declarar
ORA-06550: línea 1, columna 7:
PL/SQL: Statement ignored
25/02/2021 16:19:18: [Método: System.Data.IDataReader System.Data.IDbCommand.ExecuteReader(System.Data.CommandBehavior), Línea: 0] - ORA-06550: línea 1, columna 53:
PLS-00302: el componente 'USP_SEL_LISTA_ROL_ESTADO' se debe declarar
ORA-06550: línea 1, columna 7:
PL/SQL: Statement ignored
25/02/2021 16:19:18: [Método: System.Data.IDataReader ExecuteReaderWithFlagsFallback(System.Data.IDbCommand, Boolean, System.Data.CommandBehavior), Línea: 0] - ORA-06550: línea 1, columna 53:
PLS-00302: el componente 'USP_SEL_LISTA_ROL_ESTADO' se debe declarar
ORA-06550: línea 1, columna 7:
PL/SQL: Statement ignored
25/02/2021 16:19:18: [Método: Boolean MoveNext(), Línea: 0] - ORA-06550: línea 1, columna 53:
PLS-00302: el componente 'USP_SEL_LISTA_ROL_ESTADO' se debe declarar
ORA-06550: línea 1, columna 7:
PL/SQL: Statement ignored
25/02/2021 16:19:18: [Método: Void .ctor(System.Collections.Generic.IEnumerable`1[T]), Línea: 0] - ORA-06550: línea 1, columna 53:
PLS-00302: el componente 'USP_SEL_LISTA_ROL_ESTADO' se debe declarar
ORA-06550: línea 1, columna 7:
PL/SQL: Statement ignored
25/02/2021 16:19:18: [Método: System.Collections.Generic.List`1[TSource] ToList[TSource](System.Collections.Generic.IEnumerable`1[TSource]), Línea: 0] - ORA-06550: línea 1, columna 53:
PLS-00302: el componente 'USP_SEL_LISTA_ROL_ESTADO' se debe declarar
ORA-06550: línea 1, columna 7:
PL/SQL: Statement ignored
25/02/2021 16:19:18: [Método: System.Collections.Generic.IEnumerable`1[T] Query[T](System.Data.IDbConnection, System.String, System.Object, System.Data.IDbTransaction, Boolean, System.Nullable`1[System.Int32], System.Nullable`1[System.Data.CommandType]), Línea: 0] - ORA-06550: línea 1, columna 53:
PLS-00302: el componente 'USP_SEL_LISTA_ROL_ESTADO' se debe declarar
ORA-06550: línea 1, columna 7:
PL/SQL: Statement ignored
25/02/2021 16:19:18: [Método: System.Collections.Generic.List`1[sres.be.RolBE] ListarRolPorEstado(System.String, Oracle.DataAccess.Client.OracleConnection), Línea: 111] - ORA-06550: línea 1, columna 53:
PLS-00302: el componente 'USP_SEL_LISTA_ROL_ESTADO' se debe declarar
ORA-06550: línea 1, columna 7:
PL/SQL: Statement ignored
25/02/2021 16:25:18: [Método: Void HandleErrorHelper(Int32, Oracle.DataAccess.Client.OracleConnection, IntPtr, Oracle.DataAccess.Client.OpoSqlValCtx*, System.Object, System.String, Boolean, Int32, Oracle.DataAccess.Client.OracleLogicalTransaction), Línea: 0] - ORA-06550: línea 1, columna 53:
PLS-00302: el componente 'USP_SEL_LISTA_ROL_ESTADO' se debe declarar
ORA-06550: línea 1, columna 7:
PL/SQL: Statement ignored
25/02/2021 16:25:18: [Método: Void HandleError(Int32, Oracle.DataAccess.Client.OracleConnection, System.String, IntPtr, Oracle.DataAccess.Client.OpoSqlValCtx*, System.Object, Boolean, Oracle.DataAccess.Client.OracleLogicalTransaction), Línea: 0] - ORA-06550: línea 1, columna 53:
PLS-00302: el componente 'USP_SEL_LISTA_ROL_ESTADO' se debe declarar
ORA-06550: línea 1, columna 7:
PL/SQL: Statement ignored
25/02/2021 16:25:18: [Método: Oracle.DataAccess.Client.OracleDataReader ExecuteReader(Boolean, Boolean, System.Data.CommandBehavior), Línea: 0] - ORA-06550: línea 1, columna 53:
PLS-00302: el componente 'USP_SEL_LISTA_ROL_ESTADO' se debe declarar
ORA-06550: línea 1, columna 7:
PL/SQL: Statement ignored
25/02/2021 16:25:18: [Método: System.Data.Common.DbDataReader ExecuteDbDataReader(System.Data.CommandBehavior), Línea: 0] - ORA-06550: línea 1, columna 53:
PLS-00302: el componente 'USP_SEL_LISTA_ROL_ESTADO' se debe declarar
ORA-06550: línea 1, columna 7:
PL/SQL: Statement ignored
25/02/2021 16:25:18: [Método: System.Data.IDataReader System.Data.IDbCommand.ExecuteReader(System.Data.CommandBehavior), Línea: 0] - ORA-06550: línea 1, columna 53:
PLS-00302: el componente 'USP_SEL_LISTA_ROL_ESTADO' se debe declarar
ORA-06550: línea 1, columna 7:
PL/SQL: Statement ignored
25/02/2021 16:25:18: [Método: System.Data.IDataReader ExecuteReaderWithFlagsFallback(System.Data.IDbCommand, Boolean, System.Data.CommandBehavior), Línea: 0] - ORA-06550: línea 1, columna 53:
PLS-00302: el componente 'USP_SEL_LISTA_ROL_ESTADO' se debe declarar
ORA-06550: línea 1, columna 7:
PL/SQL: Statement ignored
25/02/2021 16:25:18: [Método: Boolean MoveNext(), Línea: 0] - ORA-06550: línea 1, columna 53:
PLS-00302: el componente 'USP_SEL_LISTA_ROL_ESTADO' se debe declarar
ORA-06550: línea 1, columna 7:
PL/SQL: Statement ignored
25/02/2021 16:25:18: [Método: Void .ctor(System.Collections.Generic.IEnumerable`1[T]), Línea: 0] - ORA-06550: línea 1, columna 53:
PLS-00302: el componente 'USP_SEL_LISTA_ROL_ESTADO' se debe declarar
ORA-06550: línea 1, columna 7:
PL/SQL: Statement ignored
25/02/2021 16:25:18: [Método: System.Collections.Generic.List`1[TSource] ToList[TSource](System.Collections.Generic.IEnumerable`1[TSource]), Línea: 0] - ORA-06550: línea 1, columna 53:
PLS-00302: el componente 'USP_SEL_LISTA_ROL_ESTADO' se debe declarar
ORA-06550: línea 1, columna 7:
PL/SQL: Statement ignored
25/02/2021 16:25:18: [Método: System.Collections.Generic.IEnumerable`1[T] Query[T](System.Data.IDbConnection, System.String, System.Object, System.Data.IDbTransaction, Boolean, System.Nullable`1[System.Int32], System.Nullable`1[System.Data.CommandType]), Línea: 0] - ORA-06550: línea 1, columna 53:
PLS-00302: el componente 'USP_SEL_LISTA_ROL_ESTADO' se debe declarar
ORA-06550: línea 1, columna 7:
PL/SQL: Statement ignored
25/02/2021 16:25:18: [Método: System.Collections.Generic.List`1[sres.be.RolBE] ListarRolPorEstado(System.String, Oracle.DataAccess.Client.OracleConnection), Línea: 111] - ORA-06550: línea 1, columna 53:
PLS-00302: el componente 'USP_SEL_LISTA_ROL_ESTADO' se debe declarar
ORA-06550: línea 1, columna 7:
PL/SQL: Statement ignored
25/02/2021 16:25:39: [Método: Void HandleErrorHelper(Int32, Oracle.DataAccess.Client.OracleConnection, IntPtr, Oracle.DataAccess.Client.OpoSqlValCtx*, System.Object, System.String, Boolean, Int32, Oracle.DataAccess.Client.OracleLogicalTransaction), Línea: 0] - ORA-06550: línea 1, columna 53:
PLS-00302: el componente 'USP_SEL_LISTA_ROL_ESTADO' se debe declarar
ORA-06550: línea 1, columna 7:
PL/SQL: Statement ignored
25/02/2021 16:25:39: [Método: Void HandleError(Int32, Oracle.DataAccess.Client.OracleConnection, System.String, IntPtr, Oracle.DataAccess.Client.OpoSqlValCtx*, System.Object, Boolean, Oracle.DataAccess.Client.OracleLogicalTransaction), Línea: 0] - ORA-06550: línea 1, columna 53:
PLS-00302: el componente 'USP_SEL_LISTA_ROL_ESTADO' se debe declarar
ORA-06550: línea 1, columna 7:
PL/SQL: Statement ignored
25/02/2021 16:25:39: [Método: Oracle.DataAccess.Client.OracleDataReader ExecuteReader(Boolean, Boolean, System.Data.CommandBehavior), Línea: 0] - ORA-06550: línea 1, columna 53:
PLS-00302: el componente 'USP_SEL_LISTA_ROL_ESTADO' se debe declarar
ORA-06550: línea 1, columna 7:
PL/SQL: Statement ignored
25/02/2021 16:25:39: [Método: System.Data.Common.DbDataReader ExecuteDbDataReader(System.Data.CommandBehavior), Línea: 0] - ORA-06550: línea 1, columna 53:
PLS-00302: el componente 'USP_SEL_LISTA_ROL_ESTADO' se debe declarar
ORA-06550: línea 1, columna 7:
PL/SQL: Statement ignored
25/02/2021 16:25:39: [Método: System.Data.IDataReader System.Data.IDbCommand.ExecuteReader(System.Data.CommandBehavior), Línea: 0] - ORA-06550: línea 1, columna 53:
PLS-00302: el componente 'USP_SEL_LISTA_ROL_ESTADO' se debe declarar
ORA-06550: línea 1, columna 7:
PL/SQL: Statement ignored
25/02/2021 16:25:39: [Método: System.Data.IDataReader ExecuteReaderWithFlagsFallback(System.Data.IDbCommand, Boolean, System.Data.CommandBehavior), Línea: 0] - ORA-06550: línea 1, columna 53:
PLS-00302: el componente 'USP_SEL_LISTA_ROL_ESTADO' se debe declarar
ORA-06550: línea 1, columna 7:
PL/SQL: Statement ignored
25/02/2021 16:25:39: [Método: Boolean MoveNext(), Línea: 0] - ORA-06550: línea 1, columna 53:
PLS-00302: el componente 'USP_SEL_LISTA_ROL_ESTADO' se debe declarar
ORA-06550: línea 1, columna 7:
PL/SQL: Statement ignored
25/02/2021 16:25:39: [Método: Void .ctor(System.Collections.Generic.IEnumerable`1[T]), Línea: 0] - ORA-06550: línea 1, columna 53:
PLS-00302: el componente 'USP_SEL_LISTA_ROL_ESTADO' se debe declarar
ORA-06550: línea 1, columna 7:
PL/SQL: Statement ignored
25/02/2021 16:25:39: [Método: System.Collections.Generic.List`1[TSource] ToList[TSource](System.Collections.Generic.IEnumerable`1[TSource]), Línea: 0] - ORA-06550: línea 1, columna 53:
PLS-00302: el componente 'USP_SEL_LISTA_ROL_ESTADO' se debe declarar
ORA-06550: línea 1, columna 7:
PL/SQL: Statement ignored
25/02/2021 16:25:39: [Método: System.Collections.Generic.IEnumerable`1[T] Query[T](System.Data.IDbConnection, System.String, System.Object, System.Data.IDbTransaction, Boolean, System.Nullable`1[System.Int32], System.Nullable`1[System.Data.CommandType]), Línea: 0] - ORA-06550: línea 1, columna 53:
PLS-00302: el componente 'USP_SEL_LISTA_ROL_ESTADO' se debe declarar
ORA-06550: línea 1, columna 7:
PL/SQL: Statement ignored
25/02/2021 16:25:39: [Método: System.Collections.Generic.List`1[sres.be.RolBE] ListarRolPorEstado(System.String, Oracle.DataAccess.Client.OracleConnection), Línea: 111] - ORA-06550: línea 1, columna 53:
PLS-00302: el componente 'USP_SEL_LISTA_ROL_ESTADO' se debe declarar
ORA-06550: línea 1, columna 7:
PL/SQL: Statement ignored
25/02/2021 16:37:28: [Método: Void HandleErrorHelper(Int32, Oracle.DataAccess.Client.OracleConnection, IntPtr, Oracle.DataAccess.Client.OpoSqlValCtx*, System.Object, System.String, Boolean, Int32, Oracle.DataAccess.Client.OracleLogicalTransaction), Línea: 0] - ORA-06550: línea 1, columna 53:
PLS-00302: el componente 'USP_SEL_LISTA_ROL_ESTADO' se debe declarar
ORA-06550: línea 1, columna 7:
PL/SQL: Statement ignored
25/02/2021 16:37:28: [Método: Void HandleError(Int32, Oracle.DataAccess.Client.OracleConnection, System.String, IntPtr, Oracle.DataAccess.Client.OpoSqlValCtx*, System.Object, Boolean, Oracle.DataAccess.Client.OracleLogicalTransaction), Línea: 0] - ORA-06550: línea 1, columna 53:
PLS-00302: el componente 'USP_SEL_LISTA_ROL_ESTADO' se debe declarar
ORA-06550: línea 1, columna 7:
PL/SQL: Statement ignored
25/02/2021 16:37:28: [Método: Oracle.DataAccess.Client.OracleDataReader ExecuteReader(Boolean, Boolean, System.Data.CommandBehavior), Línea: 0] - ORA-06550: línea 1, columna 53:
PLS-00302: el componente 'USP_SEL_LISTA_ROL_ESTADO' se debe declarar
ORA-06550: línea 1, columna 7:
PL/SQL: Statement ignored
25/02/2021 16:37:28: [Método: System.Data.Common.DbDataReader ExecuteDbDataReader(System.Data.CommandBehavior), Línea: 0] - ORA-06550: línea 1, columna 53:
PLS-00302: el componente 'USP_SEL_LISTA_ROL_ESTADO' se debe declarar
ORA-06550: línea 1, columna 7:
PL/SQL: Statement ignored
25/02/2021 16:37:28: [Método: System.Data.IDataReader System.Data.IDbCommand.ExecuteReader(System.Data.CommandBehavior), Línea: 0] - ORA-06550: línea 1, columna 53:
PLS-00302: el componente 'USP_SEL_LISTA_ROL_ESTADO' se debe declarar
ORA-06550: línea 1, columna 7:
PL/SQL: Statement ignored
25/02/2021 16:37:28: [Método: System.Data.IDataReader ExecuteReaderWithFlagsFallback(System.Data.IDbCommand, Boolean, System.Data.CommandBehavior), Línea: 0] - ORA-06550: línea 1, columna 53:
PLS-00302: el componente 'USP_SEL_LISTA_ROL_ESTADO' se debe declarar
ORA-06550: línea 1, columna 7:
PL/SQL: Statement ignored
25/02/2021 16:37:28: [Método: Boolean MoveNext(), Línea: 0] - ORA-06550: línea 1, columna 53:
PLS-00302: el componente 'USP_SEL_LISTA_ROL_ESTADO' se debe declarar
ORA-06550: línea 1, columna 7:
PL/SQL: Statement ignored
25/02/2021 16:37:28: [Método: Void .ctor(System.Collections.Generic.IEnumerable`1[T]), Línea: 0] - ORA-06550: línea 1, columna 53:
PLS-00302: el componente 'USP_SEL_LISTA_ROL_ESTADO' se debe declarar
ORA-06550: línea 1, columna 7:
PL/SQL: Statement ignored
25/02/2021 16:37:28: [Método: System.Collections.Generic.List`1[TSource] ToList[TSource](System.Collections.Generic.IEnumerable`1[TSource]), Línea: 0] - ORA-06550: línea 1, columna 53:
PLS-00302: el componente 'USP_SEL_LISTA_ROL_ESTADO' se debe declarar
ORA-06550: línea 1, columna 7:
PL/SQL: Statement ignored
25/02/2021 16:37:28: [Método: System.Collections.Generic.IEnumerable`1[T] Query[T](System.Data.IDbConnection, System.String, System.Object, System.Data.IDbTransaction, Boolean, System.Nullable`1[System.Int32], System.Nullable`1[System.Data.CommandType]), Línea: 0] - ORA-06550: línea 1, columna 53:
PLS-00302: el componente 'USP_SEL_LISTA_ROL_ESTADO' se debe declarar
ORA-06550: línea 1, columna 7:
PL/SQL: Statement ignored
25/02/2021 16:37:28: [Método: System.Collections.Generic.List`1[sres.be.RolBE] ListarRolPorEstado(System.String, Oracle.DataAccess.Client.OracleConnection), Línea: 111] - ORA-06550: línea 1, columna 53:
PLS-00302: el componente 'USP_SEL_LISTA_ROL_ESTADO' se debe declarar
ORA-06550: línea 1, columna 7:
PL/SQL: Statement ignored
25/02/2021 16:41:30: [Método: Void HandleErrorHelper(Int32, Oracle.DataAccess.Client.OracleConnection, IntPtr, Oracle.DataAccess.Client.OpoSqlValCtx*, System.Object, System.String, Boolean, Int32, Oracle.DataAccess.Client.OracleLogicalTransaction), Línea: 0] - ORA-06550: línea 1, columna 53:
PLS-00302: el componente 'USP_SEL_LISTA_ROL_ESTADO' se debe declarar
ORA-06550: línea 1, columna 7:
PL/SQL: Statement ignored
25/02/2021 16:41:30: [Método: Void HandleError(Int32, Oracle.DataAccess.Client.OracleConnection, System.String, IntPtr, Oracle.DataAccess.Client.OpoSqlValCtx*, System.Object, Boolean, Oracle.DataAccess.Client.OracleLogicalTransaction), Línea: 0] - ORA-06550: línea 1, columna 53:
PLS-00302: el componente 'USP_SEL_LISTA_ROL_ESTADO' se debe declarar
ORA-06550: línea 1, columna 7:
PL/SQL: Statement ignored
25/02/2021 16:41:30: [Método: Oracle.DataAccess.Client.OracleDataReader ExecuteReader(Boolean, Boolean, System.Data.CommandBehavior), Línea: 0] - ORA-06550: línea 1, columna 53:
PLS-00302: el componente 'USP_SEL_LISTA_ROL_ESTADO' se debe declarar
ORA-06550: línea 1, columna 7:
PL/SQL: Statement ignored
25/02/2021 16:41:30: [Método: System.Data.Common.DbDataReader ExecuteDbDataReader(System.Data.CommandBehavior), Línea: 0] - ORA-06550: línea 1, columna 53:
PLS-00302: el componente 'USP_SEL_LISTA_ROL_ESTADO' se debe declarar
ORA-06550: línea 1, columna 7:
PL/SQL: Statement ignored
25/02/2021 16:41:30: [Método: System.Data.IDataReader System.Data.IDbCommand.ExecuteReader(System.Data.CommandBehavior), Línea: 0] - ORA-06550: línea 1, columna 53:
PLS-00302: el componente 'USP_SEL_LISTA_ROL_ESTADO' se debe declarar
ORA-06550: línea 1, columna 7:
PL/SQL: Statement ignored
25/02/2021 16:41:30: [Método: System.Data.IDataReader ExecuteReaderWithFlagsFallback(System.Data.IDbCommand, Boolean, System.Data.CommandBehavior), Línea: 0] - ORA-06550: línea 1, columna 53:
PLS-00302: el componente 'USP_SEL_LISTA_ROL_ESTADO' se debe declarar
ORA-06550: línea 1, columna 7:
PL/SQL: Statement ignored
25/02/2021 16:41:30: [Método: Boolean MoveNext(), Línea: 0] - ORA-06550: línea 1, columna 53:
PLS-00302: el componente 'USP_SEL_LISTA_ROL_ESTADO' se debe declarar
ORA-06550: línea 1, columna 7:
PL/SQL: Statement ignored
25/02/2021 16:41:30: [Método: Void .ctor(System.Collections.Generic.IEnumerable`1[T]), Línea: 0] - ORA-06550: línea 1, columna 53:
PLS-00302: el componente 'USP_SEL_LISTA_ROL_ESTADO' se debe declarar
ORA-06550: línea 1, columna 7:
PL/SQL: Statement ignored
25/02/2021 16:41:30: [Método: System.Collections.Generic.List`1[TSource] ToList[TSource](System.Collections.Generic.IEnumerable`1[TSource]), Línea: 0] - ORA-06550: línea 1, columna 53:
PLS-00302: el componente 'USP_SEL_LISTA_ROL_ESTADO' se debe declarar
ORA-06550: línea 1, columna 7:
PL/SQL: Statement ignored
25/02/2021 16:41:30: [Método: System.Collections.Generic.IEnumerable`1[T] Query[T](System.Data.IDbConnection, System.String, System.Object, System.Data.IDbTransaction, Boolean, System.Nullable`1[System.Int32], System.Nullable`1[System.Data.CommandType]), Línea: 0] - ORA-06550: línea 1, columna 53:
PLS-00302: el componente 'USP_SEL_LISTA_ROL_ESTADO' se debe declarar
ORA-06550: línea 1, columna 7:
PL/SQL: Statement ignored
25/02/2021 16:41:30: [Método: System.Collections.Generic.List`1[sres.be.RolBE] ListarRolPorEstado(System.String, Oracle.DataAccess.Client.OracleConnection), Línea: 111] - ORA-06550: línea 1, columna 53:
PLS-00302: el componente 'USP_SEL_LISTA_ROL_ESTADO' se debe declarar
ORA-06550: línea 1, columna 7:
PL/SQL: Statement ignored
25/02/2021 19:29:18: [Método: Void HandleErrorHelper(Int32, Oracle.DataAccess.Client.OracleConnection, IntPtr, Oracle.DataAccess.Client.OpoSqlValCtx*, System.Object, System.String, Boolean, Int32, Oracle.DataAccess.Client.OracleLogicalTransaction), Línea: 0] - ORA-06550: línea 1, columna 53:
PLS-00302: el componente 'USP_PRC_GUARDAR_USUARIO' se debe declarar
ORA-06550: línea 1, columna 7:
PL/SQL: Statement ignored
25/02/2021 19:29:18: [Método: Void HandleError(Int32, Oracle.DataAccess.Client.OracleConnection, System.String, IntPtr, Oracle.DataAccess.Client.OpoSqlValCtx*, System.Object, Boolean, Oracle.DataAccess.Client.OracleLogicalTransaction), Línea: 0] - ORA-06550: línea 1, columna 53:
PLS-00302: el componente 'USP_PRC_GUARDAR_USUARIO' se debe declarar
ORA-06550: línea 1, columna 7:
PL/SQL: Statement ignored
25/02/2021 19:29:18: [Método: Int32 ExecuteNonQuery(), Línea: 0] - ORA-06550: línea 1, columna 53:
PLS-00302: el componente 'USP_PRC_GUARDAR_USUARIO' se debe declarar
ORA-06550: línea 1, columna 7:
PL/SQL: Statement ignored
25/02/2021 19:29:18: [Método: Int32 ExecuteCommand(System.Data.IDbConnection, Dapper.CommandDefinition ByRef, System.Action`2[System.Data.IDbCommand,System.Object]), Línea: 0] - ORA-06550: línea 1, columna 53:
PLS-00302: el componente 'USP_PRC_GUARDAR_USUARIO' se debe declarar
ORA-06550: línea 1, columna 7:
PL/SQL: Statement ignored
25/02/2021 19:29:18: [Método: Int32 ExecuteImpl(System.Data.IDbConnection, Dapper.CommandDefinition ByRef), Línea: 0] - ORA-06550: línea 1, columna 53:
PLS-00302: el componente 'USP_PRC_GUARDAR_USUARIO' se debe declarar
ORA-06550: línea 1, columna 7:
PL/SQL: Statement ignored
25/02/2021 19:29:18: [Método: Int32 Execute(System.Data.IDbConnection, System.String, System.Object, System.Data.IDbTransaction, System.Nullable`1[System.Int32], System.Nullable`1[System.Data.CommandType]), Línea: 0] - ORA-06550: línea 1, columna 53:
PLS-00302: el componente 'USP_PRC_GUARDAR_USUARIO' se debe declarar
ORA-06550: línea 1, columna 7:
PL/SQL: Statement ignored
25/02/2021 19:29:18: [Método: Boolean GuardarUsuario(sres.be.UsuarioBE, Oracle.DataAccess.Client.OracleConnection), Línea: 187] - ORA-06550: línea 1, columna 53:
PLS-00302: el componente 'USP_PRC_GUARDAR_USUARIO' se debe declarar
ORA-06550: línea 1, columna 7:
PL/SQL: Statement ignored
25/02/2021 19:31:20: [Método: Void HandleErrorHelper(Int32, Oracle.DataAccess.Client.OracleConnection, IntPtr, Oracle.DataAccess.Client.OpoSqlValCtx*, System.Object, System.String, Boolean, Int32, Oracle.DataAccess.Client.OracleLogicalTransaction), Línea: 0] - ORA-06550: línea 1, columna 53:
PLS-00302: el componente 'USP_PRC_GUARDAR_USUARIO' se debe declarar
ORA-06550: línea 1, columna 7:
PL/SQL: Statement ignored
25/02/2021 19:31:20: [Método: Void HandleError(Int32, Oracle.DataAccess.Client.OracleConnection, System.String, IntPtr, Oracle.DataAccess.Client.OpoSqlValCtx*, System.Object, Boolean, Oracle.DataAccess.Client.OracleLogicalTransaction), Línea: 0] - ORA-06550: línea 1, columna 53:
PLS-00302: el componente 'USP_PRC_GUARDAR_USUARIO' se debe declarar
ORA-06550: línea 1, columna 7:
PL/SQL: Statement ignored
25/02/2021 19:31:20: [Método: Int32 ExecuteNonQuery(), Línea: 0] - ORA-06550: línea 1, columna 53:
PLS-00302: el componente 'USP_PRC_GUARDAR_USUARIO' se debe declarar
ORA-06550: línea 1, columna 7:
PL/SQL: Statement ignored
25/02/2021 19:31:20: [Método: Int32 ExecuteCommand(System.Data.IDbConnection, Dapper.CommandDefinition ByRef, System.Action`2[System.Data.IDbCommand,System.Object]), Línea: 0] - ORA-06550: línea 1, columna 53:
PLS-00302: el componente 'USP_PRC_GUARDAR_USUARIO' se debe declarar
ORA-06550: línea 1, columna 7:
PL/SQL: Statement ignored
25/02/2021 19:31:20: [Método: Int32 ExecuteImpl(System.Data.IDbConnection, Dapper.CommandDefinition ByRef), Línea: 0] - ORA-06550: línea 1, columna 53:
PLS-00302: el componente 'USP_PRC_GUARDAR_USUARIO' se debe declarar
ORA-06550: línea 1, columna 7:
PL/SQL: Statement ignored
25/02/2021 19:31:20: [Método: Int32 Execute(System.Data.IDbConnection, System.String, System.Object, System.Data.IDbTransaction, System.Nullable`1[System.Int32], System.Nullable`1[System.Data.CommandType]), Línea: 0] - ORA-06550: línea 1, columna 53:
PLS-00302: el componente 'USP_PRC_GUARDAR_USUARIO' se debe declarar
ORA-06550: línea 1, columna 7:
PL/SQL: Statement ignored
25/02/2021 19:31:20: [Método: Boolean GuardarUsuario(sres.be.UsuarioBE, Oracle.DataAccess.Client.OracleConnection), Línea: 187] - ORA-06550: línea 1, columna 53:
PLS-00302: el componente 'USP_PRC_GUARDAR_USUARIO' se debe declarar
ORA-06550: línea 1, columna 7:
PL/SQL: Statement ignored
25/02/2021 19:33:14: [Método: Void HandleErrorHelper(Int32, Oracle.DataAccess.Client.OracleConnection, IntPtr, Oracle.DataAccess.Client.OpoSqlValCtx*, System.Object, System.String, Boolean, Int32, Oracle.DataAccess.Client.OracleLogicalTransaction), Línea: 0] - ORA-06550: línea 1, columna 53:
PLS-00302: el componente 'USP_PRC_GUARDAR_USUARIO' se debe declarar
ORA-06550: línea 1, columna 7:
PL/SQL: Statement ignored
25/02/2021 19:33:14: [Método: Void HandleError(Int32, Oracle.DataAccess.Client.OracleConnection, System.String, IntPtr, Oracle.DataAccess.Client.OpoSqlValCtx*, System.Object, Boolean, Oracle.DataAccess.Client.OracleLogicalTransaction), Línea: 0] - ORA-06550: línea 1, columna 53:
PLS-00302: el componente 'USP_PRC_GUARDAR_USUARIO' se debe declarar
ORA-06550: línea 1, columna 7:
PL/SQL: Statement ignored
25/02/2021 19:33:14: [Método: Int32 ExecuteNonQuery(), Línea: 0] - ORA-06550: línea 1, columna 53:
PLS-00302: el componente 'USP_PRC_GUARDAR_USUARIO' se debe declarar
ORA-06550: línea 1, columna 7:
PL/SQL: Statement ignored
25/02/2021 19:33:14: [Método: Int32 ExecuteCommand(System.Data.IDbConnection, Dapper.CommandDefinition ByRef, System.Action`2[System.Data.IDbCommand,System.Object]), Línea: 0] - ORA-06550: línea 1, columna 53:
PLS-00302: el componente 'USP_PRC_GUARDAR_USUARIO' se debe declarar
ORA-06550: línea 1, columna 7:
PL/SQL: Statement ignored
25/02/2021 19:33:14: [Método: Int32 ExecuteImpl(System.Data.IDbConnection, Dapper.CommandDefinition ByRef), Línea: 0] - ORA-06550: línea 1, columna 53:
PLS-00302: el componente 'USP_PRC_GUARDAR_USUARIO' se debe declarar
ORA-06550: línea 1, columna 7:
PL/SQL: Statement ignored
25/02/2021 19:33:14: [Método: Int32 Execute(System.Data.IDbConnection, System.String, System.Object, System.Data.IDbTransaction, System.Nullable`1[System.Int32], System.Nullable`1[System.Data.CommandType]), Línea: 0] - ORA-06550: línea 1, columna 53:
PLS-00302: el componente 'USP_PRC_GUARDAR_USUARIO' se debe declarar
ORA-06550: línea 1, columna 7:
PL/SQL: Statement ignored
25/02/2021 19:33:14: [Método: Boolean GuardarUsuario(sres.be.UsuarioBE, Oracle.DataAccess.Client.OracleConnection), Línea: 0] - ORA-06550: línea 1, columna 53:
PLS-00302: el componente 'USP_PRC_GUARDAR_USUARIO' se debe declarar
ORA-06550: línea 1, columna 7:
PL/SQL: Statement ignored
25/02/2021 19:47:36: [Método: Void HandleErrorHelper(Int32, Oracle.DataAccess.Client.OracleConnection, IntPtr, Oracle.DataAccess.Client.OpoSqlValCtx*, System.Object, System.String, Boolean, Int32, Oracle.DataAccess.Client.OracleLogicalTransaction), Línea: 0] - ORA-00001: restricción única (ELECTROMOVILIDAD.SYS_C0025921) violada
ORA-06512: en "ELECTROMOVILIDAD.PKG_ELECTROMOV_MANTENIMIENTO", línea 834
ORA-06512: en línea 1
25/02/2021 19:47:36: [Método: Void HandleError(Int32, Oracle.DataAccess.Client.OracleConnection, System.String, IntPtr, Oracle.DataAccess.Client.OpoSqlValCtx*, System.Object, Boolean, Oracle.DataAccess.Client.OracleLogicalTransaction), Línea: 0] - ORA-00001: restricción única (ELECTROMOVILIDAD.SYS_C0025921) violada
ORA-06512: en "ELECTROMOVILIDAD.PKG_ELECTROMOV_MANTENIMIENTO", línea 834
ORA-06512: en línea 1
25/02/2021 19:47:36: [Método: Int32 ExecuteNonQuery(), Línea: 0] - ORA-00001: restricción única (ELECTROMOVILIDAD.SYS_C0025921) violada
ORA-06512: en "ELECTROMOVILIDAD.PKG_ELECTROMOV_MANTENIMIENTO", línea 834
ORA-06512: en línea 1
25/02/2021 19:47:36: [Método: Int32 ExecuteCommand(System.Data.IDbConnection, Dapper.CommandDefinition ByRef, System.Action`2[System.Data.IDbCommand,System.Object]), Línea: 0] - ORA-00001: restricción única (ELECTROMOVILIDAD.SYS_C0025921) violada
ORA-06512: en "ELECTROMOVILIDAD.PKG_ELECTROMOV_MANTENIMIENTO", línea 834
ORA-06512: en línea 1
25/02/2021 19:47:36: [Método: Int32 ExecuteImpl(System.Data.IDbConnection, Dapper.CommandDefinition ByRef), Línea: 0] - ORA-00001: restricción única (ELECTROMOVILIDAD.SYS_C0025921) violada
ORA-06512: en "ELECTROMOVILIDAD.PKG_ELECTROMOV_MANTENIMIENTO", línea 834
ORA-06512: en línea 1
25/02/2021 19:47:36: [Método: Int32 Execute(System.Data.IDbConnection, System.String, System.Object, System.Data.IDbTransaction, System.Nullable`1[System.Int32], System.Nullable`1[System.Data.CommandType]), Línea: 0] - ORA-00001: restricción única (ELECTROMOVILIDAD.SYS_C0025921) violada
ORA-06512: en "ELECTROMOVILIDAD.PKG_ELECTROMOV_MANTENIMIENTO", línea 834
ORA-06512: en línea 1
25/02/2021 19:47:36: [Método: Boolean GuardarUsuario(sres.be.UsuarioBE, Oracle.DataAccess.Client.OracleConnection), Línea: 0] - ORA-00001: restricción única (ELECTROMOVILIDAD.SYS_C0025921) violada
ORA-06512: en "ELECTROMOVILIDAD.PKG_ELECTROMOV_MANTENIMIENTO", línea 834
ORA-06512: en línea 1
