20/01/2021 14:01:52: [Método: Void HandleErrorHelper(Int32, Oracle.DataAccess.Client.OracleConnection, IntPtr, Oracle.DataAccess.Client.OpoSqlValCtx*, System.Object, System.String, Boolean, Int32, Oracle.DataAccess.Client.OracleLogicalTransaction), Línea: 0] - ORA-06550: línea 1, columna 47:
PLS-00302: el componente 'USP_SEL_LIST_CASO' se debe declarar
ORA-06550: línea 1, columna 7:
PL/SQL: Statement ignored
20/01/2021 14:01:52: [Método: Void HandleError(Int32, Oracle.DataAccess.Client.OracleConnection, System.String, IntPtr, Oracle.DataAccess.Client.OpoSqlValCtx*, System.Object, Boolean, Oracle.DataAccess.Client.OracleLogicalTransaction), Línea: 0] - ORA-06550: línea 1, columna 47:
PLS-00302: el componente 'USP_SEL_LIST_CASO' se debe declarar
ORA-06550: línea 1, columna 7:
PL/SQL: Statement ignored
20/01/2021 14:01:52: [Método: Oracle.DataAccess.Client.OracleDataReader ExecuteReader(Boolean, Boolean, System.Data.CommandBehavior), Línea: 0] - ORA-06550: línea 1, columna 47:
PLS-00302: el componente 'USP_SEL_LIST_CASO' se debe declarar
ORA-06550: línea 1, columna 7:
PL/SQL: Statement ignored
20/01/2021 14:01:52: [Método: System.Data.Common.DbDataReader ExecuteDbDataReader(System.Data.CommandBehavior), Línea: 0] - ORA-06550: línea 1, columna 47:
PLS-00302: el componente 'USP_SEL_LIST_CASO' se debe declarar
ORA-06550: línea 1, columna 7:
PL/SQL: Statement ignored
20/01/2021 14:01:52: [Método: System.Data.IDataReader System.Data.IDbCommand.ExecuteReader(System.Data.CommandBehavior), Línea: 0] - ORA-06550: línea 1, columna 47:
PLS-00302: el componente 'USP_SEL_LIST_CASO' se debe declarar
ORA-06550: línea 1, columna 7:
PL/SQL: Statement ignored
20/01/2021 14:01:52: [Método: System.Data.IDataReader ExecuteReaderWithFlagsFallback(System.Data.IDbCommand, Boolean, System.Data.CommandBehavior), Línea: 0] - ORA-06550: línea 1, columna 47:
PLS-00302: el componente 'USP_SEL_LIST_CASO' se debe declarar
ORA-06550: línea 1, columna 7:
PL/SQL: Statement ignored
20/01/2021 14:01:52: [Método: Boolean MoveNext(), Línea: 0] - ORA-06550: línea 1, columna 47:
PLS-00302: el componente 'USP_SEL_LIST_CASO' se debe declarar
ORA-06550: línea 1, columna 7:
PL/SQL: Statement ignored
20/01/2021 14:01:52: [Método: Void .ctor(System.Collections.Generic.IEnumerable`1[T]), Línea: 0] - ORA-06550: línea 1, columna 47:
PLS-00302: el componente 'USP_SEL_LIST_CASO' se debe declarar
ORA-06550: línea 1, columna 7:
PL/SQL: Statement ignored
20/01/2021 14:01:52: [Método: System.Collections.Generic.List`1[TSource] ToList[TSource](System.Collections.Generic.IEnumerable`1[TSource]), Línea: 0] - ORA-06550: línea 1, columna 47:
PLS-00302: el componente 'USP_SEL_LIST_CASO' se debe declarar
ORA-06550: línea 1, columna 7:
PL/SQL: Statement ignored
20/01/2021 14:01:52: [Método: System.Collections.Generic.IEnumerable`1[T] Query[T](System.Data.IDbConnection, System.String, System.Object, System.Data.IDbTransaction, Boolean, System.Nullable`1[System.Int32], System.Nullable`1[System.Data.CommandType]), Línea: 0] - ORA-06550: línea 1, columna 47:
PLS-00302: el componente 'USP_SEL_LIST_CASO' se debe declarar
ORA-06550: línea 1, columna 7:
PL/SQL: Statement ignored
20/01/2021 14:01:52: [Método: System.Collections.Generic.List`1[sres.be.CasoBE] ListaCaso(Oracle.DataAccess.Client.OracleConnection), Línea: 24] - ORA-06550: línea 1, columna 47:
PLS-00302: el componente 'USP_SEL_LIST_CASO' se debe declarar
ORA-06550: línea 1, columna 7:
PL/SQL: Statement ignored
20/01/2021 14:02:01: [Método: Void HandleErrorHelper(Int32, Oracle.DataAccess.Client.OracleConnection, IntPtr, Oracle.DataAccess.Client.OpoSqlValCtx*, System.Object, System.String, Boolean, Int32, Oracle.DataAccess.Client.OracleLogicalTransaction), Línea: 0] - ORA-06550: línea 1, columna 47:
PLS-00302: el componente 'USP_SEL_LIST_CASO' se debe declarar
ORA-06550: línea 1, columna 7:
PL/SQL: Statement ignored
20/01/2021 14:02:01: [Método: Void HandleError(Int32, Oracle.DataAccess.Client.OracleConnection, System.String, IntPtr, Oracle.DataAccess.Client.OpoSqlValCtx*, System.Object, Boolean, Oracle.DataAccess.Client.OracleLogicalTransaction), Línea: 0] - ORA-06550: línea 1, columna 47:
PLS-00302: el componente 'USP_SEL_LIST_CASO' se debe declarar
ORA-06550: línea 1, columna 7:
PL/SQL: Statement ignored
20/01/2021 14:02:01: [Método: Oracle.DataAccess.Client.OracleDataReader ExecuteReader(Boolean, Boolean, System.Data.CommandBehavior), Línea: 0] - ORA-06550: línea 1, columna 47:
PLS-00302: el componente 'USP_SEL_LIST_CASO' se debe declarar
ORA-06550: línea 1, columna 7:
PL/SQL: Statement ignored
20/01/2021 14:02:01: [Método: System.Data.Common.DbDataReader ExecuteDbDataReader(System.Data.CommandBehavior), Línea: 0] - ORA-06550: línea 1, columna 47:
PLS-00302: el componente 'USP_SEL_LIST_CASO' se debe declarar
ORA-06550: línea 1, columna 7:
PL/SQL: Statement ignored
20/01/2021 14:02:01: [Método: System.Data.IDataReader System.Data.IDbCommand.ExecuteReader(System.Data.CommandBehavior), Línea: 0] - ORA-06550: línea 1, columna 47:
PLS-00302: el componente 'USP_SEL_LIST_CASO' se debe declarar
ORA-06550: línea 1, columna 7:
PL/SQL: Statement ignored
20/01/2021 14:02:01: [Método: System.Data.IDataReader ExecuteReaderWithFlagsFallback(System.Data.IDbCommand, Boolean, System.Data.CommandBehavior), Línea: 0] - ORA-06550: línea 1, columna 47:
PLS-00302: el componente 'USP_SEL_LIST_CASO' se debe declarar
ORA-06550: línea 1, columna 7:
PL/SQL: Statement ignored
20/01/2021 14:02:01: [Método: Boolean MoveNext(), Línea: 0] - ORA-06550: línea 1, columna 47:
PLS-00302: el componente 'USP_SEL_LIST_CASO' se debe declarar
ORA-06550: línea 1, columna 7:
PL/SQL: Statement ignored
20/01/2021 14:02:01: [Método: Void .ctor(System.Collections.Generic.IEnumerable`1[T]), Línea: 0] - ORA-06550: línea 1, columna 47:
PLS-00302: el componente 'USP_SEL_LIST_CASO' se debe declarar
ORA-06550: línea 1, columna 7:
PL/SQL: Statement ignored
20/01/2021 14:02:01: [Método: System.Collections.Generic.List`1[TSource] ToList[TSource](System.Collections.Generic.IEnumerable`1[TSource]), Línea: 0] - ORA-06550: línea 1, columna 47:
PLS-00302: el componente 'USP_SEL_LIST_CASO' se debe declarar
ORA-06550: línea 1, columna 7:
PL/SQL: Statement ignored
20/01/2021 14:02:01: [Método: System.Collections.Generic.IEnumerable`1[T] Query[T](System.Data.IDbConnection, System.String, System.Object, System.Data.IDbTransaction, Boolean, System.Nullable`1[System.Int32], System.Nullable`1[System.Data.CommandType]), Línea: 0] - ORA-06550: línea 1, columna 47:
PLS-00302: el componente 'USP_SEL_LIST_CASO' se debe declarar
ORA-06550: línea 1, columna 7:
PL/SQL: Statement ignored
20/01/2021 14:02:01: [Método: System.Collections.Generic.List`1[sres.be.CasoBE] ListaCaso(Oracle.DataAccess.Client.OracleConnection), Línea: 24] - ORA-06550: línea 1, columna 47:
PLS-00302: el componente 'USP_SEL_LIST_CASO' se debe declarar
ORA-06550: línea 1, columna 7:
PL/SQL: Statement ignored
20/01/2021 22:05:03: [Método: Void HandleErrorHelper(Int32, Oracle.DataAccess.Client.OracleConnection, IntPtr, Oracle.DataAccess.Client.OpoSqlValCtx*, System.Object, System.String, Boolean, Int32, Oracle.DataAccess.Client.OracleLogicalTransaction), Línea: 0] - ORA-00904: "ID_FORMULA": identificador no válido
ORA-06512: en "ELECTROMOVILIDAD.PKG_ELECTROMOV_MANTENIMIENTO", línea 586
ORA-06512: en línea 1
20/01/2021 22:05:03: [Método: Void HandleError(Int32, Oracle.DataAccess.Client.OracleConnection, System.String, IntPtr, Oracle.DataAccess.Client.OpoSqlValCtx*, System.Object, Boolean, Oracle.DataAccess.Client.OracleLogicalTransaction), Línea: 0] - ORA-00904: "ID_FORMULA": identificador no válido
ORA-06512: en "ELECTROMOVILIDAD.PKG_ELECTROMOV_MANTENIMIENTO", línea 586
ORA-06512: en línea 1
20/01/2021 22:05:03: [Método: Oracle.DataAccess.Client.OracleDataReader ExecuteReader(Boolean, Boolean, System.Data.CommandBehavior), Línea: 0] - ORA-00904: "ID_FORMULA": identificador no válido
ORA-06512: en "ELECTROMOVILIDAD.PKG_ELECTROMOV_MANTENIMIENTO", línea 586
ORA-06512: en línea 1
20/01/2021 22:05:03: [Método: System.Data.Common.DbDataReader ExecuteDbDataReader(System.Data.CommandBehavior), Línea: 0] - ORA-00904: "ID_FORMULA": identificador no válido
ORA-06512: en "ELECTROMOVILIDAD.PKG_ELECTROMOV_MANTENIMIENTO", línea 586
ORA-06512: en línea 1
20/01/2021 22:05:03: [Método: System.Data.IDataReader System.Data.IDbCommand.ExecuteReader(System.Data.CommandBehavior), Línea: 0] - ORA-00904: "ID_FORMULA": identificador no válido
ORA-06512: en "ELECTROMOVILIDAD.PKG_ELECTROMOV_MANTENIMIENTO", línea 586
ORA-06512: en línea 1
20/01/2021 22:05:03: [Método: System.Data.IDataReader ExecuteReaderWithFlagsFallback(System.Data.IDbCommand, Boolean, System.Data.CommandBehavior), Línea: 0] - ORA-00904: "ID_FORMULA": identificador no válido
ORA-06512: en "ELECTROMOVILIDAD.PKG_ELECTROMOV_MANTENIMIENTO", línea 586
ORA-06512: en línea 1
20/01/2021 22:05:03: [Método: Boolean MoveNext(), Línea: 0] - ORA-00904: "ID_FORMULA": identificador no válido
ORA-06512: en "ELECTROMOVILIDAD.PKG_ELECTROMOV_MANTENIMIENTO", línea 586
ORA-06512: en línea 1
20/01/2021 22:05:03: [Método: Void .ctor(System.Collections.Generic.IEnumerable`1[T]), Línea: 0] - ORA-00904: "ID_FORMULA": identificador no válido
ORA-06512: en "ELECTROMOVILIDAD.PKG_ELECTROMOV_MANTENIMIENTO", línea 586
ORA-06512: en línea 1
20/01/2021 22:05:03: [Método: System.Collections.Generic.List`1[TSource] ToList[TSource](System.Collections.Generic.IEnumerable`1[TSource]), Línea: 0] - ORA-00904: "ID_FORMULA": identificador no válido
ORA-06512: en "ELECTROMOVILIDAD.PKG_ELECTROMOV_MANTENIMIENTO", línea 586
ORA-06512: en línea 1
20/01/2021 22:05:03: [Método: System.Collections.Generic.IEnumerable`1[T] Query[T](System.Data.IDbConnection, System.String, System.Object, System.Data.IDbTransaction, Boolean, System.Nullable`1[System.Int32], System.Nullable`1[System.Data.CommandType]), Línea: 0] - ORA-00904: "ID_FORMULA": identificador no válido
ORA-06512: en "ELECTROMOVILIDAD.PKG_ELECTROMOV_MANTENIMIENTO", línea 586
ORA-06512: en línea 1
20/01/2021 22:05:03: [Método: System.Collections.Generic.List`1[sres.be.CasoBE] ListarBusquedaCasoFactor(sres.be.CasoBE, Oracle.DataAccess.Client.OracleConnection), Línea: 29] - ORA-00904: "ID_FORMULA": identificador no válido
ORA-06512: en "ELECTROMOVILIDAD.PKG_ELECTROMOV_MANTENIMIENTO", línea 586
ORA-06512: en línea 1
20/01/2021 22:05:34: [Método: Void HandleErrorHelper(Int32, Oracle.DataAccess.Client.OracleConnection, IntPtr, Oracle.DataAccess.Client.OpoSqlValCtx*, System.Object, System.String, Boolean, Int32, Oracle.DataAccess.Client.OracleLogicalTransaction), Línea: 0] - ORA-00904: "ID_FORMULA": identificador no válido
ORA-06512: en "ELECTROMOVILIDAD.PKG_ELECTROMOV_MANTENIMIENTO", línea 586
ORA-06512: en línea 1
20/01/2021 22:05:34: [Método: Void HandleError(Int32, Oracle.DataAccess.Client.OracleConnection, System.String, IntPtr, Oracle.DataAccess.Client.OpoSqlValCtx*, System.Object, Boolean, Oracle.DataAccess.Client.OracleLogicalTransaction), Línea: 0] - ORA-00904: "ID_FORMULA": identificador no válido
ORA-06512: en "ELECTROMOVILIDAD.PKG_ELECTROMOV_MANTENIMIENTO", línea 586
ORA-06512: en línea 1
20/01/2021 22:05:34: [Método: Oracle.DataAccess.Client.OracleDataReader ExecuteReader(Boolean, Boolean, System.Data.CommandBehavior), Línea: 0] - ORA-00904: "ID_FORMULA": identificador no válido
ORA-06512: en "ELECTROMOVILIDAD.PKG_ELECTROMOV_MANTENIMIENTO", línea 586
ORA-06512: en línea 1
20/01/2021 22:05:34: [Método: System.Data.Common.DbDataReader ExecuteDbDataReader(System.Data.CommandBehavior), Línea: 0] - ORA-00904: "ID_FORMULA": identificador no válido
ORA-06512: en "ELECTROMOVILIDAD.PKG_ELECTROMOV_MANTENIMIENTO", línea 586
ORA-06512: en línea 1
20/01/2021 22:05:34: [Método: System.Data.IDataReader System.Data.IDbCommand.ExecuteReader(System.Data.CommandBehavior), Línea: 0] - ORA-00904: "ID_FORMULA": identificador no válido
ORA-06512: en "ELECTROMOVILIDAD.PKG_ELECTROMOV_MANTENIMIENTO", línea 586
ORA-06512: en línea 1
20/01/2021 22:05:34: [Método: System.Data.IDataReader ExecuteReaderWithFlagsFallback(System.Data.IDbCommand, Boolean, System.Data.CommandBehavior), Línea: 0] - ORA-00904: "ID_FORMULA": identificador no válido
ORA-06512: en "ELECTROMOVILIDAD.PKG_ELECTROMOV_MANTENIMIENTO", línea 586
ORA-06512: en línea 1
20/01/2021 22:05:34: [Método: Boolean MoveNext(), Línea: 0] - ORA-00904: "ID_FORMULA": identificador no válido
ORA-06512: en "ELECTROMOVILIDAD.PKG_ELECTROMOV_MANTENIMIENTO", línea 586
ORA-06512: en línea 1
20/01/2021 22:05:34: [Método: Void .ctor(System.Collections.Generic.IEnumerable`1[T]), Línea: 0] - ORA-00904: "ID_FORMULA": identificador no válido
ORA-06512: en "ELECTROMOVILIDAD.PKG_ELECTROMOV_MANTENIMIENTO", línea 586
ORA-06512: en línea 1
20/01/2021 22:05:34: [Método: System.Collections.Generic.List`1[TSource] ToList[TSource](System.Collections.Generic.IEnumerable`1[TSource]), Línea: 0] - ORA-00904: "ID_FORMULA": identificador no válido
ORA-06512: en "ELECTROMOVILIDAD.PKG_ELECTROMOV_MANTENIMIENTO", línea 586
ORA-06512: en línea 1
20/01/2021 22:05:34: [Método: System.Collections.Generic.IEnumerable`1[T] Query[T](System.Data.IDbConnection, System.String, System.Object, System.Data.IDbTransaction, Boolean, System.Nullable`1[System.Int32], System.Nullable`1[System.Data.CommandType]), Línea: 0] - ORA-00904: "ID_FORMULA": identificador no válido
ORA-06512: en "ELECTROMOVILIDAD.PKG_ELECTROMOV_MANTENIMIENTO", línea 586
ORA-06512: en línea 1
20/01/2021 22:05:34: [Método: System.Collections.Generic.List`1[sres.be.CasoBE] ListarBusquedaCasoFactor(sres.be.CasoBE, Oracle.DataAccess.Client.OracleConnection), Línea: 29] - ORA-00904: "ID_FORMULA": identificador no válido
ORA-06512: en "ELECTROMOVILIDAD.PKG_ELECTROMOV_MANTENIMIENTO", línea 586
ORA-06512: en línea 1
20/01/2021 22:05:44: [Método: Void HandleErrorHelper(Int32, Oracle.DataAccess.Client.OracleConnection, IntPtr, Oracle.DataAccess.Client.OpoSqlValCtx*, System.Object, System.String, Boolean, Int32, Oracle.DataAccess.Client.OracleLogicalTransaction), Línea: 0] - ORA-00904: "ID_FORMULA": identificador no válido
ORA-06512: en "ELECTROMOVILIDAD.PKG_ELECTROMOV_MANTENIMIENTO", línea 586
ORA-06512: en línea 1
20/01/2021 22:05:44: [Método: Void HandleError(Int32, Oracle.DataAccess.Client.OracleConnection, System.String, IntPtr, Oracle.DataAccess.Client.OpoSqlValCtx*, System.Object, Boolean, Oracle.DataAccess.Client.OracleLogicalTransaction), Línea: 0] - ORA-00904: "ID_FORMULA": identificador no válido
ORA-06512: en "ELECTROMOVILIDAD.PKG_ELECTROMOV_MANTENIMIENTO", línea 586
ORA-06512: en línea 1
20/01/2021 22:05:44: [Método: Oracle.DataAccess.Client.OracleDataReader ExecuteReader(Boolean, Boolean, System.Data.CommandBehavior), Línea: 0] - ORA-00904: "ID_FORMULA": identificador no válido
ORA-06512: en "ELECTROMOVILIDAD.PKG_ELECTROMOV_MANTENIMIENTO", línea 586
ORA-06512: en línea 1
20/01/2021 22:05:44: [Método: System.Data.Common.DbDataReader ExecuteDbDataReader(System.Data.CommandBehavior), Línea: 0] - ORA-00904: "ID_FORMULA": identificador no válido
ORA-06512: en "ELECTROMOVILIDAD.PKG_ELECTROMOV_MANTENIMIENTO", línea 586
ORA-06512: en línea 1
20/01/2021 22:05:44: [Método: System.Data.IDataReader System.Data.IDbCommand.ExecuteReader(System.Data.CommandBehavior), Línea: 0] - ORA-00904: "ID_FORMULA": identificador no válido
ORA-06512: en "ELECTROMOVILIDAD.PKG_ELECTROMOV_MANTENIMIENTO", línea 586
ORA-06512: en línea 1
20/01/2021 22:05:44: [Método: System.Data.IDataReader ExecuteReaderWithFlagsFallback(System.Data.IDbCommand, Boolean, System.Data.CommandBehavior), Línea: 0] - ORA-00904: "ID_FORMULA": identificador no válido
ORA-06512: en "ELECTROMOVILIDAD.PKG_ELECTROMOV_MANTENIMIENTO", línea 586
ORA-06512: en línea 1
20/01/2021 22:05:44: [Método: Boolean MoveNext(), Línea: 0] - ORA-00904: "ID_FORMULA": identificador no válido
ORA-06512: en "ELECTROMOVILIDAD.PKG_ELECTROMOV_MANTENIMIENTO", línea 586
ORA-06512: en línea 1
20/01/2021 22:05:44: [Método: Void .ctor(System.Collections.Generic.IEnumerable`1[T]), Línea: 0] - ORA-00904: "ID_FORMULA": identificador no válido
ORA-06512: en "ELECTROMOVILIDAD.PKG_ELECTROMOV_MANTENIMIENTO", línea 586
ORA-06512: en línea 1
20/01/2021 22:05:44: [Método: System.Collections.Generic.List`1[TSource] ToList[TSource](System.Collections.Generic.IEnumerable`1[TSource]), Línea: 0] - ORA-00904: "ID_FORMULA": identificador no válido
ORA-06512: en "ELECTROMOVILIDAD.PKG_ELECTROMOV_MANTENIMIENTO", línea 586
ORA-06512: en línea 1
20/01/2021 22:05:44: [Método: System.Collections.Generic.IEnumerable`1[T] Query[T](System.Data.IDbConnection, System.String, System.Object, System.Data.IDbTransaction, Boolean, System.Nullable`1[System.Int32], System.Nullable`1[System.Data.CommandType]), Línea: 0] - ORA-00904: "ID_FORMULA": identificador no válido
ORA-06512: en "ELECTROMOVILIDAD.PKG_ELECTROMOV_MANTENIMIENTO", línea 586
ORA-06512: en línea 1
20/01/2021 22:05:44: [Método: System.Collections.Generic.List`1[sres.be.CasoBE] ListarBusquedaCasoFactor(sres.be.CasoBE, Oracle.DataAccess.Client.OracleConnection), Línea: 29] - ORA-00904: "ID_FORMULA": identificador no válido
ORA-06512: en "ELECTROMOVILIDAD.PKG_ELECTROMOV_MANTENIMIENTO", línea 586
ORA-06512: en línea 1
20/01/2021 22:07:41: [Método: Void HandleErrorHelper(Int32, Oracle.DataAccess.Client.OracleConnection, IntPtr, Oracle.DataAccess.Client.OpoSqlValCtx*, System.Object, System.String, Boolean, Int32, Oracle.DataAccess.Client.OracleLogicalTransaction), Línea: 0] - ORA-00904: "ID_FORMULA": identificador no válido
ORA-06512: en "ELECTROMOVILIDAD.PKG_ELECTROMOV_MANTENIMIENTO", línea 586
ORA-06512: en línea 1
20/01/2021 22:07:41: [Método: Void HandleError(Int32, Oracle.DataAccess.Client.OracleConnection, System.String, IntPtr, Oracle.DataAccess.Client.OpoSqlValCtx*, System.Object, Boolean, Oracle.DataAccess.Client.OracleLogicalTransaction), Línea: 0] - ORA-00904: "ID_FORMULA": identificador no válido
ORA-06512: en "ELECTROMOVILIDAD.PKG_ELECTROMOV_MANTENIMIENTO", línea 586
ORA-06512: en línea 1
20/01/2021 22:07:41: [Método: Oracle.DataAccess.Client.OracleDataReader ExecuteReader(Boolean, Boolean, System.Data.CommandBehavior), Línea: 0] - ORA-00904: "ID_FORMULA": identificador no válido
ORA-06512: en "ELECTROMOVILIDAD.PKG_ELECTROMOV_MANTENIMIENTO", línea 586
ORA-06512: en línea 1
20/01/2021 22:07:41: [Método: System.Data.Common.DbDataReader ExecuteDbDataReader(System.Data.CommandBehavior), Línea: 0] - ORA-00904: "ID_FORMULA": identificador no válido
ORA-06512: en "ELECTROMOVILIDAD.PKG_ELECTROMOV_MANTENIMIENTO", línea 586
ORA-06512: en línea 1
20/01/2021 22:07:41: [Método: System.Data.IDataReader System.Data.IDbCommand.ExecuteReader(System.Data.CommandBehavior), Línea: 0] - ORA-00904: "ID_FORMULA": identificador no válido
ORA-06512: en "ELECTROMOVILIDAD.PKG_ELECTROMOV_MANTENIMIENTO", línea 586
ORA-06512: en línea 1
20/01/2021 22:07:41: [Método: System.Data.IDataReader ExecuteReaderWithFlagsFallback(System.Data.IDbCommand, Boolean, System.Data.CommandBehavior), Línea: 0] - ORA-00904: "ID_FORMULA": identificador no válido
ORA-06512: en "ELECTROMOVILIDAD.PKG_ELECTROMOV_MANTENIMIENTO", línea 586
ORA-06512: en línea 1
20/01/2021 22:07:41: [Método: Boolean MoveNext(), Línea: 0] - ORA-00904: "ID_FORMULA": identificador no válido
ORA-06512: en "ELECTROMOVILIDAD.PKG_ELECTROMOV_MANTENIMIENTO", línea 586
ORA-06512: en línea 1
20/01/2021 22:07:41: [Método: Void .ctor(System.Collections.Generic.IEnumerable`1[T]), Línea: 0] - ORA-00904: "ID_FORMULA": identificador no válido
ORA-06512: en "ELECTROMOVILIDAD.PKG_ELECTROMOV_MANTENIMIENTO", línea 586
ORA-06512: en línea 1
20/01/2021 22:07:41: [Método: System.Collections.Generic.List`1[TSource] ToList[TSource](System.Collections.Generic.IEnumerable`1[TSource]), Línea: 0] - ORA-00904: "ID_FORMULA": identificador no válido
ORA-06512: en "ELECTROMOVILIDAD.PKG_ELECTROMOV_MANTENIMIENTO", línea 586
ORA-06512: en línea 1
20/01/2021 22:07:41: [Método: System.Collections.Generic.IEnumerable`1[T] Query[T](System.Data.IDbConnection, System.String, System.Object, System.Data.IDbTransaction, Boolean, System.Nullable`1[System.Int32], System.Nullable`1[System.Data.CommandType]), Línea: 0] - ORA-00904: "ID_FORMULA": identificador no válido
ORA-06512: en "ELECTROMOVILIDAD.PKG_ELECTROMOV_MANTENIMIENTO", línea 586
ORA-06512: en línea 1
20/01/2021 22:07:41: [Método: System.Collections.Generic.List`1[sres.be.CasoBE] ListarBusquedaCasoFactor(sres.be.CasoBE, Oracle.DataAccess.Client.OracleConnection), Línea: 29] - ORA-00904: "ID_FORMULA": identificador no válido
ORA-06512: en "ELECTROMOVILIDAD.PKG_ELECTROMOV_MANTENIMIENTO", línea 586
ORA-06512: en línea 1
