20/04/2021 12:36:45: [Método: Void HandleErrorHelper(Int32, Oracle.DataAccess.Client.OracleConnection, IntPtr, Oracle.DataAccess.Client.OpoSqlValCtx*, System.Object, System.String, Boolean, Int32, Oracle.DataAccess.Client.OracleLogicalTransaction), Línea: 0] - ORA-00904: "PI_MAX_LAT": identificador no válido
ORA-06512: en "ELECTROMOVILIDAD.PKG_ELECTROMOV_CALCULO", línea 765
ORA-06512: en línea 1
20/04/2021 12:36:45: [Método: Void HandleError(Int32, Oracle.DataAccess.Client.OracleConnection, System.String, IntPtr, Oracle.DataAccess.Client.OpoSqlValCtx*, System.Object, Boolean, Oracle.DataAccess.Client.OracleLogicalTransaction), Línea: 0] - ORA-00904: "PI_MAX_LAT": identificador no válido
ORA-06512: en "ELECTROMOVILIDAD.PKG_ELECTROMOV_CALCULO", línea 765
ORA-06512: en línea 1
20/04/2021 12:36:45: [Método: Oracle.DataAccess.Client.OracleDataReader ExecuteReader(Boolean, Boolean, System.Data.CommandBehavior), Línea: 0] - ORA-00904: "PI_MAX_LAT": identificador no válido
ORA-06512: en "ELECTROMOVILIDAD.PKG_ELECTROMOV_CALCULO", línea 765
ORA-06512: en línea 1
20/04/2021 12:36:45: [Método: System.Data.Common.DbDataReader ExecuteDbDataReader(System.Data.CommandBehavior), Línea: 0] - ORA-00904: "PI_MAX_LAT": identificador no válido
ORA-06512: en "ELECTROMOVILIDAD.PKG_ELECTROMOV_CALCULO", línea 765
ORA-06512: en línea 1
20/04/2021 12:36:45: [Método: System.Data.IDataReader System.Data.IDbCommand.ExecuteReader(System.Data.CommandBehavior), Línea: 0] - ORA-00904: "PI_MAX_LAT": identificador no válido
ORA-06512: en "ELECTROMOVILIDAD.PKG_ELECTROMOV_CALCULO", línea 765
ORA-06512: en línea 1
20/04/2021 12:36:45: [Método: System.Data.IDataReader ExecuteReaderWithFlagsFallback(System.Data.IDbCommand, Boolean, System.Data.CommandBehavior), Línea: 0] - ORA-00904: "PI_MAX_LAT": identificador no válido
ORA-06512: en "ELECTROMOVILIDAD.PKG_ELECTROMOV_CALCULO", línea 765
ORA-06512: en línea 1
20/04/2021 12:36:45: [Método: Boolean MoveNext(), Línea: 0] - ORA-00904: "PI_MAX_LAT": identificador no válido
ORA-06512: en "ELECTROMOVILIDAD.PKG_ELECTROMOV_CALCULO", línea 765
ORA-06512: en línea 1
20/04/2021 12:36:45: [Método: Void .ctor(System.Collections.Generic.IEnumerable`1[T]), Línea: 0] - ORA-00904: "PI_MAX_LAT": identificador no válido
ORA-06512: en "ELECTROMOVILIDAD.PKG_ELECTROMOV_CALCULO", línea 765
ORA-06512: en línea 1
20/04/2021 12:36:45: [Método: System.Collections.Generic.List`1[TSource] ToList[TSource](System.Collections.Generic.IEnumerable`1[TSource]), Línea: 0] - ORA-00904: "PI_MAX_LAT": identificador no válido
ORA-06512: en "ELECTROMOVILIDAD.PKG_ELECTROMOV_CALCULO", línea 765
ORA-06512: en línea 1
20/04/2021 12:36:45: [Método: System.Collections.Generic.IEnumerable`1[T] Query[T](System.Data.IDbConnection, System.String, System.Object, System.Data.IDbTransaction, Boolean, System.Nullable`1[System.Int32], System.Nullable`1[System.Data.CommandType]), Línea: 0] - ORA-00904: "PI_MAX_LAT": identificador no válido
ORA-06512: en "ELECTROMOVILIDAD.PKG_ELECTROMOV_CALCULO", línea 765
ORA-06512: en línea 1
20/04/2021 12:36:45: [Método: System.Collections.Generic.List`1[sres.be.EstacionCargaBE] getEstacionAll(System.Decimal, System.Decimal, System.Decimal, System.Decimal, System.String, System.String, System.String, System.String, Oracle.DataAccess.Client.OracleConnection), Línea: 253] - ORA-00904: "PI_MAX_LAT": identificador no válido
ORA-06512: en "ELECTROMOVILIDAD.PKG_ELECTROMOV_CALCULO", línea 765
ORA-06512: en línea 1
20/04/2021 12:45:00: [Método: Void HandleErrorHelper(Int32, Oracle.DataAccess.Client.OracleConnection, IntPtr, Oracle.DataAccess.Client.OpoSqlValCtx*, System.Object, System.String, Boolean, Int32, Oracle.DataAccess.Client.OracleLogicalTransaction), Línea: 0] - ORA-00933: comando SQL no terminado correctamente
ORA-06512: en "ELECTROMOVILIDAD.PKG_ELECTROMOV_CALCULO", línea 765
ORA-06512: en línea 1
20/04/2021 12:45:00: [Método: Void HandleError(Int32, Oracle.DataAccess.Client.OracleConnection, System.String, IntPtr, Oracle.DataAccess.Client.OpoSqlValCtx*, System.Object, Boolean, Oracle.DataAccess.Client.OracleLogicalTransaction), Línea: 0] - ORA-00933: comando SQL no terminado correctamente
ORA-06512: en "ELECTROMOVILIDAD.PKG_ELECTROMOV_CALCULO", línea 765
ORA-06512: en línea 1
20/04/2021 12:45:00: [Método: Oracle.DataAccess.Client.OracleDataReader ExecuteReader(Boolean, Boolean, System.Data.CommandBehavior), Línea: 0] - ORA-00933: comando SQL no terminado correctamente
ORA-06512: en "ELECTROMOVILIDAD.PKG_ELECTROMOV_CALCULO", línea 765
ORA-06512: en línea 1
20/04/2021 12:45:00: [Método: System.Data.Common.DbDataReader ExecuteDbDataReader(System.Data.CommandBehavior), Línea: 0] - ORA-00933: comando SQL no terminado correctamente
ORA-06512: en "ELECTROMOVILIDAD.PKG_ELECTROMOV_CALCULO", línea 765
ORA-06512: en línea 1
20/04/2021 12:45:00: [Método: System.Data.IDataReader System.Data.IDbCommand.ExecuteReader(System.Data.CommandBehavior), Línea: 0] - ORA-00933: comando SQL no terminado correctamente
ORA-06512: en "ELECTROMOVILIDAD.PKG_ELECTROMOV_CALCULO", línea 765
ORA-06512: en línea 1
20/04/2021 12:45:00: [Método: System.Data.IDataReader ExecuteReaderWithFlagsFallback(System.Data.IDbCommand, Boolean, System.Data.CommandBehavior), Línea: 0] - ORA-00933: comando SQL no terminado correctamente
ORA-06512: en "ELECTROMOVILIDAD.PKG_ELECTROMOV_CALCULO", línea 765
ORA-06512: en línea 1
20/04/2021 12:45:00: [Método: Boolean MoveNext(), Línea: 0] - ORA-00933: comando SQL no terminado correctamente
ORA-06512: en "ELECTROMOVILIDAD.PKG_ELECTROMOV_CALCULO", línea 765
ORA-06512: en línea 1
20/04/2021 12:45:00: [Método: Void .ctor(System.Collections.Generic.IEnumerable`1[T]), Línea: 0] - ORA-00933: comando SQL no terminado correctamente
ORA-06512: en "ELECTROMOVILIDAD.PKG_ELECTROMOV_CALCULO", línea 765
ORA-06512: en línea 1
20/04/2021 12:45:00: [Método: System.Collections.Generic.List`1[TSource] ToList[TSource](System.Collections.Generic.IEnumerable`1[TSource]), Línea: 0] - ORA-00933: comando SQL no terminado correctamente
ORA-06512: en "ELECTROMOVILIDAD.PKG_ELECTROMOV_CALCULO", línea 765
ORA-06512: en línea 1
20/04/2021 12:45:00: [Método: System.Collections.Generic.IEnumerable`1[T] Query[T](System.Data.IDbConnection, System.String, System.Object, System.Data.IDbTransaction, Boolean, System.Nullable`1[System.Int32], System.Nullable`1[System.Data.CommandType]), Línea: 0] - ORA-00933: comando SQL no terminado correctamente
ORA-06512: en "ELECTROMOVILIDAD.PKG_ELECTROMOV_CALCULO", línea 765
ORA-06512: en línea 1
20/04/2021 12:45:00: [Método: System.Collections.Generic.List`1[sres.be.EstacionCargaBE] getEstacionAll(System.Decimal, System.Decimal, System.Decimal, System.Decimal, System.String, System.String, System.String, System.String, Oracle.DataAccess.Client.OracleConnection), Línea: 253] - ORA-00933: comando SQL no terminado correctamente
ORA-06512: en "ELECTROMOVILIDAD.PKG_ELECTROMOV_CALCULO", línea 765
ORA-06512: en línea 1
20/04/2021 12:47:38: [Método: Void HandleErrorHelper(Int32, Oracle.DataAccess.Client.OracleConnection, IntPtr, Oracle.DataAccess.Client.OpoSqlValCtx*, System.Object, System.String, Boolean, Int32, Oracle.DataAccess.Client.OracleLogicalTransaction), Línea: 0] - ORA-12702: cadena de parámetro NLS no válida utilizada en la función SQL
ORA-06512: en "ELECTROMOVILIDAD.PKG_ELECTROMOV_CALCULO", línea 765
ORA-06512: en línea 1
20/04/2021 12:47:38: [Método: Void HandleError(Int32, Oracle.DataAccess.Client.OracleConnection, System.String, IntPtr, Oracle.DataAccess.Client.OpoSqlValCtx*, System.Object, Boolean, Oracle.DataAccess.Client.OracleLogicalTransaction), Línea: 0] - ORA-12702: cadena de parámetro NLS no válida utilizada en la función SQL
ORA-06512: en "ELECTROMOVILIDAD.PKG_ELECTROMOV_CALCULO", línea 765
ORA-06512: en línea 1
20/04/2021 12:47:38: [Método: Oracle.DataAccess.Client.OracleDataReader ExecuteReader(Boolean, Boolean, System.Data.CommandBehavior), Línea: 0] - ORA-12702: cadena de parámetro NLS no válida utilizada en la función SQL
ORA-06512: en "ELECTROMOVILIDAD.PKG_ELECTROMOV_CALCULO", línea 765
ORA-06512: en línea 1
20/04/2021 12:47:38: [Método: System.Data.Common.DbDataReader ExecuteDbDataReader(System.Data.CommandBehavior), Línea: 0] - ORA-12702: cadena de parámetro NLS no válida utilizada en la función SQL
ORA-06512: en "ELECTROMOVILIDAD.PKG_ELECTROMOV_CALCULO", línea 765
ORA-06512: en línea 1
20/04/2021 12:47:38: [Método: System.Data.IDataReader System.Data.IDbCommand.ExecuteReader(System.Data.CommandBehavior), Línea: 0] - ORA-12702: cadena de parámetro NLS no válida utilizada en la función SQL
ORA-06512: en "ELECTROMOVILIDAD.PKG_ELECTROMOV_CALCULO", línea 765
ORA-06512: en línea 1
20/04/2021 12:47:38: [Método: System.Data.IDataReader ExecuteReaderWithFlagsFallback(System.Data.IDbCommand, Boolean, System.Data.CommandBehavior), Línea: 0] - ORA-12702: cadena de parámetro NLS no válida utilizada en la función SQL
ORA-06512: en "ELECTROMOVILIDAD.PKG_ELECTROMOV_CALCULO", línea 765
ORA-06512: en línea 1
20/04/2021 12:47:38: [Método: Boolean MoveNext(), Línea: 0] - ORA-12702: cadena de parámetro NLS no válida utilizada en la función SQL
ORA-06512: en "ELECTROMOVILIDAD.PKG_ELECTROMOV_CALCULO", línea 765
ORA-06512: en línea 1
20/04/2021 12:47:38: [Método: Void .ctor(System.Collections.Generic.IEnumerable`1[T]), Línea: 0] - ORA-12702: cadena de parámetro NLS no válida utilizada en la función SQL
ORA-06512: en "ELECTROMOVILIDAD.PKG_ELECTROMOV_CALCULO", línea 765
ORA-06512: en línea 1
20/04/2021 12:47:38: [Método: System.Collections.Generic.List`1[TSource] ToList[TSource](System.Collections.Generic.IEnumerable`1[TSource]), Línea: 0] - ORA-12702: cadena de parámetro NLS no válida utilizada en la función SQL
ORA-06512: en "ELECTROMOVILIDAD.PKG_ELECTROMOV_CALCULO", línea 765
ORA-06512: en línea 1
20/04/2021 12:47:38: [Método: System.Collections.Generic.IEnumerable`1[T] Query[T](System.Data.IDbConnection, System.String, System.Object, System.Data.IDbTransaction, Boolean, System.Nullable`1[System.Int32], System.Nullable`1[System.Data.CommandType]), Línea: 0] - ORA-12702: cadena de parámetro NLS no válida utilizada en la función SQL
ORA-06512: en "ELECTROMOVILIDAD.PKG_ELECTROMOV_CALCULO", línea 765
ORA-06512: en línea 1
20/04/2021 12:47:38: [Método: System.Collections.Generic.List`1[sres.be.EstacionCargaBE] getEstacionAll(System.Decimal, System.Decimal, System.Decimal, System.Decimal, System.String, System.String, System.String, System.String, Oracle.DataAccess.Client.OracleConnection), Línea: 253] - ORA-12702: cadena de parámetro NLS no válida utilizada en la función SQL
ORA-06512: en "ELECTROMOVILIDAD.PKG_ELECTROMOV_CALCULO", línea 765
ORA-06512: en línea 1
20/04/2021 12:48:44: [Método: Void HandleErrorHelper(Int32, Oracle.DataAccess.Client.OracleConnection, IntPtr, Oracle.DataAccess.Client.OpoSqlValCtx*, System.Object, System.String, Boolean, Int32, Oracle.DataAccess.Client.OracleLogicalTransaction), Línea: 0] - ORA-00933: comando SQL no terminado correctamente
ORA-06512: en "ELECTROMOVILIDAD.PKG_ELECTROMOV_CALCULO", línea 765
ORA-06512: en línea 1
20/04/2021 12:48:44: [Método: Void HandleError(Int32, Oracle.DataAccess.Client.OracleConnection, System.String, IntPtr, Oracle.DataAccess.Client.OpoSqlValCtx*, System.Object, Boolean, Oracle.DataAccess.Client.OracleLogicalTransaction), Línea: 0] - ORA-00933: comando SQL no terminado correctamente
ORA-06512: en "ELECTROMOVILIDAD.PKG_ELECTROMOV_CALCULO", línea 765
ORA-06512: en línea 1
20/04/2021 12:48:44: [Método: Oracle.DataAccess.Client.OracleDataReader ExecuteReader(Boolean, Boolean, System.Data.CommandBehavior), Línea: 0] - ORA-00933: comando SQL no terminado correctamente
ORA-06512: en "ELECTROMOVILIDAD.PKG_ELECTROMOV_CALCULO", línea 765
ORA-06512: en línea 1
20/04/2021 12:48:44: [Método: System.Data.Common.DbDataReader ExecuteDbDataReader(System.Data.CommandBehavior), Línea: 0] - ORA-00933: comando SQL no terminado correctamente
ORA-06512: en "ELECTROMOVILIDAD.PKG_ELECTROMOV_CALCULO", línea 765
ORA-06512: en línea 1
20/04/2021 12:48:44: [Método: System.Data.IDataReader System.Data.IDbCommand.ExecuteReader(System.Data.CommandBehavior), Línea: 0] - ORA-00933: comando SQL no terminado correctamente
ORA-06512: en "ELECTROMOVILIDAD.PKG_ELECTROMOV_CALCULO", línea 765
ORA-06512: en línea 1
20/04/2021 12:48:44: [Método: System.Data.IDataReader ExecuteReaderWithFlagsFallback(System.Data.IDbCommand, Boolean, System.Data.CommandBehavior), Línea: 0] - ORA-00933: comando SQL no terminado correctamente
ORA-06512: en "ELECTROMOVILIDAD.PKG_ELECTROMOV_CALCULO", línea 765
ORA-06512: en línea 1
20/04/2021 12:48:44: [Método: Boolean MoveNext(), Línea: 0] - ORA-00933: comando SQL no terminado correctamente
ORA-06512: en "ELECTROMOVILIDAD.PKG_ELECTROMOV_CALCULO", línea 765
ORA-06512: en línea 1
20/04/2021 12:48:44: [Método: Void .ctor(System.Collections.Generic.IEnumerable`1[T]), Línea: 0] - ORA-00933: comando SQL no terminado correctamente
ORA-06512: en "ELECTROMOVILIDAD.PKG_ELECTROMOV_CALCULO", línea 765
ORA-06512: en línea 1
20/04/2021 12:48:44: [Método: System.Collections.Generic.List`1[TSource] ToList[TSource](System.Collections.Generic.IEnumerable`1[TSource]), Línea: 0] - ORA-00933: comando SQL no terminado correctamente
ORA-06512: en "ELECTROMOVILIDAD.PKG_ELECTROMOV_CALCULO", línea 765
ORA-06512: en línea 1
20/04/2021 12:48:44: [Método: System.Collections.Generic.IEnumerable`1[T] Query[T](System.Data.IDbConnection, System.String, System.Object, System.Data.IDbTransaction, Boolean, System.Nullable`1[System.Int32], System.Nullable`1[System.Data.CommandType]), Línea: 0] - ORA-00933: comando SQL no terminado correctamente
ORA-06512: en "ELECTROMOVILIDAD.PKG_ELECTROMOV_CALCULO", línea 765
ORA-06512: en línea 1
20/04/2021 12:48:44: [Método: System.Collections.Generic.List`1[sres.be.EstacionCargaBE] getEstacionAll(System.Decimal, System.Decimal, System.Decimal, System.Decimal, System.String, System.String, System.String, System.String, Oracle.DataAccess.Client.OracleConnection), Línea: 253] - ORA-00933: comando SQL no terminado correctamente
ORA-06512: en "ELECTROMOVILIDAD.PKG_ELECTROMOV_CALCULO", línea 765
ORA-06512: en línea 1
20/04/2021 12:53:41: [Método: Void HandleErrorHelper(Int32, Oracle.DataAccess.Client.OracleConnection, IntPtr, Oracle.DataAccess.Client.OpoSqlValCtx*, System.Object, System.String, Boolean, Int32, Oracle.DataAccess.Client.OracleLogicalTransaction), Línea: 0] - ORA-06502: PL/SQL: error  numérico o de valor
ORA-06512: en "ELECTROMOVILIDAD.PKG_ELECTROMOV_CALCULO", línea 756
ORA-06512: en línea 1
20/04/2021 12:53:41: [Método: Void HandleError(Int32, Oracle.DataAccess.Client.OracleConnection, System.String, IntPtr, Oracle.DataAccess.Client.OpoSqlValCtx*, System.Object, Boolean, Oracle.DataAccess.Client.OracleLogicalTransaction), Línea: 0] - ORA-06502: PL/SQL: error  numérico o de valor
ORA-06512: en "ELECTROMOVILIDAD.PKG_ELECTROMOV_CALCULO", línea 756
ORA-06512: en línea 1
20/04/2021 12:53:41: [Método: Oracle.DataAccess.Client.OracleDataReader ExecuteReader(Boolean, Boolean, System.Data.CommandBehavior), Línea: 0] - ORA-06502: PL/SQL: error  numérico o de valor
ORA-06512: en "ELECTROMOVILIDAD.PKG_ELECTROMOV_CALCULO", línea 756
ORA-06512: en línea 1
20/04/2021 12:53:41: [Método: System.Data.Common.DbDataReader ExecuteDbDataReader(System.Data.CommandBehavior), Línea: 0] - ORA-06502: PL/SQL: error  numérico o de valor
ORA-06512: en "ELECTROMOVILIDAD.PKG_ELECTROMOV_CALCULO", línea 756
ORA-06512: en línea 1
20/04/2021 12:53:41: [Método: System.Data.IDataReader System.Data.IDbCommand.ExecuteReader(System.Data.CommandBehavior), Línea: 0] - ORA-06502: PL/SQL: error  numérico o de valor
ORA-06512: en "ELECTROMOVILIDAD.PKG_ELECTROMOV_CALCULO", línea 756
ORA-06512: en línea 1
20/04/2021 12:53:41: [Método: System.Data.IDataReader ExecuteReaderWithFlagsFallback(System.Data.IDbCommand, Boolean, System.Data.CommandBehavior), Línea: 0] - ORA-06502: PL/SQL: error  numérico o de valor
ORA-06512: en "ELECTROMOVILIDAD.PKG_ELECTROMOV_CALCULO", línea 756
ORA-06512: en línea 1
20/04/2021 12:53:41: [Método: Boolean MoveNext(), Línea: 0] - ORA-06502: PL/SQL: error  numérico o de valor
ORA-06512: en "ELECTROMOVILIDAD.PKG_ELECTROMOV_CALCULO", línea 756
ORA-06512: en línea 1
20/04/2021 12:53:41: [Método: Void .ctor(System.Collections.Generic.IEnumerable`1[T]), Línea: 0] - ORA-06502: PL/SQL: error  numérico o de valor
ORA-06512: en "ELECTROMOVILIDAD.PKG_ELECTROMOV_CALCULO", línea 756
ORA-06512: en línea 1
20/04/2021 12:53:41: [Método: System.Collections.Generic.List`1[TSource] ToList[TSource](System.Collections.Generic.IEnumerable`1[TSource]), Línea: 0] - ORA-06502: PL/SQL: error  numérico o de valor
ORA-06512: en "ELECTROMOVILIDAD.PKG_ELECTROMOV_CALCULO", línea 756
ORA-06512: en línea 1
20/04/2021 12:53:41: [Método: System.Collections.Generic.IEnumerable`1[T] Query[T](System.Data.IDbConnection, System.String, System.Object, System.Data.IDbTransaction, Boolean, System.Nullable`1[System.Int32], System.Nullable`1[System.Data.CommandType]), Línea: 0] - ORA-06502: PL/SQL: error  numérico o de valor
ORA-06512: en "ELECTROMOVILIDAD.PKG_ELECTROMOV_CALCULO", línea 756
ORA-06512: en línea 1
20/04/2021 12:53:41: [Método: System.Collections.Generic.List`1[sres.be.EstacionCargaBE] getEstacionAll(System.Decimal, System.Decimal, System.Decimal, System.Decimal, System.String, System.String, System.String, System.String, Oracle.DataAccess.Client.OracleConnection), Línea: 253] - ORA-06502: PL/SQL: error  numérico o de valor
ORA-06512: en "ELECTROMOVILIDAD.PKG_ELECTROMOV_CALCULO", línea 756
ORA-06512: en línea 1
20/04/2021 13:02:22: [Método: Void HandleErrorHelper(Int32, Oracle.DataAccess.Client.OracleConnection, IntPtr, Oracle.DataAccess.Client.OpoSqlValCtx*, System.Object, System.String, Boolean, Int32, Oracle.DataAccess.Client.OracleLogicalTransaction), Línea: 0] - ORA-00933: comando SQL no terminado correctamente
ORA-06512: en "ELECTROMOVILIDAD.PKG_ELECTROMOV_CALCULO", línea 771
ORA-06512: en línea 1
20/04/2021 13:02:22: [Método: Void HandleError(Int32, Oracle.DataAccess.Client.OracleConnection, System.String, IntPtr, Oracle.DataAccess.Client.OpoSqlValCtx*, System.Object, Boolean, Oracle.DataAccess.Client.OracleLogicalTransaction), Línea: 0] - ORA-00933: comando SQL no terminado correctamente
ORA-06512: en "ELECTROMOVILIDAD.PKG_ELECTROMOV_CALCULO", línea 771
ORA-06512: en línea 1
20/04/2021 13:02:22: [Método: Oracle.DataAccess.Client.OracleDataReader ExecuteReader(Boolean, Boolean, System.Data.CommandBehavior), Línea: 0] - ORA-00933: comando SQL no terminado correctamente
ORA-06512: en "ELECTROMOVILIDAD.PKG_ELECTROMOV_CALCULO", línea 771
ORA-06512: en línea 1
20/04/2021 13:02:22: [Método: System.Data.Common.DbDataReader ExecuteDbDataReader(System.Data.CommandBehavior), Línea: 0] - ORA-00933: comando SQL no terminado correctamente
ORA-06512: en "ELECTROMOVILIDAD.PKG_ELECTROMOV_CALCULO", línea 771
ORA-06512: en línea 1
20/04/2021 13:02:22: [Método: System.Data.IDataReader System.Data.IDbCommand.ExecuteReader(System.Data.CommandBehavior), Línea: 0] - ORA-00933: comando SQL no terminado correctamente
ORA-06512: en "ELECTROMOVILIDAD.PKG_ELECTROMOV_CALCULO", línea 771
ORA-06512: en línea 1
20/04/2021 13:02:22: [Método: System.Data.IDataReader ExecuteReaderWithFlagsFallback(System.Data.IDbCommand, Boolean, System.Data.CommandBehavior), Línea: 0] - ORA-00933: comando SQL no terminado correctamente
ORA-06512: en "ELECTROMOVILIDAD.PKG_ELECTROMOV_CALCULO", línea 771
ORA-06512: en línea 1
20/04/2021 13:02:22: [Método: Boolean MoveNext(), Línea: 0] - ORA-00933: comando SQL no terminado correctamente
ORA-06512: en "ELECTROMOVILIDAD.PKG_ELECTROMOV_CALCULO", línea 771
ORA-06512: en línea 1
20/04/2021 13:02:22: [Método: Void .ctor(System.Collections.Generic.IEnumerable`1[T]), Línea: 0] - ORA-00933: comando SQL no terminado correctamente
ORA-06512: en "ELECTROMOVILIDAD.PKG_ELECTROMOV_CALCULO", línea 771
ORA-06512: en línea 1
20/04/2021 13:02:22: [Método: System.Collections.Generic.List`1[TSource] ToList[TSource](System.Collections.Generic.IEnumerable`1[TSource]), Línea: 0] - ORA-00933: comando SQL no terminado correctamente
ORA-06512: en "ELECTROMOVILIDAD.PKG_ELECTROMOV_CALCULO", línea 771
ORA-06512: en línea 1
20/04/2021 13:02:22: [Método: System.Collections.Generic.IEnumerable`1[T] Query[T](System.Data.IDbConnection, System.String, System.Object, System.Data.IDbTransaction, Boolean, System.Nullable`1[System.Int32], System.Nullable`1[System.Data.CommandType]), Línea: 0] - ORA-00933: comando SQL no terminado correctamente
ORA-06512: en "ELECTROMOVILIDAD.PKG_ELECTROMOV_CALCULO", línea 771
ORA-06512: en línea 1
20/04/2021 13:02:22: [Método: System.Collections.Generic.List`1[sres.be.EstacionCargaBE] getEstacionAll(System.Decimal, System.Decimal, System.Decimal, System.Decimal, System.String, System.String, System.String, System.String, Oracle.DataAccess.Client.OracleConnection), Línea: 253] - ORA-00933: comando SQL no terminado correctamente
ORA-06512: en "ELECTROMOVILIDAD.PKG_ELECTROMOV_CALCULO", línea 771
ORA-06512: en línea 1
20/04/2021 13:02:26: [Método: Void HandleErrorHelper(Int32, Oracle.DataAccess.Client.OracleConnection, IntPtr, Oracle.DataAccess.Client.OpoSqlValCtx*, System.Object, System.String, Boolean, Int32, Oracle.DataAccess.Client.OracleLogicalTransaction), Línea: 0] - ORA-00933: comando SQL no terminado correctamente
ORA-06512: en "ELECTROMOVILIDAD.PKG_ELECTROMOV_CALCULO", línea 771
ORA-06512: en línea 1
20/04/2021 13:02:26: [Método: Void HandleError(Int32, Oracle.DataAccess.Client.OracleConnection, System.String, IntPtr, Oracle.DataAccess.Client.OpoSqlValCtx*, System.Object, Boolean, Oracle.DataAccess.Client.OracleLogicalTransaction), Línea: 0] - ORA-00933: comando SQL no terminado correctamente
ORA-06512: en "ELECTROMOVILIDAD.PKG_ELECTROMOV_CALCULO", línea 771
ORA-06512: en línea 1
20/04/2021 13:02:26: [Método: Oracle.DataAccess.Client.OracleDataReader ExecuteReader(Boolean, Boolean, System.Data.CommandBehavior), Línea: 0] - ORA-00933: comando SQL no terminado correctamente
ORA-06512: en "ELECTROMOVILIDAD.PKG_ELECTROMOV_CALCULO", línea 771
ORA-06512: en línea 1
20/04/2021 13:02:26: [Método: System.Data.Common.DbDataReader ExecuteDbDataReader(System.Data.CommandBehavior), Línea: 0] - ORA-00933: comando SQL no terminado correctamente
ORA-06512: en "ELECTROMOVILIDAD.PKG_ELECTROMOV_CALCULO", línea 771
ORA-06512: en línea 1
20/04/2021 13:02:26: [Método: System.Data.IDataReader System.Data.IDbCommand.ExecuteReader(System.Data.CommandBehavior), Línea: 0] - ORA-00933: comando SQL no terminado correctamente
ORA-06512: en "ELECTROMOVILIDAD.PKG_ELECTROMOV_CALCULO", línea 771
ORA-06512: en línea 1
20/04/2021 13:02:26: [Método: System.Data.IDataReader ExecuteReaderWithFlagsFallback(System.Data.IDbCommand, Boolean, System.Data.CommandBehavior), Línea: 0] - ORA-00933: comando SQL no terminado correctamente
ORA-06512: en "ELECTROMOVILIDAD.PKG_ELECTROMOV_CALCULO", línea 771
ORA-06512: en línea 1
20/04/2021 13:02:26: [Método: Boolean MoveNext(), Línea: 0] - ORA-00933: comando SQL no terminado correctamente
ORA-06512: en "ELECTROMOVILIDAD.PKG_ELECTROMOV_CALCULO", línea 771
ORA-06512: en línea 1
20/04/2021 13:02:26: [Método: Void .ctor(System.Collections.Generic.IEnumerable`1[T]), Línea: 0] - ORA-00933: comando SQL no terminado correctamente
ORA-06512: en "ELECTROMOVILIDAD.PKG_ELECTROMOV_CALCULO", línea 771
ORA-06512: en línea 1
20/04/2021 13:02:26: [Método: System.Collections.Generic.List`1[TSource] ToList[TSource](System.Collections.Generic.IEnumerable`1[TSource]), Línea: 0] - ORA-00933: comando SQL no terminado correctamente
ORA-06512: en "ELECTROMOVILIDAD.PKG_ELECTROMOV_CALCULO", línea 771
ORA-06512: en línea 1
20/04/2021 13:02:26: [Método: System.Collections.Generic.IEnumerable`1[T] Query[T](System.Data.IDbConnection, System.String, System.Object, System.Data.IDbTransaction, Boolean, System.Nullable`1[System.Int32], System.Nullable`1[System.Data.CommandType]), Línea: 0] - ORA-00933: comando SQL no terminado correctamente
ORA-06512: en "ELECTROMOVILIDAD.PKG_ELECTROMOV_CALCULO", línea 771
ORA-06512: en línea 1
20/04/2021 13:02:26: [Método: System.Collections.Generic.List`1[sres.be.EstacionCargaBE] getEstacionAll(System.Decimal, System.Decimal, System.Decimal, System.Decimal, System.String, System.String, System.String, System.String, Oracle.DataAccess.Client.OracleConnection), Línea: 253] - ORA-00933: comando SQL no terminado correctamente
ORA-06512: en "ELECTROMOVILIDAD.PKG_ELECTROMOV_CALCULO", línea 771
ORA-06512: en línea 1
20/04/2021 13:02:26: [Método: Void HandleErrorHelper(Int32, Oracle.DataAccess.Client.OracleConnection, IntPtr, Oracle.DataAccess.Client.OpoSqlValCtx*, System.Object, System.String, Boolean, Int32, Oracle.DataAccess.Client.OracleLogicalTransaction), Línea: 0] - ORA-00933: comando SQL no terminado correctamente
ORA-06512: en "ELECTROMOVILIDAD.PKG_ELECTROMOV_CALCULO", línea 771
ORA-06512: en línea 1
20/04/2021 13:02:26: [Método: Void HandleError(Int32, Oracle.DataAccess.Client.OracleConnection, System.String, IntPtr, Oracle.DataAccess.Client.OpoSqlValCtx*, System.Object, Boolean, Oracle.DataAccess.Client.OracleLogicalTransaction), Línea: 0] - ORA-00933: comando SQL no terminado correctamente
ORA-06512: en "ELECTROMOVILIDAD.PKG_ELECTROMOV_CALCULO", línea 771
ORA-06512: en línea 1
20/04/2021 13:02:26: [Método: Oracle.DataAccess.Client.OracleDataReader ExecuteReader(Boolean, Boolean, System.Data.CommandBehavior), Línea: 0] - ORA-00933: comando SQL no terminado correctamente
ORA-06512: en "ELECTROMOVILIDAD.PKG_ELECTROMOV_CALCULO", línea 771
ORA-06512: en línea 1
20/04/2021 13:02:26: [Método: System.Data.Common.DbDataReader ExecuteDbDataReader(System.Data.CommandBehavior), Línea: 0] - ORA-00933: comando SQL no terminado correctamente
ORA-06512: en "ELECTROMOVILIDAD.PKG_ELECTROMOV_CALCULO", línea 771
ORA-06512: en línea 1
20/04/2021 13:02:26: [Método: System.Data.IDataReader System.Data.IDbCommand.ExecuteReader(System.Data.CommandBehavior), Línea: 0] - ORA-00933: comando SQL no terminado correctamente
ORA-06512: en "ELECTROMOVILIDAD.PKG_ELECTROMOV_CALCULO", línea 771
ORA-06512: en línea 1
20/04/2021 13:02:26: [Método: System.Data.IDataReader ExecuteReaderWithFlagsFallback(System.Data.IDbCommand, Boolean, System.Data.CommandBehavior), Línea: 0] - ORA-00933: comando SQL no terminado correctamente
ORA-06512: en "ELECTROMOVILIDAD.PKG_ELECTROMOV_CALCULO", línea 771
ORA-06512: en línea 1
20/04/2021 13:02:26: [Método: Boolean MoveNext(), Línea: 0] - ORA-00933: comando SQL no terminado correctamente
ORA-06512: en "ELECTROMOVILIDAD.PKG_ELECTROMOV_CALCULO", línea 771
ORA-06512: en línea 1
20/04/2021 13:02:26: [Método: Void .ctor(System.Collections.Generic.IEnumerable`1[T]), Línea: 0] - ORA-00933: comando SQL no terminado correctamente
ORA-06512: en "ELECTROMOVILIDAD.PKG_ELECTROMOV_CALCULO", línea 771
ORA-06512: en línea 1
20/04/2021 13:02:26: [Método: System.Collections.Generic.List`1[TSource] ToList[TSource](System.Collections.Generic.IEnumerable`1[TSource]), Línea: 0] - ORA-00933: comando SQL no terminado correctamente
ORA-06512: en "ELECTROMOVILIDAD.PKG_ELECTROMOV_CALCULO", línea 771
ORA-06512: en línea 1
20/04/2021 13:02:26: [Método: System.Collections.Generic.IEnumerable`1[T] Query[T](System.Data.IDbConnection, System.String, System.Object, System.Data.IDbTransaction, Boolean, System.Nullable`1[System.Int32], System.Nullable`1[System.Data.CommandType]), Línea: 0] - ORA-00933: comando SQL no terminado correctamente
ORA-06512: en "ELECTROMOVILIDAD.PKG_ELECTROMOV_CALCULO", línea 771
ORA-06512: en línea 1
20/04/2021 13:02:26: [Método: System.Collections.Generic.List`1[sres.be.EstacionCargaBE] getEstacionAll(System.Decimal, System.Decimal, System.Decimal, System.Decimal, System.String, System.String, System.String, System.String, Oracle.DataAccess.Client.OracleConnection), Línea: 253] - ORA-00933: comando SQL no terminado correctamente
ORA-06512: en "ELECTROMOVILIDAD.PKG_ELECTROMOV_CALCULO", línea 771
ORA-06512: en línea 1
20/04/2021 13:02:26: [Método: Void HandleErrorHelper(Int32, Oracle.DataAccess.Client.OracleConnection, IntPtr, Oracle.DataAccess.Client.OpoSqlValCtx*, System.Object, System.String, Boolean, Int32, Oracle.DataAccess.Client.OracleLogicalTransaction), Línea: 0] - ORA-00933: comando SQL no terminado correctamente
ORA-06512: en "ELECTROMOVILIDAD.PKG_ELECTROMOV_CALCULO", línea 771
ORA-06512: en línea 1
20/04/2021 13:02:26: [Método: Void HandleError(Int32, Oracle.DataAccess.Client.OracleConnection, System.String, IntPtr, Oracle.DataAccess.Client.OpoSqlValCtx*, System.Object, Boolean, Oracle.DataAccess.Client.OracleLogicalTransaction), Línea: 0] - ORA-00933: comando SQL no terminado correctamente
ORA-06512: en "ELECTROMOVILIDAD.PKG_ELECTROMOV_CALCULO", línea 771
ORA-06512: en línea 1
20/04/2021 13:02:26: [Método: Oracle.DataAccess.Client.OracleDataReader ExecuteReader(Boolean, Boolean, System.Data.CommandBehavior), Línea: 0] - ORA-00933: comando SQL no terminado correctamente
ORA-06512: en "ELECTROMOVILIDAD.PKG_ELECTROMOV_CALCULO", línea 771
ORA-06512: en línea 1
20/04/2021 13:02:26: [Método: System.Data.Common.DbDataReader ExecuteDbDataReader(System.Data.CommandBehavior), Línea: 0] - ORA-00933: comando SQL no terminado correctamente
ORA-06512: en "ELECTROMOVILIDAD.PKG_ELECTROMOV_CALCULO", línea 771
ORA-06512: en línea 1
20/04/2021 13:02:26: [Método: System.Data.IDataReader System.Data.IDbCommand.ExecuteReader(System.Data.CommandBehavior), Línea: 0] - ORA-00933: comando SQL no terminado correctamente
ORA-06512: en "ELECTROMOVILIDAD.PKG_ELECTROMOV_CALCULO", línea 771
ORA-06512: en línea 1
20/04/2021 13:02:26: [Método: System.Data.IDataReader ExecuteReaderWithFlagsFallback(System.Data.IDbCommand, Boolean, System.Data.CommandBehavior), Línea: 0] - ORA-00933: comando SQL no terminado correctamente
ORA-06512: en "ELECTROMOVILIDAD.PKG_ELECTROMOV_CALCULO", línea 771
ORA-06512: en línea 1
20/04/2021 13:02:26: [Método: Boolean MoveNext(), Línea: 0] - ORA-00933: comando SQL no terminado correctamente
ORA-06512: en "ELECTROMOVILIDAD.PKG_ELECTROMOV_CALCULO", línea 771
ORA-06512: en línea 1
20/04/2021 13:02:26: [Método: Void .ctor(System.Collections.Generic.IEnumerable`1[T]), Línea: 0] - ORA-00933: comando SQL no terminado correctamente
ORA-06512: en "ELECTROMOVILIDAD.PKG_ELECTROMOV_CALCULO", línea 771
ORA-06512: en línea 1
20/04/2021 13:02:26: [Método: System.Collections.Generic.List`1[TSource] ToList[TSource](System.Collections.Generic.IEnumerable`1[TSource]), Línea: 0] - ORA-00933: comando SQL no terminado correctamente
ORA-06512: en "ELECTROMOVILIDAD.PKG_ELECTROMOV_CALCULO", línea 771
ORA-06512: en línea 1
20/04/2021 13:02:26: [Método: System.Collections.Generic.IEnumerable`1[T] Query[T](System.Data.IDbConnection, System.String, System.Object, System.Data.IDbTransaction, Boolean, System.Nullable`1[System.Int32], System.Nullable`1[System.Data.CommandType]), Línea: 0] - ORA-00933: comando SQL no terminado correctamente
ORA-06512: en "ELECTROMOVILIDAD.PKG_ELECTROMOV_CALCULO", línea 771
ORA-06512: en línea 1
20/04/2021 13:02:26: [Método: System.Collections.Generic.List`1[sres.be.EstacionCargaBE] getEstacionAll(System.Decimal, System.Decimal, System.Decimal, System.Decimal, System.String, System.String, System.String, System.String, Oracle.DataAccess.Client.OracleConnection), Línea: 253] - ORA-00933: comando SQL no terminado correctamente
ORA-06512: en "ELECTROMOVILIDAD.PKG_ELECTROMOV_CALCULO", línea 771
ORA-06512: en línea 1
20/04/2021 13:02:26: [Método: Void HandleErrorHelper(Int32, Oracle.DataAccess.Client.OracleConnection, IntPtr, Oracle.DataAccess.Client.OpoSqlValCtx*, System.Object, System.String, Boolean, Int32, Oracle.DataAccess.Client.OracleLogicalTransaction), Línea: 0] - ORA-00933: comando SQL no terminado correctamente
ORA-06512: en "ELECTROMOVILIDAD.PKG_ELECTROMOV_CALCULO", línea 771
ORA-06512: en línea 1
20/04/2021 13:02:26: [Método: Void HandleError(Int32, Oracle.DataAccess.Client.OracleConnection, System.String, IntPtr, Oracle.DataAccess.Client.OpoSqlValCtx*, System.Object, Boolean, Oracle.DataAccess.Client.OracleLogicalTransaction), Línea: 0] - ORA-00933: comando SQL no terminado correctamente
ORA-06512: en "ELECTROMOVILIDAD.PKG_ELECTROMOV_CALCULO", línea 771
ORA-06512: en línea 1
20/04/2021 13:02:26: [Método: Oracle.DataAccess.Client.OracleDataReader ExecuteReader(Boolean, Boolean, System.Data.CommandBehavior), Línea: 0] - ORA-00933: comando SQL no terminado correctamente
ORA-06512: en "ELECTROMOVILIDAD.PKG_ELECTROMOV_CALCULO", línea 771
ORA-06512: en línea 1
20/04/2021 13:02:26: [Método: System.Data.Common.DbDataReader ExecuteDbDataReader(System.Data.CommandBehavior), Línea: 0] - ORA-00933: comando SQL no terminado correctamente
ORA-06512: en "ELECTROMOVILIDAD.PKG_ELECTROMOV_CALCULO", línea 771
ORA-06512: en línea 1
20/04/2021 13:02:26: [Método: System.Data.IDataReader System.Data.IDbCommand.ExecuteReader(System.Data.CommandBehavior), Línea: 0] - ORA-00933: comando SQL no terminado correctamente
ORA-06512: en "ELECTROMOVILIDAD.PKG_ELECTROMOV_CALCULO", línea 771
ORA-06512: en línea 1
20/04/2021 13:02:26: [Método: System.Data.IDataReader ExecuteReaderWithFlagsFallback(System.Data.IDbCommand, Boolean, System.Data.CommandBehavior), Línea: 0] - ORA-00933: comando SQL no terminado correctamente
ORA-06512: en "ELECTROMOVILIDAD.PKG_ELECTROMOV_CALCULO", línea 771
ORA-06512: en línea 1
20/04/2021 13:02:26: [Método: Boolean MoveNext(), Línea: 0] - ORA-00933: comando SQL no terminado correctamente
ORA-06512: en "ELECTROMOVILIDAD.PKG_ELECTROMOV_CALCULO", línea 771
ORA-06512: en línea 1
20/04/2021 13:02:26: [Método: Void .ctor(System.Collections.Generic.IEnumerable`1[T]), Línea: 0] - ORA-00933: comando SQL no terminado correctamente
ORA-06512: en "ELECTROMOVILIDAD.PKG_ELECTROMOV_CALCULO", línea 771
ORA-06512: en línea 1
20/04/2021 13:02:26: [Método: System.Collections.Generic.List`1[TSource] ToList[TSource](System.Collections.Generic.IEnumerable`1[TSource]), Línea: 0] - ORA-00933: comando SQL no terminado correctamente
ORA-06512: en "ELECTROMOVILIDAD.PKG_ELECTROMOV_CALCULO", línea 771
ORA-06512: en línea 1
20/04/2021 13:02:26: [Método: System.Collections.Generic.IEnumerable`1[T] Query[T](System.Data.IDbConnection, System.String, System.Object, System.Data.IDbTransaction, Boolean, System.Nullable`1[System.Int32], System.Nullable`1[System.Data.CommandType]), Línea: 0] - ORA-00933: comando SQL no terminado correctamente
ORA-06512: en "ELECTROMOVILIDAD.PKG_ELECTROMOV_CALCULO", línea 771
ORA-06512: en línea 1
20/04/2021 13:02:26: [Método: System.Collections.Generic.List`1[sres.be.EstacionCargaBE] getEstacionAll(System.Decimal, System.Decimal, System.Decimal, System.Decimal, System.String, System.String, System.String, System.String, Oracle.DataAccess.Client.OracleConnection), Línea: 253] - ORA-00933: comando SQL no terminado correctamente
ORA-06512: en "ELECTROMOVILIDAD.PKG_ELECTROMOV_CALCULO", línea 771
ORA-06512: en línea 1
20/04/2021 13:04:36: [Método: Void HandleErrorHelper(Int32, Oracle.DataAccess.Client.OracleConnection, IntPtr, Oracle.DataAccess.Client.OpoSqlValCtx*, System.Object, System.String, Boolean, Int32, Oracle.DataAccess.Client.OracleLogicalTransaction), Línea: 0] - ORA-00933: comando SQL no terminado correctamente
ORA-06512: en "ELECTROMOVILIDAD.PKG_ELECTROMOV_CALCULO", línea 771
ORA-06512: en línea 1
20/04/2021 13:04:36: [Método: Void HandleError(Int32, Oracle.DataAccess.Client.OracleConnection, System.String, IntPtr, Oracle.DataAccess.Client.OpoSqlValCtx*, System.Object, Boolean, Oracle.DataAccess.Client.OracleLogicalTransaction), Línea: 0] - ORA-00933: comando SQL no terminado correctamente
ORA-06512: en "ELECTROMOVILIDAD.PKG_ELECTROMOV_CALCULO", línea 771
ORA-06512: en línea 1
20/04/2021 13:04:36: [Método: Oracle.DataAccess.Client.OracleDataReader ExecuteReader(Boolean, Boolean, System.Data.CommandBehavior), Línea: 0] - ORA-00933: comando SQL no terminado correctamente
ORA-06512: en "ELECTROMOVILIDAD.PKG_ELECTROMOV_CALCULO", línea 771
ORA-06512: en línea 1
20/04/2021 13:04:36: [Método: System.Data.Common.DbDataReader ExecuteDbDataReader(System.Data.CommandBehavior), Línea: 0] - ORA-00933: comando SQL no terminado correctamente
ORA-06512: en "ELECTROMOVILIDAD.PKG_ELECTROMOV_CALCULO", línea 771
ORA-06512: en línea 1
20/04/2021 13:04:36: [Método: System.Data.IDataReader System.Data.IDbCommand.ExecuteReader(System.Data.CommandBehavior), Línea: 0] - ORA-00933: comando SQL no terminado correctamente
ORA-06512: en "ELECTROMOVILIDAD.PKG_ELECTROMOV_CALCULO", línea 771
ORA-06512: en línea 1
20/04/2021 13:04:36: [Método: System.Data.IDataReader ExecuteReaderWithFlagsFallback(System.Data.IDbCommand, Boolean, System.Data.CommandBehavior), Línea: 0] - ORA-00933: comando SQL no terminado correctamente
ORA-06512: en "ELECTROMOVILIDAD.PKG_ELECTROMOV_CALCULO", línea 771
ORA-06512: en línea 1
20/04/2021 13:04:36: [Método: Boolean MoveNext(), Línea: 0] - ORA-00933: comando SQL no terminado correctamente
ORA-06512: en "ELECTROMOVILIDAD.PKG_ELECTROMOV_CALCULO", línea 771
ORA-06512: en línea 1
20/04/2021 13:04:36: [Método: Void .ctor(System.Collections.Generic.IEnumerable`1[T]), Línea: 0] - ORA-00933: comando SQL no terminado correctamente
ORA-06512: en "ELECTROMOVILIDAD.PKG_ELECTROMOV_CALCULO", línea 771
ORA-06512: en línea 1
20/04/2021 13:04:36: [Método: System.Collections.Generic.List`1[TSource] ToList[TSource](System.Collections.Generic.IEnumerable`1[TSource]), Línea: 0] - ORA-00933: comando SQL no terminado correctamente
ORA-06512: en "ELECTROMOVILIDAD.PKG_ELECTROMOV_CALCULO", línea 771
ORA-06512: en línea 1
20/04/2021 13:04:36: [Método: System.Collections.Generic.IEnumerable`1[T] Query[T](System.Data.IDbConnection, System.String, System.Object, System.Data.IDbTransaction, Boolean, System.Nullable`1[System.Int32], System.Nullable`1[System.Data.CommandType]), Línea: 0] - ORA-00933: comando SQL no terminado correctamente
ORA-06512: en "ELECTROMOVILIDAD.PKG_ELECTROMOV_CALCULO", línea 771
ORA-06512: en línea 1
20/04/2021 13:04:36: [Método: System.Collections.Generic.List`1[sres.be.EstacionCargaBE] getEstacionAll(System.Decimal, System.Decimal, System.Decimal, System.Decimal, System.String, System.String, System.String, System.String, Oracle.DataAccess.Client.OracleConnection), Línea: 253] - ORA-00933: comando SQL no terminado correctamente
ORA-06512: en "ELECTROMOVILIDAD.PKG_ELECTROMOV_CALCULO", línea 771
ORA-06512: en línea 1
20/04/2021 13:51:26: [Método: Void HandleErrorHelper(Int32, Oracle.DataAccess.Client.OracleConnection, IntPtr, Oracle.DataAccess.Client.OpoSqlValCtx*, System.Object, System.String, Boolean, Int32, Oracle.DataAccess.Client.OracleLogicalTransaction), Línea: 0] - ORA-00933: comando SQL no terminado correctamente
ORA-06512: en "ELECTROMOVILIDAD.PKG_ELECTROMOV_CALCULO", línea 790
ORA-06512: en línea 1
20/04/2021 13:51:26: [Método: Void HandleError(Int32, Oracle.DataAccess.Client.OracleConnection, System.String, IntPtr, Oracle.DataAccess.Client.OpoSqlValCtx*, System.Object, Boolean, Oracle.DataAccess.Client.OracleLogicalTransaction), Línea: 0] - ORA-00933: comando SQL no terminado correctamente
ORA-06512: en "ELECTROMOVILIDAD.PKG_ELECTROMOV_CALCULO", línea 790
ORA-06512: en línea 1
20/04/2021 13:51:26: [Método: Oracle.DataAccess.Client.OracleDataReader ExecuteReader(Boolean, Boolean, System.Data.CommandBehavior), Línea: 0] - ORA-00933: comando SQL no terminado correctamente
ORA-06512: en "ELECTROMOVILIDAD.PKG_ELECTROMOV_CALCULO", línea 790
ORA-06512: en línea 1
20/04/2021 13:51:26: [Método: System.Data.Common.DbDataReader ExecuteDbDataReader(System.Data.CommandBehavior), Línea: 0] - ORA-00933: comando SQL no terminado correctamente
ORA-06512: en "ELECTROMOVILIDAD.PKG_ELECTROMOV_CALCULO", línea 790
ORA-06512: en línea 1
20/04/2021 13:51:26: [Método: System.Data.IDataReader System.Data.IDbCommand.ExecuteReader(System.Data.CommandBehavior), Línea: 0] - ORA-00933: comando SQL no terminado correctamente
ORA-06512: en "ELECTROMOVILIDAD.PKG_ELECTROMOV_CALCULO", línea 790
ORA-06512: en línea 1
20/04/2021 13:51:26: [Método: System.Data.IDataReader ExecuteReaderWithFlagsFallback(System.Data.IDbCommand, Boolean, System.Data.CommandBehavior), Línea: 0] - ORA-00933: comando SQL no terminado correctamente
ORA-06512: en "ELECTROMOVILIDAD.PKG_ELECTROMOV_CALCULO", línea 790
ORA-06512: en línea 1
20/04/2021 13:51:26: [Método: Boolean MoveNext(), Línea: 0] - ORA-00933: comando SQL no terminado correctamente
ORA-06512: en "ELECTROMOVILIDAD.PKG_ELECTROMOV_CALCULO", línea 790
ORA-06512: en línea 1
20/04/2021 13:51:26: [Método: Void .ctor(System.Collections.Generic.IEnumerable`1[T]), Línea: 0] - ORA-00933: comando SQL no terminado correctamente
ORA-06512: en "ELECTROMOVILIDAD.PKG_ELECTROMOV_CALCULO", línea 790
ORA-06512: en línea 1
20/04/2021 13:51:26: [Método: System.Collections.Generic.List`1[TSource] ToList[TSource](System.Collections.Generic.IEnumerable`1[TSource]), Línea: 0] - ORA-00933: comando SQL no terminado correctamente
ORA-06512: en "ELECTROMOVILIDAD.PKG_ELECTROMOV_CALCULO", línea 790
ORA-06512: en línea 1
20/04/2021 13:51:26: [Método: System.Collections.Generic.IEnumerable`1[T] Query[T](System.Data.IDbConnection, System.String, System.Object, System.Data.IDbTransaction, Boolean, System.Nullable`1[System.Int32], System.Nullable`1[System.Data.CommandType]), Línea: 0] - ORA-00933: comando SQL no terminado correctamente
ORA-06512: en "ELECTROMOVILIDAD.PKG_ELECTROMOV_CALCULO", línea 790
ORA-06512: en línea 1
20/04/2021 13:51:26: [Método: System.Collections.Generic.List`1[sres.be.EstacionCargaBE] getEstacionAll(System.Decimal, System.Decimal, System.Decimal, System.Decimal, System.Decimal, System.String, System.String, System.String, Oracle.DataAccess.Client.OracleConnection), Línea: 253] - ORA-00933: comando SQL no terminado correctamente
ORA-06512: en "ELECTROMOVILIDAD.PKG_ELECTROMOV_CALCULO", línea 790
ORA-06512: en línea 1
