10/03/2021 00:01:31: [Método: System.Object CallSite.Target(System.Runtime.CompilerServices.Closure, System.Runtime.CompilerServices.CallSite, System.Object), Línea: 0] - '<>f__AnonymousType0<string,string,string,string>' no contiene una definición para 'Criterio'.
10/03/2021 00:01:31: [Método: TRet UpdateAndExecute1[T0,TRet](System.Runtime.CompilerServices.CallSite, T0), Línea: 0] - '<>f__AnonymousType0<string,string,string,string>' no contiene una definición para 'Criterio'.
10/03/2021 00:01:31: [Método: System.Collections.Generic.List`1[sres.be.EstacionCargaBE] BuscarEstaciones(Int32, System.String, System.String, Int32, Int32, System.String, System.String, Oracle.DataAccess.Client.OracleConnection), Línea: 239] - '<>f__AnonymousType0<string,string,string,string>' no contiene una definición para 'Criterio'.
10/03/2021 00:03:17: [Método: System.Object CallSite.Target(System.Runtime.CompilerServices.Closure, System.Runtime.CompilerServices.CallSite, System.Object), Línea: 0] - '<>f__AnonymousType0<string,string,string,string>' no contiene una definición para 'Criterio'.
10/03/2021 00:03:17: [Método: System.Collections.Generic.List`1[sres.be.EstacionCargaBE] BuscarEstaciones(Int32, System.String, System.String, Int32, Int32, System.String, System.String, Oracle.DataAccess.Client.OracleConnection), Línea: 239] - '<>f__AnonymousType0<string,string,string,string>' no contiene una definición para 'Criterio'.
10/03/2021 00:07:27: [Método: Void HandleErrorHelper(Int32, Oracle.DataAccess.Client.OracleConnection, IntPtr, Oracle.DataAccess.Client.OpoSqlValCtx*, System.Object, System.String, Boolean, Int32, Oracle.DataAccess.Client.OracleLogicalTransaction), Línea: 0] - ORA-06550: línea 1, columna 7:
PLS-00306: número o tipos de argumentos erróneos al llamar a 'USP_SEL_BUSQ_ESTACIONES'
ORA-06550: línea 1, columna 7:
PL/SQL: Statement ignored
10/03/2021 00:07:27: [Método: Void HandleError(Int32, Oracle.DataAccess.Client.OracleConnection, System.String, IntPtr, Oracle.DataAccess.Client.OpoSqlValCtx*, System.Object, Boolean, Oracle.DataAccess.Client.OracleLogicalTransaction), Línea: 0] - ORA-06550: línea 1, columna 7:
PLS-00306: número o tipos de argumentos erróneos al llamar a 'USP_SEL_BUSQ_ESTACIONES'
ORA-06550: línea 1, columna 7:
PL/SQL: Statement ignored
10/03/2021 00:07:27: [Método: Oracle.DataAccess.Client.OracleDataReader ExecuteReader(Boolean, Boolean, System.Data.CommandBehavior), Línea: 0] - ORA-06550: línea 1, columna 7:
PLS-00306: número o tipos de argumentos erróneos al llamar a 'USP_SEL_BUSQ_ESTACIONES'
ORA-06550: línea 1, columna 7:
PL/SQL: Statement ignored
10/03/2021 00:07:27: [Método: System.Data.Common.DbDataReader ExecuteDbDataReader(System.Data.CommandBehavior), Línea: 0] - ORA-06550: línea 1, columna 7:
PLS-00306: número o tipos de argumentos erróneos al llamar a 'USP_SEL_BUSQ_ESTACIONES'
ORA-06550: línea 1, columna 7:
PL/SQL: Statement ignored
10/03/2021 00:07:27: [Método: System.Data.IDataReader System.Data.IDbCommand.ExecuteReader(System.Data.CommandBehavior), Línea: 0] - ORA-06550: línea 1, columna 7:
PLS-00306: número o tipos de argumentos erróneos al llamar a 'USP_SEL_BUSQ_ESTACIONES'
ORA-06550: línea 1, columna 7:
PL/SQL: Statement ignored
10/03/2021 00:07:27: [Método: System.Data.IDataReader ExecuteReaderWithFlagsFallback(System.Data.IDbCommand, Boolean, System.Data.CommandBehavior), Línea: 0] - ORA-06550: línea 1, columna 7:
PLS-00306: número o tipos de argumentos erróneos al llamar a 'USP_SEL_BUSQ_ESTACIONES'
ORA-06550: línea 1, columna 7:
PL/SQL: Statement ignored
10/03/2021 00:07:27: [Método: Boolean MoveNext(), Línea: 0] - ORA-06550: línea 1, columna 7:
PLS-00306: número o tipos de argumentos erróneos al llamar a 'USP_SEL_BUSQ_ESTACIONES'
ORA-06550: línea 1, columna 7:
PL/SQL: Statement ignored
10/03/2021 00:07:27: [Método: Void .ctor(System.Collections.Generic.IEnumerable`1[T]), Línea: 0] - ORA-06550: línea 1, columna 7:
PLS-00306: número o tipos de argumentos erróneos al llamar a 'USP_SEL_BUSQ_ESTACIONES'
ORA-06550: línea 1, columna 7:
PL/SQL: Statement ignored
10/03/2021 00:07:27: [Método: System.Collections.Generic.List`1[TSource] ToList[TSource](System.Collections.Generic.IEnumerable`1[TSource]), Línea: 0] - ORA-06550: línea 1, columna 7:
PLS-00306: número o tipos de argumentos erróneos al llamar a 'USP_SEL_BUSQ_ESTACIONES'
ORA-06550: línea 1, columna 7:
PL/SQL: Statement ignored
10/03/2021 00:07:27: [Método: System.Collections.Generic.IEnumerable`1[T] Query[T](System.Data.IDbConnection, System.String, System.Object, System.Data.IDbTransaction, Boolean, System.Nullable`1[System.Int32], System.Nullable`1[System.Data.CommandType]), Línea: 0] - ORA-06550: línea 1, columna 7:
PLS-00306: número o tipos de argumentos erróneos al llamar a 'USP_SEL_BUSQ_ESTACIONES'
ORA-06550: línea 1, columna 7:
PL/SQL: Statement ignored
10/03/2021 00:07:27: [Método: System.Collections.Generic.List`1[sres.be.EstacionCargaBE] BuscarEstaciones(Int32, System.String, System.String, Int32, Int32, System.String, System.String, Oracle.DataAccess.Client.OracleConnection), Línea: 249] - ORA-06550: línea 1, columna 7:
PLS-00306: número o tipos de argumentos erróneos al llamar a 'USP_SEL_BUSQ_ESTACIONES'
ORA-06550: línea 1, columna 7:
PL/SQL: Statement ignored
10/03/2021 00:08:37: [Método: Void HandleErrorHelper(Int32, Oracle.DataAccess.Client.OracleConnection, IntPtr, Oracle.DataAccess.Client.OpoSqlValCtx*, System.Object, System.String, Boolean, Int32, Oracle.DataAccess.Client.OracleLogicalTransaction), Línea: 0] - ORA-06550: línea 1, columna 7:
PLS-00306: número o tipos de argumentos erróneos al llamar a 'USP_SEL_BUSQ_ESTACIONES'
ORA-06550: línea 1, columna 7:
PL/SQL: Statement ignored
10/03/2021 00:08:37: [Método: Void HandleError(Int32, Oracle.DataAccess.Client.OracleConnection, System.String, IntPtr, Oracle.DataAccess.Client.OpoSqlValCtx*, System.Object, Boolean, Oracle.DataAccess.Client.OracleLogicalTransaction), Línea: 0] - ORA-06550: línea 1, columna 7:
PLS-00306: número o tipos de argumentos erróneos al llamar a 'USP_SEL_BUSQ_ESTACIONES'
ORA-06550: línea 1, columna 7:
PL/SQL: Statement ignored
10/03/2021 00:08:37: [Método: Oracle.DataAccess.Client.OracleDataReader ExecuteReader(Boolean, Boolean, System.Data.CommandBehavior), Línea: 0] - ORA-06550: línea 1, columna 7:
PLS-00306: número o tipos de argumentos erróneos al llamar a 'USP_SEL_BUSQ_ESTACIONES'
ORA-06550: línea 1, columna 7:
PL/SQL: Statement ignored
10/03/2021 00:08:37: [Método: System.Data.Common.DbDataReader ExecuteDbDataReader(System.Data.CommandBehavior), Línea: 0] - ORA-06550: línea 1, columna 7:
PLS-00306: número o tipos de argumentos erróneos al llamar a 'USP_SEL_BUSQ_ESTACIONES'
ORA-06550: línea 1, columna 7:
PL/SQL: Statement ignored
10/03/2021 00:08:37: [Método: System.Data.IDataReader System.Data.IDbCommand.ExecuteReader(System.Data.CommandBehavior), Línea: 0] - ORA-06550: línea 1, columna 7:
PLS-00306: número o tipos de argumentos erróneos al llamar a 'USP_SEL_BUSQ_ESTACIONES'
ORA-06550: línea 1, columna 7:
PL/SQL: Statement ignored
10/03/2021 00:08:37: [Método: System.Data.IDataReader ExecuteReaderWithFlagsFallback(System.Data.IDbCommand, Boolean, System.Data.CommandBehavior), Línea: 0] - ORA-06550: línea 1, columna 7:
PLS-00306: número o tipos de argumentos erróneos al llamar a 'USP_SEL_BUSQ_ESTACIONES'
ORA-06550: línea 1, columna 7:
PL/SQL: Statement ignored
10/03/2021 00:08:37: [Método: Boolean MoveNext(), Línea: 0] - ORA-06550: línea 1, columna 7:
PLS-00306: número o tipos de argumentos erróneos al llamar a 'USP_SEL_BUSQ_ESTACIONES'
ORA-06550: línea 1, columna 7:
PL/SQL: Statement ignored
10/03/2021 00:08:37: [Método: Void .ctor(System.Collections.Generic.IEnumerable`1[T]), Línea: 0] - ORA-06550: línea 1, columna 7:
PLS-00306: número o tipos de argumentos erróneos al llamar a 'USP_SEL_BUSQ_ESTACIONES'
ORA-06550: línea 1, columna 7:
PL/SQL: Statement ignored
10/03/2021 00:08:37: [Método: System.Collections.Generic.List`1[TSource] ToList[TSource](System.Collections.Generic.IEnumerable`1[TSource]), Línea: 0] - ORA-06550: línea 1, columna 7:
PLS-00306: número o tipos de argumentos erróneos al llamar a 'USP_SEL_BUSQ_ESTACIONES'
ORA-06550: línea 1, columna 7:
PL/SQL: Statement ignored
10/03/2021 00:08:37: [Método: System.Collections.Generic.IEnumerable`1[T] Query[T](System.Data.IDbConnection, System.String, System.Object, System.Data.IDbTransaction, Boolean, System.Nullable`1[System.Int32], System.Nullable`1[System.Data.CommandType]), Línea: 0] - ORA-06550: línea 1, columna 7:
PLS-00306: número o tipos de argumentos erróneos al llamar a 'USP_SEL_BUSQ_ESTACIONES'
ORA-06550: línea 1, columna 7:
PL/SQL: Statement ignored
10/03/2021 00:08:37: [Método: System.Collections.Generic.List`1[sres.be.EstacionCargaBE] BuscarEstaciones(Int32, System.String, System.String, Int32, Int32, System.String, System.String, Oracle.DataAccess.Client.OracleConnection), Línea: 249] - ORA-06550: línea 1, columna 7:
PLS-00306: número o tipos de argumentos erróneos al llamar a 'USP_SEL_BUSQ_ESTACIONES'
ORA-06550: línea 1, columna 7:
PL/SQL: Statement ignored
10/03/2021 00:08:42: [Método: Void HandleErrorHelper(Int32, Oracle.DataAccess.Client.OracleConnection, IntPtr, Oracle.DataAccess.Client.OpoSqlValCtx*, System.Object, System.String, Boolean, Int32, Oracle.DataAccess.Client.OracleLogicalTransaction), Línea: 0] - ORA-00904: "ID_CONVOCATORIA": identificador no válido
ORA-06512: en "ELECTROMOVILIDAD.PKG_ELECTROMOV_VERIFICACION", línea 87
ORA-06512: en línea 1
10/03/2021 00:08:42: [Método: Void HandleError(Int32, Oracle.DataAccess.Client.OracleConnection, System.String, IntPtr, Oracle.DataAccess.Client.OpoSqlValCtx*, System.Object, Boolean, Oracle.DataAccess.Client.OracleLogicalTransaction), Línea: 0] - ORA-00904: "ID_CONVOCATORIA": identificador no válido
ORA-06512: en "ELECTROMOVILIDAD.PKG_ELECTROMOV_VERIFICACION", línea 87
ORA-06512: en línea 1
10/03/2021 00:08:42: [Método: Oracle.DataAccess.Client.OracleDataReader ExecuteReader(Boolean, Boolean, System.Data.CommandBehavior), Línea: 0] - ORA-00904: "ID_CONVOCATORIA": identificador no válido
ORA-06512: en "ELECTROMOVILIDAD.PKG_ELECTROMOV_VERIFICACION", línea 87
ORA-06512: en línea 1
10/03/2021 00:08:42: [Método: System.Data.Common.DbDataReader ExecuteDbDataReader(System.Data.CommandBehavior), Línea: 0] - ORA-00904: "ID_CONVOCATORIA": identificador no válido
ORA-06512: en "ELECTROMOVILIDAD.PKG_ELECTROMOV_VERIFICACION", línea 87
ORA-06512: en línea 1
10/03/2021 00:08:42: [Método: System.Data.IDataReader System.Data.IDbCommand.ExecuteReader(System.Data.CommandBehavior), Línea: 0] - ORA-00904: "ID_CONVOCATORIA": identificador no válido
ORA-06512: en "ELECTROMOVILIDAD.PKG_ELECTROMOV_VERIFICACION", línea 87
ORA-06512: en línea 1
10/03/2021 00:08:42: [Método: System.Data.IDataReader ExecuteReaderWithFlagsFallback(System.Data.IDbCommand, Boolean, System.Data.CommandBehavior), Línea: 0] - ORA-00904: "ID_CONVOCATORIA": identificador no válido
ORA-06512: en "ELECTROMOVILIDAD.PKG_ELECTROMOV_VERIFICACION", línea 87
ORA-06512: en línea 1
10/03/2021 00:08:42: [Método: Boolean MoveNext(), Línea: 0] - ORA-00904: "ID_CONVOCATORIA": identificador no válido
ORA-06512: en "ELECTROMOVILIDAD.PKG_ELECTROMOV_VERIFICACION", línea 87
ORA-06512: en línea 1
10/03/2021 00:08:42: [Método: Void .ctor(System.Collections.Generic.IEnumerable`1[T]), Línea: 0] - ORA-00904: "ID_CONVOCATORIA": identificador no válido
ORA-06512: en "ELECTROMOVILIDAD.PKG_ELECTROMOV_VERIFICACION", línea 87
ORA-06512: en línea 1
10/03/2021 00:08:42: [Método: System.Collections.Generic.List`1[TSource] ToList[TSource](System.Collections.Generic.IEnumerable`1[TSource]), Línea: 0] - ORA-00904: "ID_CONVOCATORIA": identificador no válido
ORA-06512: en "ELECTROMOVILIDAD.PKG_ELECTROMOV_VERIFICACION", línea 87
ORA-06512: en línea 1
10/03/2021 00:08:42: [Método: System.Collections.Generic.IEnumerable`1[T] Query[T](System.Data.IDbConnection, System.String, System.Object, System.Data.IDbTransaction, Boolean, System.Nullable`1[System.Int32], System.Nullable`1[System.Data.CommandType]), Línea: 0] - ORA-00904: "ID_CONVOCATORIA": identificador no válido
ORA-06512: en "ELECTROMOVILIDAD.PKG_ELECTROMOV_VERIFICACION", línea 87
ORA-06512: en línea 1
10/03/2021 00:08:42: [Método: System.Collections.Generic.List`1[sres.be.EstacionCargaBE] BuscarEstaciones(Int32, System.String, System.String, Int32, Int32, System.String, System.String, Oracle.DataAccess.Client.OracleConnection), Línea: 249] - ORA-00904: "ID_CONVOCATORIA": identificador no válido
ORA-06512: en "ELECTROMOVILIDAD.PKG_ELECTROMOV_VERIFICACION", línea 87
ORA-06512: en línea 1
10/03/2021 00:10:09: [Método: Void HandleErrorHelper(Int32, Oracle.DataAccess.Client.OracleConnection, IntPtr, Oracle.DataAccess.Client.OpoSqlValCtx*, System.Object, System.String, Boolean, Int32, Oracle.DataAccess.Client.OracleLogicalTransaction), Línea: 0] - ORA-00904: "ID_CONVOCATORIA": identificador no válido
ORA-06512: en "ELECTROMOVILIDAD.PKG_ELECTROMOV_VERIFICACION", línea 87
ORA-06512: en línea 1
10/03/2021 00:10:09: [Método: Void HandleError(Int32, Oracle.DataAccess.Client.OracleConnection, System.String, IntPtr, Oracle.DataAccess.Client.OpoSqlValCtx*, System.Object, Boolean, Oracle.DataAccess.Client.OracleLogicalTransaction), Línea: 0] - ORA-00904: "ID_CONVOCATORIA": identificador no válido
ORA-06512: en "ELECTROMOVILIDAD.PKG_ELECTROMOV_VERIFICACION", línea 87
ORA-06512: en línea 1
10/03/2021 00:10:09: [Método: Oracle.DataAccess.Client.OracleDataReader ExecuteReader(Boolean, Boolean, System.Data.CommandBehavior), Línea: 0] - ORA-00904: "ID_CONVOCATORIA": identificador no válido
ORA-06512: en "ELECTROMOVILIDAD.PKG_ELECTROMOV_VERIFICACION", línea 87
ORA-06512: en línea 1
10/03/2021 00:10:09: [Método: System.Data.Common.DbDataReader ExecuteDbDataReader(System.Data.CommandBehavior), Línea: 0] - ORA-00904: "ID_CONVOCATORIA": identificador no válido
ORA-06512: en "ELECTROMOVILIDAD.PKG_ELECTROMOV_VERIFICACION", línea 87
ORA-06512: en línea 1
10/03/2021 00:10:09: [Método: System.Data.IDataReader System.Data.IDbCommand.ExecuteReader(System.Data.CommandBehavior), Línea: 0] - ORA-00904: "ID_CONVOCATORIA": identificador no válido
ORA-06512: en "ELECTROMOVILIDAD.PKG_ELECTROMOV_VERIFICACION", línea 87
ORA-06512: en línea 1
10/03/2021 00:10:09: [Método: System.Data.IDataReader ExecuteReaderWithFlagsFallback(System.Data.IDbCommand, Boolean, System.Data.CommandBehavior), Línea: 0] - ORA-00904: "ID_CONVOCATORIA": identificador no válido
ORA-06512: en "ELECTROMOVILIDAD.PKG_ELECTROMOV_VERIFICACION", línea 87
ORA-06512: en línea 1
10/03/2021 00:10:09: [Método: Boolean MoveNext(), Línea: 0] - ORA-00904: "ID_CONVOCATORIA": identificador no válido
ORA-06512: en "ELECTROMOVILIDAD.PKG_ELECTROMOV_VERIFICACION", línea 87
ORA-06512: en línea 1
10/03/2021 00:10:09: [Método: Void .ctor(System.Collections.Generic.IEnumerable`1[T]), Línea: 0] - ORA-00904: "ID_CONVOCATORIA": identificador no válido
ORA-06512: en "ELECTROMOVILIDAD.PKG_ELECTROMOV_VERIFICACION", línea 87
ORA-06512: en línea 1
10/03/2021 00:10:09: [Método: System.Collections.Generic.List`1[TSource] ToList[TSource](System.Collections.Generic.IEnumerable`1[TSource]), Línea: 0] - ORA-00904: "ID_CONVOCATORIA": identificador no válido
ORA-06512: en "ELECTROMOVILIDAD.PKG_ELECTROMOV_VERIFICACION", línea 87
ORA-06512: en línea 1
10/03/2021 00:10:09: [Método: System.Collections.Generic.IEnumerable`1[T] Query[T](System.Data.IDbConnection, System.String, System.Object, System.Data.IDbTransaction, Boolean, System.Nullable`1[System.Int32], System.Nullable`1[System.Data.CommandType]), Línea: 0] - ORA-00904: "ID_CONVOCATORIA": identificador no válido
ORA-06512: en "ELECTROMOVILIDAD.PKG_ELECTROMOV_VERIFICACION", línea 87
ORA-06512: en línea 1
10/03/2021 00:10:09: [Método: System.Collections.Generic.List`1[sres.be.EstacionCargaBE] BuscarEstaciones(Int32, System.String, System.String, Int32, Int32, System.String, System.String, Oracle.DataAccess.Client.OracleConnection), Línea: 249] - ORA-00904: "ID_CONVOCATORIA": identificador no válido
ORA-06512: en "ELECTROMOVILIDAD.PKG_ELECTROMOV_VERIFICACION", línea 87
ORA-06512: en línea 1
