6/03/2021 20:35:00: [Método: Void HandleErrorHelper(Int32, Oracle.DataAccess.Client.OracleConnection, IntPtr, Oracle.DataAccess.Client.OpoSqlValCtx*, System.Object, System.String, Boolean, Int32, Oracle.DataAccess.Client.OracleLogicalTransaction), Línea: 0] - ORA-02291: restricción de integridad (ELECTROMOVILIDAD.SYS_C0026165) violada - clave principal no encontrada
ORA-06512: en "ELECTROMOVILIDAD.PKG_ELECTROMOV_CALCULO", línea 251
ORA-06512: en línea 1
6/03/2021 20:35:00: [Método: Void HandleError(Int32, Oracle.DataAccess.Client.OracleConnection, System.String, IntPtr, Oracle.DataAccess.Client.OpoSqlValCtx*, System.Object, Boolean, Oracle.DataAccess.Client.OracleLogicalTransaction), Línea: 0] - ORA-02291: restricción de integridad (ELECTROMOVILIDAD.SYS_C0026165) violada - clave principal no encontrada
ORA-06512: en "ELECTROMOVILIDAD.PKG_ELECTROMOV_CALCULO", línea 251
ORA-06512: en línea 1
6/03/2021 20:35:00: [Método: Int32 ExecuteNonQuery(), Línea: 0] - ORA-02291: restricción de integridad (ELECTROMOVILIDAD.SYS_C0026165) violada - clave principal no encontrada
ORA-06512: en "ELECTROMOVILIDAD.PKG_ELECTROMOV_CALCULO", línea 251
ORA-06512: en línea 1
6/03/2021 20:35:00: [Método: Int32 ExecuteCommand(System.Data.IDbConnection, Dapper.CommandDefinition ByRef, System.Action`2[System.Data.IDbCommand,System.Object]), Línea: 0] - ORA-02291: restricción de integridad (ELECTROMOVILIDAD.SYS_C0026165) violada - clave principal no encontrada
ORA-06512: en "ELECTROMOVILIDAD.PKG_ELECTROMOV_CALCULO", línea 251
ORA-06512: en línea 1
6/03/2021 20:35:00: [Método: Int32 ExecuteImpl(System.Data.IDbConnection, Dapper.CommandDefinition ByRef), Línea: 0] - ORA-02291: restricción de integridad (ELECTROMOVILIDAD.SYS_C0026165) violada - clave principal no encontrada
ORA-06512: en "ELECTROMOVILIDAD.PKG_ELECTROMOV_CALCULO", línea 251
ORA-06512: en línea 1
6/03/2021 20:35:00: [Método: Int32 Execute(System.Data.IDbConnection, System.String, System.Object, System.Data.IDbTransaction, System.Nullable`1[System.Int32], System.Nullable`1[System.Data.CommandType]), Línea: 0] - ORA-02291: restricción de integridad (ELECTROMOVILIDAD.SYS_C0026165) violada - clave principal no encontrada
ORA-06512: en "ELECTROMOVILIDAD.PKG_ELECTROMOV_CALCULO", línea 251
ORA-06512: en línea 1
6/03/2021 20:35:00: [Método: Boolean RegistrarEstacion(sres.be.EstacionCargaBE, Int32 ByRef, Oracle.DataAccess.Client.OracleConnection), Línea: 73] - ORA-02291: restricción de integridad (ELECTROMOVILIDAD.SYS_C0026165) violada - clave principal no encontrada
ORA-06512: en "ELECTROMOVILIDAD.PKG_ELECTROMOV_CALCULO", línea 251
ORA-06512: en línea 1
6/03/2021 20:35:00: [Método: Void HandleErrorHelper(Int32, Oracle.DataAccess.Client.OracleConnection, IntPtr, Oracle.DataAccess.Client.OpoSqlValCtx*, System.Object, System.String, Boolean, Int32, Oracle.DataAccess.Client.OracleLogicalTransaction), Línea: 0] - ORA-01460: se ha solicitado una conversión no implementada o no razonable
6/03/2021 20:35:00: [Método: Void HandleError(Int32, Oracle.DataAccess.Client.OracleConnection, System.String, IntPtr, Oracle.DataAccess.Client.OpoSqlValCtx*, System.Object, Boolean, Oracle.DataAccess.Client.OracleLogicalTransaction), Línea: 0] - ORA-01460: se ha solicitado una conversión no implementada o no razonable
6/03/2021 20:35:00: [Método: Int32 ExecuteNonQuery(), Línea: 0] - ORA-01460: se ha solicitado una conversión no implementada o no razonable
6/03/2021 20:35:00: [Método: Int32 ExecuteCommand(System.Data.IDbConnection, Dapper.CommandDefinition ByRef, System.Action`2[System.Data.IDbCommand,System.Object]), Línea: 0] - ORA-01460: se ha solicitado una conversión no implementada o no razonable
6/03/2021 20:35:00: [Método: Int32 ExecuteImpl(System.Data.IDbConnection, Dapper.CommandDefinition ByRef), Línea: 0] - ORA-01460: se ha solicitado una conversión no implementada o no razonable
6/03/2021 20:35:00: [Método: Int32 Execute(System.Data.IDbConnection, System.String, System.Object, System.Data.IDbTransaction, System.Nullable`1[System.Int32], System.Nullable`1[System.Data.CommandType]), Línea: 0] - ORA-01460: se ha solicitado una conversión no implementada o no razonable
6/03/2021 20:35:00: [Método: Boolean GuardarImagen(sres.be.DocumentoBE, Oracle.DataAccess.Client.OracleConnection), Línea: 137] - ORA-01460: se ha solicitado una conversión no implementada o no razonable
6/03/2021 21:20:20: [Método: Void HandleErrorHelper(Int32, Oracle.DataAccess.Client.OracleConnection, IntPtr, Oracle.DataAccess.Client.OpoSqlValCtx*, System.Object, System.String, Boolean, Int32, Oracle.DataAccess.Client.OracleLogicalTransaction), Línea: 0] - ORA-01460: se ha solicitado una conversión no implementada o no razonable
6/03/2021 21:20:20: [Método: Void HandleError(Int32, Oracle.DataAccess.Client.OracleConnection, System.String, IntPtr, Oracle.DataAccess.Client.OpoSqlValCtx*, System.Object, Boolean, Oracle.DataAccess.Client.OracleLogicalTransaction), Línea: 0] - ORA-01460: se ha solicitado una conversión no implementada o no razonable
6/03/2021 21:20:20: [Método: Int32 ExecuteNonQuery(), Línea: 0] - ORA-01460: se ha solicitado una conversión no implementada o no razonable
6/03/2021 21:20:20: [Método: Int32 ExecuteCommand(System.Data.IDbConnection, Dapper.CommandDefinition ByRef, System.Action`2[System.Data.IDbCommand,System.Object]), Línea: 0] - ORA-01460: se ha solicitado una conversión no implementada o no razonable
6/03/2021 21:20:20: [Método: Int32 ExecuteImpl(System.Data.IDbConnection, Dapper.CommandDefinition ByRef), Línea: 0] - ORA-01460: se ha solicitado una conversión no implementada o no razonable
6/03/2021 21:20:20: [Método: Int32 Execute(System.Data.IDbConnection, System.String, System.Object, System.Data.IDbTransaction, System.Nullable`1[System.Int32], System.Nullable`1[System.Data.CommandType]), Línea: 0] - ORA-01460: se ha solicitado una conversión no implementada o no razonable
6/03/2021 21:20:20: [Método: Boolean GuardarDocumento(sres.be.DocumentoBE, Oracle.DataAccess.Client.OracleConnection), Línea: 0] - ORA-01460: se ha solicitado una conversión no implementada o no razonable
