4/05/2021 09:39:23: [Método: Void HandleErrorHelper(Int32, Oracle.DataAccess.Client.OracleConnection, IntPtr, Oracle.DataAccess.Client.OpoSqlValCtx*, System.Object, System.String, Boolean, Int32, Oracle.DataAccess.Client.OracleLogicalTransaction), Línea: 0] - ORA-06550: línea 1, columna 53:
PLS-00302: el componente 'USP_SEL_LIST_POTENCIA' se debe declarar
ORA-06550: línea 1, columna 7:
PL/SQL: Statement ignored
4/05/2021 09:39:23: [Método: Void HandleError(Int32, Oracle.DataAccess.Client.OracleConnection, System.String, IntPtr, Oracle.DataAccess.Client.OpoSqlValCtx*, System.Object, Boolean, Oracle.DataAccess.Client.OracleLogicalTransaction), Línea: 0] - ORA-06550: línea 1, columna 53:
PLS-00302: el componente 'USP_SEL_LIST_POTENCIA' se debe declarar
ORA-06550: línea 1, columna 7:
PL/SQL: Statement ignored
4/05/2021 09:39:23: [Método: Oracle.DataAccess.Client.OracleDataReader ExecuteReader(Boolean, Boolean, System.Data.CommandBehavior), Línea: 0] - ORA-06550: línea 1, columna 53:
PLS-00302: el componente 'USP_SEL_LIST_POTENCIA' se debe declarar
ORA-06550: línea 1, columna 7:
PL/SQL: Statement ignored
4/05/2021 09:39:23: [Método: System.Data.Common.DbDataReader ExecuteDbDataReader(System.Data.CommandBehavior), Línea: 0] - ORA-06550: línea 1, columna 53:
PLS-00302: el componente 'USP_SEL_LIST_POTENCIA' se debe declarar
ORA-06550: línea 1, columna 7:
PL/SQL: Statement ignored
4/05/2021 09:39:23: [Método: System.Data.IDataReader System.Data.IDbCommand.ExecuteReader(System.Data.CommandBehavior), Línea: 0] - ORA-06550: línea 1, columna 53:
PLS-00302: el componente 'USP_SEL_LIST_POTENCIA' se debe declarar
ORA-06550: línea 1, columna 7:
PL/SQL: Statement ignored
4/05/2021 09:39:23: [Método: System.Data.IDataReader ExecuteReaderWithFlagsFallback(System.Data.IDbCommand, Boolean, System.Data.CommandBehavior), Línea: 0] - ORA-06550: línea 1, columna 53:
PLS-00302: el componente 'USP_SEL_LIST_POTENCIA' se debe declarar
ORA-06550: línea 1, columna 7:
PL/SQL: Statement ignored
4/05/2021 09:39:23: [Método: Boolean MoveNext(), Línea: 0] - ORA-06550: línea 1, columna 53:
PLS-00302: el componente 'USP_SEL_LIST_POTENCIA' se debe declarar
ORA-06550: línea 1, columna 7:
PL/SQL: Statement ignored
4/05/2021 09:39:23: [Método: Void .ctor(System.Collections.Generic.IEnumerable`1[T]), Línea: 0] - ORA-06550: línea 1, columna 53:
PLS-00302: el componente 'USP_SEL_LIST_POTENCIA' se debe declarar
ORA-06550: línea 1, columna 7:
PL/SQL: Statement ignored
4/05/2021 09:39:23: [Método: System.Collections.Generic.List`1[TSource] ToList[TSource](System.Collections.Generic.IEnumerable`1[TSource]), Línea: 0] - ORA-06550: línea 1, columna 53:
PLS-00302: el componente 'USP_SEL_LIST_POTENCIA' se debe declarar
ORA-06550: línea 1, columna 7:
PL/SQL: Statement ignored
4/05/2021 09:39:23: [Método: System.Collections.Generic.IEnumerable`1[T] Query[T](System.Data.IDbConnection, System.String, System.Object, System.Data.IDbTransaction, Boolean, System.Nullable`1[System.Int32], System.Nullable`1[System.Data.CommandType]), Línea: 0] - ORA-06550: línea 1, columna 53:
PLS-00302: el componente 'USP_SEL_LIST_POTENCIA' se debe declarar
ORA-06550: línea 1, columna 7:
PL/SQL: Statement ignored
4/05/2021 09:39:23: [Método: System.Collections.Generic.List`1[sres.be.PotenciaBE] ListaPotencia(Oracle.DataAccess.Client.OracleConnection), Línea: 25] - ORA-06550: línea 1, columna 53:
PLS-00302: el componente 'USP_SEL_LIST_POTENCIA' se debe declarar
ORA-06550: línea 1, columna 7:
PL/SQL: Statement ignored
4/05/2021 09:40:16: [Método: Void HandleErrorHelper(Int32, Oracle.DataAccess.Client.OracleConnection, IntPtr, Oracle.DataAccess.Client.OpoSqlValCtx*, System.Object, System.String, Boolean, Int32, Oracle.DataAccess.Client.OracleLogicalTransaction), Línea: 0] - ORA-06550: línea 1, columna 53:
PLS-00302: el componente 'USP_SEL_LIST_POTENCIA' se debe declarar
ORA-06550: línea 1, columna 7:
PL/SQL: Statement ignored
4/05/2021 09:40:16: [Método: Void HandleError(Int32, Oracle.DataAccess.Client.OracleConnection, System.String, IntPtr, Oracle.DataAccess.Client.OpoSqlValCtx*, System.Object, Boolean, Oracle.DataAccess.Client.OracleLogicalTransaction), Línea: 0] - ORA-06550: línea 1, columna 53:
PLS-00302: el componente 'USP_SEL_LIST_POTENCIA' se debe declarar
ORA-06550: línea 1, columna 7:
PL/SQL: Statement ignored
4/05/2021 09:40:16: [Método: Oracle.DataAccess.Client.OracleDataReader ExecuteReader(Boolean, Boolean, System.Data.CommandBehavior), Línea: 0] - ORA-06550: línea 1, columna 53:
PLS-00302: el componente 'USP_SEL_LIST_POTENCIA' se debe declarar
ORA-06550: línea 1, columna 7:
PL/SQL: Statement ignored
4/05/2021 09:40:16: [Método: System.Data.Common.DbDataReader ExecuteDbDataReader(System.Data.CommandBehavior), Línea: 0] - ORA-06550: línea 1, columna 53:
PLS-00302: el componente 'USP_SEL_LIST_POTENCIA' se debe declarar
ORA-06550: línea 1, columna 7:
PL/SQL: Statement ignored
4/05/2021 09:40:16: [Método: System.Data.IDataReader System.Data.IDbCommand.ExecuteReader(System.Data.CommandBehavior), Línea: 0] - ORA-06550: línea 1, columna 53:
PLS-00302: el componente 'USP_SEL_LIST_POTENCIA' se debe declarar
ORA-06550: línea 1, columna 7:
PL/SQL: Statement ignored
4/05/2021 09:40:16: [Método: System.Data.IDataReader ExecuteReaderWithFlagsFallback(System.Data.IDbCommand, Boolean, System.Data.CommandBehavior), Línea: 0] - ORA-06550: línea 1, columna 53:
PLS-00302: el componente 'USP_SEL_LIST_POTENCIA' se debe declarar
ORA-06550: línea 1, columna 7:
PL/SQL: Statement ignored
4/05/2021 09:40:16: [Método: Boolean MoveNext(), Línea: 0] - ORA-06550: línea 1, columna 53:
PLS-00302: el componente 'USP_SEL_LIST_POTENCIA' se debe declarar
ORA-06550: línea 1, columna 7:
PL/SQL: Statement ignored
4/05/2021 09:40:16: [Método: Void .ctor(System.Collections.Generic.IEnumerable`1[T]), Línea: 0] - ORA-06550: línea 1, columna 53:
PLS-00302: el componente 'USP_SEL_LIST_POTENCIA' se debe declarar
ORA-06550: línea 1, columna 7:
PL/SQL: Statement ignored
4/05/2021 09:40:16: [Método: System.Collections.Generic.List`1[TSource] ToList[TSource](System.Collections.Generic.IEnumerable`1[TSource]), Línea: 0] - ORA-06550: línea 1, columna 53:
PLS-00302: el componente 'USP_SEL_LIST_POTENCIA' se debe declarar
ORA-06550: línea 1, columna 7:
PL/SQL: Statement ignored
4/05/2021 09:40:16: [Método: System.Collections.Generic.IEnumerable`1[T] Query[T](System.Data.IDbConnection, System.String, System.Object, System.Data.IDbTransaction, Boolean, System.Nullable`1[System.Int32], System.Nullable`1[System.Data.CommandType]), Línea: 0] - ORA-06550: línea 1, columna 53:
PLS-00302: el componente 'USP_SEL_LIST_POTENCIA' se debe declarar
ORA-06550: línea 1, columna 7:
PL/SQL: Statement ignored
4/05/2021 09:40:16: [Método: System.Collections.Generic.List`1[sres.be.PotenciaBE] ListaPotencia(Oracle.DataAccess.Client.OracleConnection), Línea: 25] - ORA-06550: línea 1, columna 53:
PLS-00302: el componente 'USP_SEL_LIST_POTENCIA' se debe declarar
ORA-06550: línea 1, columna 7:
PL/SQL: Statement ignored
4/05/2021 09:43:36: [Método: Void HandleErrorHelper(Int32, Oracle.DataAccess.Client.OracleConnection, IntPtr, Oracle.DataAccess.Client.OpoSqlValCtx*, System.Object, System.String, Boolean, Int32, Oracle.DataAccess.Client.OracleLogicalTransaction), Línea: 0] - ORA-06550: línea 1, columna 53:
PLS-00302: el componente 'USP_SEL_LIST_TIPO_CONECTOR' se debe declarar
ORA-06550: línea 1, columna 7:
PL/SQL: Statement ignored
4/05/2021 09:43:36: [Método: Void HandleError(Int32, Oracle.DataAccess.Client.OracleConnection, System.String, IntPtr, Oracle.DataAccess.Client.OpoSqlValCtx*, System.Object, Boolean, Oracle.DataAccess.Client.OracleLogicalTransaction), Línea: 0] - ORA-06550: línea 1, columna 53:
PLS-00302: el componente 'USP_SEL_LIST_TIPO_CONECTOR' se debe declarar
ORA-06550: línea 1, columna 7:
PL/SQL: Statement ignored
4/05/2021 09:43:36: [Método: Oracle.DataAccess.Client.OracleDataReader ExecuteReader(Boolean, Boolean, System.Data.CommandBehavior), Línea: 0] - ORA-06550: línea 1, columna 53:
PLS-00302: el componente 'USP_SEL_LIST_TIPO_CONECTOR' se debe declarar
ORA-06550: línea 1, columna 7:
PL/SQL: Statement ignored
4/05/2021 09:43:36: [Método: System.Data.Common.DbDataReader ExecuteDbDataReader(System.Data.CommandBehavior), Línea: 0] - ORA-06550: línea 1, columna 53:
PLS-00302: el componente 'USP_SEL_LIST_TIPO_CONECTOR' se debe declarar
ORA-06550: línea 1, columna 7:
PL/SQL: Statement ignored
4/05/2021 09:43:36: [Método: System.Data.IDataReader System.Data.IDbCommand.ExecuteReader(System.Data.CommandBehavior), Línea: 0] - ORA-06550: línea 1, columna 53:
PLS-00302: el componente 'USP_SEL_LIST_TIPO_CONECTOR' se debe declarar
ORA-06550: línea 1, columna 7:
PL/SQL: Statement ignored
4/05/2021 09:43:36: [Método: System.Data.IDataReader ExecuteReaderWithFlagsFallback(System.Data.IDbCommand, Boolean, System.Data.CommandBehavior), Línea: 0] - ORA-06550: línea 1, columna 53:
PLS-00302: el componente 'USP_SEL_LIST_TIPO_CONECTOR' se debe declarar
ORA-06550: línea 1, columna 7:
PL/SQL: Statement ignored
4/05/2021 09:43:36: [Método: Boolean MoveNext(), Línea: 0] - ORA-06550: línea 1, columna 53:
PLS-00302: el componente 'USP_SEL_LIST_TIPO_CONECTOR' se debe declarar
ORA-06550: línea 1, columna 7:
PL/SQL: Statement ignored
4/05/2021 09:43:36: [Método: Void .ctor(System.Collections.Generic.IEnumerable`1[T]), Línea: 0] - ORA-06550: línea 1, columna 53:
PLS-00302: el componente 'USP_SEL_LIST_TIPO_CONECTOR' se debe declarar
ORA-06550: línea 1, columna 7:
PL/SQL: Statement ignored
4/05/2021 09:43:36: [Método: System.Collections.Generic.List`1[TSource] ToList[TSource](System.Collections.Generic.IEnumerable`1[TSource]), Línea: 0] - ORA-06550: línea 1, columna 53:
PLS-00302: el componente 'USP_SEL_LIST_TIPO_CONECTOR' se debe declarar
ORA-06550: línea 1, columna 7:
PL/SQL: Statement ignored
4/05/2021 09:43:36: [Método: System.Collections.Generic.IEnumerable`1[T] Query[T](System.Data.IDbConnection, System.String, System.Object, System.Data.IDbTransaction, Boolean, System.Nullable`1[System.Int32], System.Nullable`1[System.Data.CommandType]), Línea: 0] - ORA-06550: línea 1, columna 53:
PLS-00302: el componente 'USP_SEL_LIST_TIPO_CONECTOR' se debe declarar
ORA-06550: línea 1, columna 7:
PL/SQL: Statement ignored
4/05/2021 09:43:36: [Método: System.Collections.Generic.List`1[sres.be.TipoConectorBE] ListaTipoConector(Oracle.DataAccess.Client.OracleConnection), Línea: 115] - ORA-06550: línea 1, columna 53:
PLS-00302: el componente 'USP_SEL_LIST_TIPO_CONECTOR' se debe declarar
ORA-06550: línea 1, columna 7:
PL/SQL: Statement ignored
