15/03/2021 18:58:00: [Método: Void HandleErrorHelper(Int32, Oracle.DataAccess.Client.OracleConnection, IntPtr, Oracle.DataAccess.Client.OpoSqlValCtx*, System.Object, System.String, Boolean, Int32, Oracle.DataAccess.Client.OracleLogicalTransaction), Línea: 0] - ORA-06550: línea 1, columna 7:
PLS-00306: número o tipos de argumentos erróneos al llamar a 'USP_PRC_GUARDAR_VEH_RUTA'
ORA-06550: línea 1, columna 7:
PL/SQL: Statement ignored
15/03/2021 18:58:00: [Método: Void HandleError(Int32, Oracle.DataAccess.Client.OracleConnection, System.String, IntPtr, Oracle.DataAccess.Client.OpoSqlValCtx*, System.Object, Boolean, Oracle.DataAccess.Client.OracleLogicalTransaction), Línea: 0] - ORA-06550: línea 1, columna 7:
PLS-00306: número o tipos de argumentos erróneos al llamar a 'USP_PRC_GUARDAR_VEH_RUTA'
ORA-06550: línea 1, columna 7:
PL/SQL: Statement ignored
15/03/2021 18:58:00: [Método: Oracle.DataAccess.Client.OracleDataReader ExecuteReader(Boolean, Boolean, System.Data.CommandBehavior), Línea: 0] - ORA-06550: línea 1, columna 7:
PLS-00306: número o tipos de argumentos erróneos al llamar a 'USP_PRC_GUARDAR_VEH_RUTA'
ORA-06550: línea 1, columna 7:
PL/SQL: Statement ignored
15/03/2021 18:58:00: [Método: Oracle.DataAccess.Client.OracleDataReader ExecuteReader(), Línea: 0] - ORA-06550: línea 1, columna 7:
PLS-00306: número o tipos de argumentos erróneos al llamar a 'USP_PRC_GUARDAR_VEH_RUTA'
ORA-06550: línea 1, columna 7:
PL/SQL: Statement ignored
15/03/2021 18:58:00: [Método: System.Object ExecuteScalar(), Línea: 0] - ORA-06550: línea 1, columna 7:
PLS-00306: número o tipos de argumentos erróneos al llamar a 'USP_PRC_GUARDAR_VEH_RUTA'
ORA-06550: línea 1, columna 7:
PL/SQL: Statement ignored
15/03/2021 18:58:00: [Método: T ExecuteScalarImpl[T](System.Data.IDbConnection, Dapper.CommandDefinition ByRef), Línea: 0] - ORA-06550: línea 1, columna 7:
PLS-00306: número o tipos de argumentos erróneos al llamar a 'USP_PRC_GUARDAR_VEH_RUTA'
ORA-06550: línea 1, columna 7:
PL/SQL: Statement ignored
15/03/2021 18:58:00: [Método: System.Object ExecuteScalar(System.Data.IDbConnection, System.String, System.Object, System.Data.IDbTransaction, System.Nullable`1[System.Int32], System.Nullable`1[System.Data.CommandType]), Línea: 0] - ORA-06550: línea 1, columna 7:
PLS-00306: número o tipos de argumentos erróneos al llamar a 'USP_PRC_GUARDAR_VEH_RUTA'
ORA-06550: línea 1, columna 7:
PL/SQL: Statement ignored
15/03/2021 18:58:00: [Método: sres.be.VehiculoRutaBE GuardarVehiculoRuta(Int32, Int32, sres.be.VehiculoRutaBE, Oracle.DataAccess.Client.OracleConnection), Línea: 0] - ORA-06550: línea 1, columna 7:
PLS-00306: número o tipos de argumentos erróneos al llamar a 'USP_PRC_GUARDAR_VEH_RUTA'
ORA-06550: línea 1, columna 7:
PL/SQL: Statement ignored
15/03/2021 18:59:54: [Método: Void HandleErrorHelper(Int32, Oracle.DataAccess.Client.OracleConnection, IntPtr, Oracle.DataAccess.Client.OpoSqlValCtx*, System.Object, System.String, Boolean, Int32, Oracle.DataAccess.Client.OracleLogicalTransaction), Línea: 0] - ORA-06502: PL/SQL: error : error de conversión de carácter a número numérico o de valor
ORA-06512: en línea 1
15/03/2021 18:59:54: [Método: Void HandleError(Int32, Oracle.DataAccess.Client.OracleConnection, System.String, IntPtr, Oracle.DataAccess.Client.OpoSqlValCtx*, System.Object, Boolean, Oracle.DataAccess.Client.OracleLogicalTransaction), Línea: 0] - ORA-06502: PL/SQL: error : error de conversión de carácter a número numérico o de valor
ORA-06512: en línea 1
15/03/2021 18:59:54: [Método: Oracle.DataAccess.Client.OracleDataReader ExecuteReader(Boolean, Boolean, System.Data.CommandBehavior), Línea: 0] - ORA-06502: PL/SQL: error : error de conversión de carácter a número numérico o de valor
ORA-06512: en línea 1
15/03/2021 18:59:54: [Método: Oracle.DataAccess.Client.OracleDataReader ExecuteReader(), Línea: 0] - ORA-06502: PL/SQL: error : error de conversión de carácter a número numérico o de valor
ORA-06512: en línea 1
15/03/2021 18:59:54: [Método: System.Object ExecuteScalar(), Línea: 0] - ORA-06502: PL/SQL: error : error de conversión de carácter a número numérico o de valor
ORA-06512: en línea 1
15/03/2021 18:59:54: [Método: T ExecuteScalarImpl[T](System.Data.IDbConnection, Dapper.CommandDefinition ByRef), Línea: 0] - ORA-06502: PL/SQL: error : error de conversión de carácter a número numérico o de valor
ORA-06512: en línea 1
15/03/2021 18:59:54: [Método: System.Object ExecuteScalar(System.Data.IDbConnection, System.String, System.Object, System.Data.IDbTransaction, System.Nullable`1[System.Int32], System.Nullable`1[System.Data.CommandType]), Línea: 0] - ORA-06502: PL/SQL: error : error de conversión de carácter a número numérico o de valor
ORA-06512: en línea 1
15/03/2021 18:59:54: [Método: sres.be.VehiculoRutaBE GuardarVehiculoRuta(Int32, Int32, sres.be.VehiculoRutaBE, Oracle.DataAccess.Client.OracleConnection), Línea: 0] - ORA-06502: PL/SQL: error : error de conversión de carácter a número numérico o de valor
ORA-06512: en línea 1
