28/02/2021 12:52:15: [Método: Void HandleErrorHelper(Int32, Oracle.DataAccess.Client.OracleConnection, IntPtr, Oracle.DataAccess.Client.OpoSqlValCtx*, System.Object, System.String, Boolean, Int32, Oracle.DataAccess.Client.OracleLogicalTransaction), Línea: 0] - ORA-01722: número no válido
ORA-06512: en "ELECTROMOVILIDAD.PKG_ELECTROMOV_CALCULO", línea 426
ORA-06512: en línea 1
28/02/2021 12:52:15: [Método: Void HandleError(Int32, Oracle.DataAccess.Client.OracleConnection, System.String, IntPtr, Oracle.DataAccess.Client.OpoSqlValCtx*, System.Object, Boolean, Oracle.DataAccess.Client.OracleLogicalTransaction), Línea: 0] - ORA-01722: número no válido
ORA-06512: en "ELECTROMOVILIDAD.PKG_ELECTROMOV_CALCULO", línea 426
ORA-06512: en línea 1
28/02/2021 12:52:15: [Método: Oracle.DataAccess.Client.OracleDataReader ExecuteReader(Boolean, Boolean, System.Data.CommandBehavior), Línea: 0] - ORA-01722: número no válido
ORA-06512: en "ELECTROMOVILIDAD.PKG_ELECTROMOV_CALCULO", línea 426
ORA-06512: en línea 1
28/02/2021 12:52:15: [Método: Oracle.DataAccess.Client.OracleDataReader ExecuteReader(), Línea: 0] - ORA-01722: número no válido
ORA-06512: en "ELECTROMOVILIDAD.PKG_ELECTROMOV_CALCULO", línea 426
ORA-06512: en línea 1
28/02/2021 12:52:15: [Método: System.Object ExecuteScalar(), Línea: 0] - ORA-01722: número no válido
ORA-06512: en "ELECTROMOVILIDAD.PKG_ELECTROMOV_CALCULO", línea 426
ORA-06512: en línea 1
28/02/2021 12:52:15: [Método: T ExecuteScalarImpl[T](System.Data.IDbConnection, Dapper.CommandDefinition ByRef), Línea: 0] - ORA-01722: número no válido
ORA-06512: en "ELECTROMOVILIDAD.PKG_ELECTROMOV_CALCULO", línea 426
ORA-06512: en línea 1
28/02/2021 12:52:15: [Método: System.Object ExecuteScalar(System.Data.IDbConnection, System.String, System.Object, System.Data.IDbTransaction, System.Nullable`1[System.Int32], System.Nullable`1[System.Data.CommandType]), Línea: 0] - ORA-01722: número no válido
ORA-06512: en "ELECTROMOVILIDAD.PKG_ELECTROMOV_CALCULO", línea 426
ORA-06512: en línea 1
28/02/2021 12:52:15: [Método: sres.be.TransportePublicoBE GuardarLeyenda(Int32, Int32, Int32, sres.be.TransportePublicoBE, Oracle.DataAccess.Client.OracleConnection), Línea: 121] - ORA-01722: número no válido
ORA-06512: en "ELECTROMOVILIDAD.PKG_ELECTROMOV_CALCULO", línea 426
ORA-06512: en línea 1
28/02/2021 12:53:04: [Método: Void HandleErrorHelper(Int32, Oracle.DataAccess.Client.OracleConnection, IntPtr, Oracle.DataAccess.Client.OpoSqlValCtx*, System.Object, System.String, Boolean, Int32, Oracle.DataAccess.Client.OracleLogicalTransaction), Línea: 0] - ORA-01722: número no válido
ORA-06512: en "ELECTROMOVILIDAD.PKG_ELECTROMOV_CALCULO", línea 426
ORA-06512: en línea 1
28/02/2021 12:53:04: [Método: Void HandleError(Int32, Oracle.DataAccess.Client.OracleConnection, System.String, IntPtr, Oracle.DataAccess.Client.OpoSqlValCtx*, System.Object, Boolean, Oracle.DataAccess.Client.OracleLogicalTransaction), Línea: 0] - ORA-01722: número no válido
ORA-06512: en "ELECTROMOVILIDAD.PKG_ELECTROMOV_CALCULO", línea 426
ORA-06512: en línea 1
28/02/2021 12:53:04: [Método: Oracle.DataAccess.Client.OracleDataReader ExecuteReader(Boolean, Boolean, System.Data.CommandBehavior), Línea: 0] - ORA-01722: número no válido
ORA-06512: en "ELECTROMOVILIDAD.PKG_ELECTROMOV_CALCULO", línea 426
ORA-06512: en línea 1
28/02/2021 12:53:04: [Método: Oracle.DataAccess.Client.OracleDataReader ExecuteReader(), Línea: 0] - ORA-01722: número no válido
ORA-06512: en "ELECTROMOVILIDAD.PKG_ELECTROMOV_CALCULO", línea 426
ORA-06512: en línea 1
28/02/2021 12:53:04: [Método: System.Object ExecuteScalar(), Línea: 0] - ORA-01722: número no válido
ORA-06512: en "ELECTROMOVILIDAD.PKG_ELECTROMOV_CALCULO", línea 426
ORA-06512: en línea 1
28/02/2021 12:53:04: [Método: T ExecuteScalarImpl[T](System.Data.IDbConnection, Dapper.CommandDefinition ByRef), Línea: 0] - ORA-01722: número no válido
ORA-06512: en "ELECTROMOVILIDAD.PKG_ELECTROMOV_CALCULO", línea 426
ORA-06512: en línea 1
28/02/2021 12:53:04: [Método: System.Object ExecuteScalar(System.Data.IDbConnection, System.String, System.Object, System.Data.IDbTransaction, System.Nullable`1[System.Int32], System.Nullable`1[System.Data.CommandType]), Línea: 0] - ORA-01722: número no válido
ORA-06512: en "ELECTROMOVILIDAD.PKG_ELECTROMOV_CALCULO", línea 426
ORA-06512: en línea 1
28/02/2021 12:53:04: [Método: sres.be.TransportePublicoBE GuardarLeyenda(Int32, Int32, Int32, sres.be.TransportePublicoBE, Oracle.DataAccess.Client.OracleConnection), Línea: 121] - ORA-01722: número no válido
ORA-06512: en "ELECTROMOVILIDAD.PKG_ELECTROMOV_CALCULO", línea 426
ORA-06512: en línea 1
28/02/2021 12:55:40: [Método: Void HandleErrorHelper(Int32, Oracle.DataAccess.Client.OracleConnection, IntPtr, Oracle.DataAccess.Client.OpoSqlValCtx*, System.Object, System.String, Boolean, Int32, Oracle.DataAccess.Client.OracleLogicalTransaction), Línea: 0] - ORA-01722: número no válido
ORA-06512: en "ELECTROMOVILIDAD.PKG_ELECTROMOV_CALCULO", línea 426
ORA-06512: en línea 1
28/02/2021 12:55:40: [Método: Void HandleError(Int32, Oracle.DataAccess.Client.OracleConnection, System.String, IntPtr, Oracle.DataAccess.Client.OpoSqlValCtx*, System.Object, Boolean, Oracle.DataAccess.Client.OracleLogicalTransaction), Línea: 0] - ORA-01722: número no válido
ORA-06512: en "ELECTROMOVILIDAD.PKG_ELECTROMOV_CALCULO", línea 426
ORA-06512: en línea 1
28/02/2021 12:55:40: [Método: Oracle.DataAccess.Client.OracleDataReader ExecuteReader(Boolean, Boolean, System.Data.CommandBehavior), Línea: 0] - ORA-01722: número no válido
ORA-06512: en "ELECTROMOVILIDAD.PKG_ELECTROMOV_CALCULO", línea 426
ORA-06512: en línea 1
28/02/2021 12:55:40: [Método: Oracle.DataAccess.Client.OracleDataReader ExecuteReader(), Línea: 0] - ORA-01722: número no válido
ORA-06512: en "ELECTROMOVILIDAD.PKG_ELECTROMOV_CALCULO", línea 426
ORA-06512: en línea 1
28/02/2021 12:55:40: [Método: System.Object ExecuteScalar(), Línea: 0] - ORA-01722: número no válido
ORA-06512: en "ELECTROMOVILIDAD.PKG_ELECTROMOV_CALCULO", línea 426
ORA-06512: en línea 1
28/02/2021 12:55:40: [Método: T ExecuteScalarImpl[T](System.Data.IDbConnection, Dapper.CommandDefinition ByRef), Línea: 0] - ORA-01722: número no válido
ORA-06512: en "ELECTROMOVILIDAD.PKG_ELECTROMOV_CALCULO", línea 426
ORA-06512: en línea 1
28/02/2021 12:55:40: [Método: System.Object ExecuteScalar(System.Data.IDbConnection, System.String, System.Object, System.Data.IDbTransaction, System.Nullable`1[System.Int32], System.Nullable`1[System.Data.CommandType]), Línea: 0] - ORA-01722: número no válido
ORA-06512: en "ELECTROMOVILIDAD.PKG_ELECTROMOV_CALCULO", línea 426
ORA-06512: en línea 1
28/02/2021 12:55:40: [Método: sres.be.TransportePublicoBE GuardarLeyenda(Int32, Int32, Int32, sres.be.TransportePublicoBE, Oracle.DataAccess.Client.OracleConnection), Línea: 0] - ORA-01722: número no válido
ORA-06512: en "ELECTROMOVILIDAD.PKG_ELECTROMOV_CALCULO", línea 426
ORA-06512: en línea 1
28/02/2021 12:58:33: [Método: Void HandleErrorHelper(Int32, Oracle.DataAccess.Client.OracleConnection, IntPtr, Oracle.DataAccess.Client.OpoSqlValCtx*, System.Object, System.String, Boolean, Int32, Oracle.DataAccess.Client.OracleLogicalTransaction), Línea: 0] - ORA-01722: número no válido
ORA-06512: en "ELECTROMOVILIDAD.PKG_ELECTROMOV_CALCULO", línea 426
ORA-06512: en línea 1
28/02/2021 12:58:33: [Método: Void HandleError(Int32, Oracle.DataAccess.Client.OracleConnection, System.String, IntPtr, Oracle.DataAccess.Client.OpoSqlValCtx*, System.Object, Boolean, Oracle.DataAccess.Client.OracleLogicalTransaction), Línea: 0] - ORA-01722: número no válido
ORA-06512: en "ELECTROMOVILIDAD.PKG_ELECTROMOV_CALCULO", línea 426
ORA-06512: en línea 1
28/02/2021 12:58:33: [Método: Oracle.DataAccess.Client.OracleDataReader ExecuteReader(Boolean, Boolean, System.Data.CommandBehavior), Línea: 0] - ORA-01722: número no válido
ORA-06512: en "ELECTROMOVILIDAD.PKG_ELECTROMOV_CALCULO", línea 426
ORA-06512: en línea 1
28/02/2021 12:58:33: [Método: Oracle.DataAccess.Client.OracleDataReader ExecuteReader(), Línea: 0] - ORA-01722: número no válido
ORA-06512: en "ELECTROMOVILIDAD.PKG_ELECTROMOV_CALCULO", línea 426
ORA-06512: en línea 1
28/02/2021 12:58:33: [Método: System.Object ExecuteScalar(), Línea: 0] - ORA-01722: número no válido
ORA-06512: en "ELECTROMOVILIDAD.PKG_ELECTROMOV_CALCULO", línea 426
ORA-06512: en línea 1
28/02/2021 12:58:33: [Método: T ExecuteScalarImpl[T](System.Data.IDbConnection, Dapper.CommandDefinition ByRef), Línea: 0] - ORA-01722: número no válido
ORA-06512: en "ELECTROMOVILIDAD.PKG_ELECTROMOV_CALCULO", línea 426
ORA-06512: en línea 1
28/02/2021 12:58:33: [Método: System.Object ExecuteScalar(System.Data.IDbConnection, System.String, System.Object, System.Data.IDbTransaction, System.Nullable`1[System.Int32], System.Nullable`1[System.Data.CommandType]), Línea: 0] - ORA-01722: número no válido
ORA-06512: en "ELECTROMOVILIDAD.PKG_ELECTROMOV_CALCULO", línea 426
ORA-06512: en línea 1
28/02/2021 12:58:33: [Método: sres.be.TransportePublicoBE GuardarLeyenda(Int32, Int32, Int32, sres.be.TransportePublicoBE, Oracle.DataAccess.Client.OracleConnection), Línea: 0] - ORA-01722: número no válido
ORA-06512: en "ELECTROMOVILIDAD.PKG_ELECTROMOV_CALCULO", línea 426
ORA-06512: en línea 1
28/02/2021 12:59:51: [Método: Void HandleErrorHelper(Int32, Oracle.DataAccess.Client.OracleConnection, IntPtr, Oracle.DataAccess.Client.OpoSqlValCtx*, System.Object, System.String, Boolean, Int32, Oracle.DataAccess.Client.OracleLogicalTransaction), Línea: 0] - ORA-06550: línea 1, columna 7:
PLS-00306: número o tipos de argumentos erróneos al llamar a 'USP_INS_GUARDAR_CONSUMO_VE'
ORA-06550: línea 1, columna 7:
PL/SQL: Statement ignored
28/02/2021 12:59:51: [Método: Void HandleError(Int32, Oracle.DataAccess.Client.OracleConnection, System.String, IntPtr, Oracle.DataAccess.Client.OpoSqlValCtx*, System.Object, Boolean, Oracle.DataAccess.Client.OracleLogicalTransaction), Línea: 0] - ORA-06550: línea 1, columna 7:
PLS-00306: número o tipos de argumentos erróneos al llamar a 'USP_INS_GUARDAR_CONSUMO_VE'
ORA-06550: línea 1, columna 7:
PL/SQL: Statement ignored
28/02/2021 12:59:51: [Método: Oracle.DataAccess.Client.OracleDataReader ExecuteReader(Boolean, Boolean, System.Data.CommandBehavior), Línea: 0] - ORA-06550: línea 1, columna 7:
PLS-00306: número o tipos de argumentos erróneos al llamar a 'USP_INS_GUARDAR_CONSUMO_VE'
ORA-06550: línea 1, columna 7:
PL/SQL: Statement ignored
28/02/2021 12:59:51: [Método: Oracle.DataAccess.Client.OracleDataReader ExecuteReader(), Línea: 0] - ORA-06550: línea 1, columna 7:
PLS-00306: número o tipos de argumentos erróneos al llamar a 'USP_INS_GUARDAR_CONSUMO_VE'
ORA-06550: línea 1, columna 7:
PL/SQL: Statement ignored
28/02/2021 12:59:51: [Método: System.Object ExecuteScalar(), Línea: 0] - ORA-06550: línea 1, columna 7:
PLS-00306: número o tipos de argumentos erróneos al llamar a 'USP_INS_GUARDAR_CONSUMO_VE'
ORA-06550: línea 1, columna 7:
PL/SQL: Statement ignored
28/02/2021 12:59:51: [Método: T ExecuteScalarImpl[T](System.Data.IDbConnection, Dapper.CommandDefinition ByRef), Línea: 0] - ORA-06550: línea 1, columna 7:
PLS-00306: número o tipos de argumentos erróneos al llamar a 'USP_INS_GUARDAR_CONSUMO_VE'
ORA-06550: línea 1, columna 7:
PL/SQL: Statement ignored
28/02/2021 12:59:51: [Método: System.Object ExecuteScalar(System.Data.IDbConnection, System.String, System.Object, System.Data.IDbTransaction, System.Nullable`1[System.Int32], System.Nullable`1[System.Data.CommandType]), Línea: 0] - ORA-06550: línea 1, columna 7:
PLS-00306: número o tipos de argumentos erróneos al llamar a 'USP_INS_GUARDAR_CONSUMO_VE'
ORA-06550: línea 1, columna 7:
PL/SQL: Statement ignored
28/02/2021 12:59:51: [Método: sres.be.EscenarioElectricoConsumoEnergBE GuardarConsumoVE(Int32, Int32, Int32, sres.be.EscenarioElectricoConsumoEnergBE, Oracle.DataAccess.Client.OracleConnection), Línea: 0] - ORA-06550: línea 1, columna 7:
PLS-00306: número o tipos de argumentos erróneos al llamar a 'USP_INS_GUARDAR_CONSUMO_VE'
ORA-06550: línea 1, columna 7:
PL/SQL: Statement ignored
28/02/2021 13:05:53: [Método: Void HandleErrorHelper(Int32, Oracle.DataAccess.Client.OracleConnection, IntPtr, Oracle.DataAccess.Client.OpoSqlValCtx*, System.Object, System.String, Boolean, Int32, Oracle.DataAccess.Client.OracleLogicalTransaction), Línea: 0] - ORA-06550: línea 1, columna 7:
PLS-00306: número o tipos de argumentos erróneos al llamar a 'USP_INS_GUARDAR_CONSUMO_VE'
ORA-06550: línea 1, columna 7:
PL/SQL: Statement ignored
28/02/2021 13:05:53: [Método: Void HandleError(Int32, Oracle.DataAccess.Client.OracleConnection, System.String, IntPtr, Oracle.DataAccess.Client.OpoSqlValCtx*, System.Object, Boolean, Oracle.DataAccess.Client.OracleLogicalTransaction), Línea: 0] - ORA-06550: línea 1, columna 7:
PLS-00306: número o tipos de argumentos erróneos al llamar a 'USP_INS_GUARDAR_CONSUMO_VE'
ORA-06550: línea 1, columna 7:
PL/SQL: Statement ignored
28/02/2021 13:05:53: [Método: Oracle.DataAccess.Client.OracleDataReader ExecuteReader(Boolean, Boolean, System.Data.CommandBehavior), Línea: 0] - ORA-06550: línea 1, columna 7:
PLS-00306: número o tipos de argumentos erróneos al llamar a 'USP_INS_GUARDAR_CONSUMO_VE'
ORA-06550: línea 1, columna 7:
PL/SQL: Statement ignored
28/02/2021 13:05:53: [Método: Oracle.DataAccess.Client.OracleDataReader ExecuteReader(), Línea: 0] - ORA-06550: línea 1, columna 7:
PLS-00306: número o tipos de argumentos erróneos al llamar a 'USP_INS_GUARDAR_CONSUMO_VE'
ORA-06550: línea 1, columna 7:
PL/SQL: Statement ignored
28/02/2021 13:05:53: [Método: System.Object ExecuteScalar(), Línea: 0] - ORA-06550: línea 1, columna 7:
PLS-00306: número o tipos de argumentos erróneos al llamar a 'USP_INS_GUARDAR_CONSUMO_VE'
ORA-06550: línea 1, columna 7:
PL/SQL: Statement ignored
28/02/2021 13:05:53: [Método: T ExecuteScalarImpl[T](System.Data.IDbConnection, Dapper.CommandDefinition ByRef), Línea: 0] - ORA-06550: línea 1, columna 7:
PLS-00306: número o tipos de argumentos erróneos al llamar a 'USP_INS_GUARDAR_CONSUMO_VE'
ORA-06550: línea 1, columna 7:
PL/SQL: Statement ignored
28/02/2021 13:05:53: [Método: System.Object ExecuteScalar(System.Data.IDbConnection, System.String, System.Object, System.Data.IDbTransaction, System.Nullable`1[System.Int32], System.Nullable`1[System.Data.CommandType]), Línea: 0] - ORA-06550: línea 1, columna 7:
PLS-00306: número o tipos de argumentos erróneos al llamar a 'USP_INS_GUARDAR_CONSUMO_VE'
ORA-06550: línea 1, columna 7:
PL/SQL: Statement ignored
28/02/2021 13:05:53: [Método: sres.be.EscenarioElectricoConsumoEnergBE GuardarConsumoVE(Int32, Int32, Int32, sres.be.EscenarioElectricoConsumoEnergBE, Oracle.DataAccess.Client.OracleConnection), Línea: 0] - ORA-06550: línea 1, columna 7:
PLS-00306: número o tipos de argumentos erróneos al llamar a 'USP_INS_GUARDAR_CONSUMO_VE'
ORA-06550: línea 1, columna 7:
PL/SQL: Statement ignored
