2/03/2021 00:44:03: [Método: System.Collections.Generic.List`1[sres.be.EscenarioContaminanteLocalBE] CalcularContaminantesLocales(sres.be.ContaminanteLocalBE), Línea: 889] - Referencia a objeto no establecida como instancia de un objeto.
2/03/2021 00:49:40: [Método: System.Collections.Generic.List`1[sres.be.EscenarioContaminanteLocalBE] CalcularContaminantesLocales(sres.be.ContaminanteLocalBE), Línea: 0] - Referencia a objeto no establecida como instancia de un objeto.
2/03/2021 09:27:56: [Método: Void HandleErrorHelper(Int32, Oracle.DataAccess.Client.OracleConnection, IntPtr, Oracle.DataAccess.Client.OpoSqlValCtx*, System.Object, System.String, Boolean, Int32, Oracle.DataAccess.Client.OracleLogicalTransaction), Línea: 0] - ORA-02291: restricción de integridad (ELECTROMOVILIDAD.SYS_C0026030) violada - clave principal no encontrada
ORA-06512: en "ELECTROMOVILIDAD.PKG_ELECTROMOV_CALCULO", línea 412
ORA-06512: en línea 1
2/03/2021 09:27:56: [Método: Void HandleError(Int32, Oracle.DataAccess.Client.OracleConnection, System.String, IntPtr, Oracle.DataAccess.Client.OpoSqlValCtx*, System.Object, Boolean, Oracle.DataAccess.Client.OracleLogicalTransaction), Línea: 0] - ORA-02291: restricción de integridad (ELECTROMOVILIDAD.SYS_C0026030) violada - clave principal no encontrada
ORA-06512: en "ELECTROMOVILIDAD.PKG_ELECTROMOV_CALCULO", línea 412
ORA-06512: en línea 1
2/03/2021 09:27:56: [Método: Oracle.DataAccess.Client.OracleDataReader ExecuteReader(Boolean, Boolean, System.Data.CommandBehavior), Línea: 0] - ORA-02291: restricción de integridad (ELECTROMOVILIDAD.SYS_C0026030) violada - clave principal no encontrada
ORA-06512: en "ELECTROMOVILIDAD.PKG_ELECTROMOV_CALCULO", línea 412
ORA-06512: en línea 1
2/03/2021 09:27:56: [Método: Oracle.DataAccess.Client.OracleDataReader ExecuteReader(), Línea: 0] - ORA-02291: restricción de integridad (ELECTROMOVILIDAD.SYS_C0026030) violada - clave principal no encontrada
ORA-06512: en "ELECTROMOVILIDAD.PKG_ELECTROMOV_CALCULO", línea 412
ORA-06512: en línea 1
2/03/2021 09:27:56: [Método: System.Object ExecuteScalar(), Línea: 0] - ORA-02291: restricción de integridad (ELECTROMOVILIDAD.SYS_C0026030) violada - clave principal no encontrada
ORA-06512: en "ELECTROMOVILIDAD.PKG_ELECTROMOV_CALCULO", línea 412
ORA-06512: en línea 1
2/03/2021 09:27:56: [Método: T ExecuteScalarImpl[T](System.Data.IDbConnection, Dapper.CommandDefinition ByRef), Línea: 0] - ORA-02291: restricción de integridad (ELECTROMOVILIDAD.SYS_C0026030) violada - clave principal no encontrada
ORA-06512: en "ELECTROMOVILIDAD.PKG_ELECTROMOV_CALCULO", línea 412
ORA-06512: en línea 1
2/03/2021 09:27:56: [Método: System.Object ExecuteScalar(System.Data.IDbConnection, System.String, System.Object, System.Data.IDbTransaction, System.Nullable`1[System.Int32], System.Nullable`1[System.Data.CommandType]), Línea: 0] - ORA-02291: restricción de integridad (ELECTROMOVILIDAD.SYS_C0026030) violada - clave principal no encontrada
ORA-06512: en "ELECTROMOVILIDAD.PKG_ELECTROMOV_CALCULO", línea 412
ORA-06512: en línea 1
2/03/2021 09:27:56: [Método: Boolean GenerarDetalleResultado(Int32, Int32 ByRef, Oracle.DataAccess.Client.OracleConnection), Línea: 97] - ORA-02291: restricción de integridad (ELECTROMOVILIDAD.SYS_C0026030) violada - clave principal no encontrada
ORA-06512: en "ELECTROMOVILIDAD.PKG_ELECTROMOV_CALCULO", línea 412
ORA-06512: en línea 1
2/03/2021 09:28:05: [Método: Void HandleErrorHelper(Int32, Oracle.DataAccess.Client.OracleConnection, IntPtr, Oracle.DataAccess.Client.OpoSqlValCtx*, System.Object, System.String, Boolean, Int32, Oracle.DataAccess.Client.OracleLogicalTransaction), Línea: 0] - ORA-02291: restricción de integridad (ELECTROMOVILIDAD.SYS_C0026030) violada - clave principal no encontrada
ORA-06512: en "ELECTROMOVILIDAD.PKG_ELECTROMOV_CALCULO", línea 412
ORA-06512: en línea 1
2/03/2021 09:28:05: [Método: Void HandleError(Int32, Oracle.DataAccess.Client.OracleConnection, System.String, IntPtr, Oracle.DataAccess.Client.OpoSqlValCtx*, System.Object, Boolean, Oracle.DataAccess.Client.OracleLogicalTransaction), Línea: 0] - ORA-02291: restricción de integridad (ELECTROMOVILIDAD.SYS_C0026030) violada - clave principal no encontrada
ORA-06512: en "ELECTROMOVILIDAD.PKG_ELECTROMOV_CALCULO", línea 412
ORA-06512: en línea 1
2/03/2021 09:28:05: [Método: Oracle.DataAccess.Client.OracleDataReader ExecuteReader(Boolean, Boolean, System.Data.CommandBehavior), Línea: 0] - ORA-02291: restricción de integridad (ELECTROMOVILIDAD.SYS_C0026030) violada - clave principal no encontrada
ORA-06512: en "ELECTROMOVILIDAD.PKG_ELECTROMOV_CALCULO", línea 412
ORA-06512: en línea 1
2/03/2021 09:28:05: [Método: Oracle.DataAccess.Client.OracleDataReader ExecuteReader(), Línea: 0] - ORA-02291: restricción de integridad (ELECTROMOVILIDAD.SYS_C0026030) violada - clave principal no encontrada
ORA-06512: en "ELECTROMOVILIDAD.PKG_ELECTROMOV_CALCULO", línea 412
ORA-06512: en línea 1
2/03/2021 09:28:05: [Método: System.Object ExecuteScalar(), Línea: 0] - ORA-02291: restricción de integridad (ELECTROMOVILIDAD.SYS_C0026030) violada - clave principal no encontrada
ORA-06512: en "ELECTROMOVILIDAD.PKG_ELECTROMOV_CALCULO", línea 412
ORA-06512: en línea 1
2/03/2021 09:28:05: [Método: T ExecuteScalarImpl[T](System.Data.IDbConnection, Dapper.CommandDefinition ByRef), Línea: 0] - ORA-02291: restricción de integridad (ELECTROMOVILIDAD.SYS_C0026030) violada - clave principal no encontrada
ORA-06512: en "ELECTROMOVILIDAD.PKG_ELECTROMOV_CALCULO", línea 412
ORA-06512: en línea 1
2/03/2021 09:28:05: [Método: System.Object ExecuteScalar(System.Data.IDbConnection, System.String, System.Object, System.Data.IDbTransaction, System.Nullable`1[System.Int32], System.Nullable`1[System.Data.CommandType]), Línea: 0] - ORA-02291: restricción de integridad (ELECTROMOVILIDAD.SYS_C0026030) violada - clave principal no encontrada
ORA-06512: en "ELECTROMOVILIDAD.PKG_ELECTROMOV_CALCULO", línea 412
ORA-06512: en línea 1
2/03/2021 09:28:05: [Método: Boolean GenerarDetalleResultado(Int32, Int32 ByRef, Oracle.DataAccess.Client.OracleConnection), Línea: 97] - ORA-02291: restricción de integridad (ELECTROMOVILIDAD.SYS_C0026030) violada - clave principal no encontrada
ORA-06512: en "ELECTROMOVILIDAD.PKG_ELECTROMOV_CALCULO", línea 412
ORA-06512: en línea 1
2/03/2021 09:29:20: [Método: Void HandleErrorHelper(Int32, Oracle.DataAccess.Client.OracleConnection, IntPtr, Oracle.DataAccess.Client.OpoSqlValCtx*, System.Object, System.String, Boolean, Int32, Oracle.DataAccess.Client.OracleLogicalTransaction), Línea: 0] - ORA-02291: restricción de integridad (ELECTROMOVILIDAD.SYS_C0026030) violada - clave principal no encontrada
ORA-06512: en "ELECTROMOVILIDAD.PKG_ELECTROMOV_CALCULO", línea 412
ORA-06512: en línea 1
2/03/2021 09:29:20: [Método: Void HandleError(Int32, Oracle.DataAccess.Client.OracleConnection, System.String, IntPtr, Oracle.DataAccess.Client.OpoSqlValCtx*, System.Object, Boolean, Oracle.DataAccess.Client.OracleLogicalTransaction), Línea: 0] - ORA-02291: restricción de integridad (ELECTROMOVILIDAD.SYS_C0026030) violada - clave principal no encontrada
ORA-06512: en "ELECTROMOVILIDAD.PKG_ELECTROMOV_CALCULO", línea 412
ORA-06512: en línea 1
2/03/2021 09:29:20: [Método: Oracle.DataAccess.Client.OracleDataReader ExecuteReader(Boolean, Boolean, System.Data.CommandBehavior), Línea: 0] - ORA-02291: restricción de integridad (ELECTROMOVILIDAD.SYS_C0026030) violada - clave principal no encontrada
ORA-06512: en "ELECTROMOVILIDAD.PKG_ELECTROMOV_CALCULO", línea 412
ORA-06512: en línea 1
2/03/2021 09:29:20: [Método: Oracle.DataAccess.Client.OracleDataReader ExecuteReader(), Línea: 0] - ORA-02291: restricción de integridad (ELECTROMOVILIDAD.SYS_C0026030) violada - clave principal no encontrada
ORA-06512: en "ELECTROMOVILIDAD.PKG_ELECTROMOV_CALCULO", línea 412
ORA-06512: en línea 1
2/03/2021 09:29:20: [Método: System.Object ExecuteScalar(), Línea: 0] - ORA-02291: restricción de integridad (ELECTROMOVILIDAD.SYS_C0026030) violada - clave principal no encontrada
ORA-06512: en "ELECTROMOVILIDAD.PKG_ELECTROMOV_CALCULO", línea 412
ORA-06512: en línea 1
2/03/2021 09:29:20: [Método: T ExecuteScalarImpl[T](System.Data.IDbConnection, Dapper.CommandDefinition ByRef), Línea: 0] - ORA-02291: restricción de integridad (ELECTROMOVILIDAD.SYS_C0026030) violada - clave principal no encontrada
ORA-06512: en "ELECTROMOVILIDAD.PKG_ELECTROMOV_CALCULO", línea 412
ORA-06512: en línea 1
2/03/2021 09:29:20: [Método: System.Object ExecuteScalar(System.Data.IDbConnection, System.String, System.Object, System.Data.IDbTransaction, System.Nullable`1[System.Int32], System.Nullable`1[System.Data.CommandType]), Línea: 0] - ORA-02291: restricción de integridad (ELECTROMOVILIDAD.SYS_C0026030) violada - clave principal no encontrada
ORA-06512: en "ELECTROMOVILIDAD.PKG_ELECTROMOV_CALCULO", línea 412
ORA-06512: en línea 1
2/03/2021 09:29:20: [Método: Boolean GenerarDetalleResultado(Int32, Int32 ByRef, Oracle.DataAccess.Client.OracleConnection), Línea: 97] - ORA-02291: restricción de integridad (ELECTROMOVILIDAD.SYS_C0026030) violada - clave principal no encontrada
ORA-06512: en "ELECTROMOVILIDAD.PKG_ELECTROMOV_CALCULO", línea 412
ORA-06512: en línea 1
2/03/2021 09:33:30: [Método: Void HandleErrorHelper(Int32, Oracle.DataAccess.Client.OracleConnection, IntPtr, Oracle.DataAccess.Client.OpoSqlValCtx*, System.Object, System.String, Boolean, Int32, Oracle.DataAccess.Client.OracleLogicalTransaction), Línea: 0] - ORA-02291: restricción de integridad (ELECTROMOVILIDAD.SYS_C0026030) violada - clave principal no encontrada
ORA-06512: en "ELECTROMOVILIDAD.PKG_ELECTROMOV_CALCULO", línea 412
ORA-06512: en línea 1
2/03/2021 09:33:30: [Método: Void HandleError(Int32, Oracle.DataAccess.Client.OracleConnection, System.String, IntPtr, Oracle.DataAccess.Client.OpoSqlValCtx*, System.Object, Boolean, Oracle.DataAccess.Client.OracleLogicalTransaction), Línea: 0] - ORA-02291: restricción de integridad (ELECTROMOVILIDAD.SYS_C0026030) violada - clave principal no encontrada
ORA-06512: en "ELECTROMOVILIDAD.PKG_ELECTROMOV_CALCULO", línea 412
ORA-06512: en línea 1
2/03/2021 09:33:30: [Método: Oracle.DataAccess.Client.OracleDataReader ExecuteReader(Boolean, Boolean, System.Data.CommandBehavior), Línea: 0] - ORA-02291: restricción de integridad (ELECTROMOVILIDAD.SYS_C0026030) violada - clave principal no encontrada
ORA-06512: en "ELECTROMOVILIDAD.PKG_ELECTROMOV_CALCULO", línea 412
ORA-06512: en línea 1
2/03/2021 09:33:30: [Método: Oracle.DataAccess.Client.OracleDataReader ExecuteReader(), Línea: 0] - ORA-02291: restricción de integridad (ELECTROMOVILIDAD.SYS_C0026030) violada - clave principal no encontrada
ORA-06512: en "ELECTROMOVILIDAD.PKG_ELECTROMOV_CALCULO", línea 412
ORA-06512: en línea 1
2/03/2021 09:33:30: [Método: System.Object ExecuteScalar(), Línea: 0] - ORA-02291: restricción de integridad (ELECTROMOVILIDAD.SYS_C0026030) violada - clave principal no encontrada
ORA-06512: en "ELECTROMOVILIDAD.PKG_ELECTROMOV_CALCULO", línea 412
ORA-06512: en línea 1
2/03/2021 09:33:30: [Método: T ExecuteScalarImpl[T](System.Data.IDbConnection, Dapper.CommandDefinition ByRef), Línea: 0] - ORA-02291: restricción de integridad (ELECTROMOVILIDAD.SYS_C0026030) violada - clave principal no encontrada
ORA-06512: en "ELECTROMOVILIDAD.PKG_ELECTROMOV_CALCULO", línea 412
ORA-06512: en línea 1
2/03/2021 09:33:30: [Método: System.Object ExecuteScalar(System.Data.IDbConnection, System.String, System.Object, System.Data.IDbTransaction, System.Nullable`1[System.Int32], System.Nullable`1[System.Data.CommandType]), Línea: 0] - ORA-02291: restricción de integridad (ELECTROMOVILIDAD.SYS_C0026030) violada - clave principal no encontrada
ORA-06512: en "ELECTROMOVILIDAD.PKG_ELECTROMOV_CALCULO", línea 412
ORA-06512: en línea 1
2/03/2021 09:33:30: [Método: Boolean GenerarDetalleResultado(Int32, Int32 ByRef, Oracle.DataAccess.Client.OracleConnection), Línea: 97] - ORA-02291: restricción de integridad (ELECTROMOVILIDAD.SYS_C0026030) violada - clave principal no encontrada
ORA-06512: en "ELECTROMOVILIDAD.PKG_ELECTROMOV_CALCULO", línea 412
ORA-06512: en línea 1
