5/03/2021 21:51:36: [Método: Void HandleErrorHelper(Int32, Oracle.DataAccess.Client.OracleConnection, IntPtr, Oracle.DataAccess.Client.OpoSqlValCtx*, System.Object, System.String, Boolean, Int32, Oracle.DataAccess.Client.OracleLogicalTransaction), Línea: 0] - ORA-06550: línea 1, columna 7:
PLS-00306: número o tipos de argumentos erróneos al llamar a 'USP_UPD_ROL'
ORA-06550: línea 1, columna 7:
PL/SQL: Statement ignored
5/03/2021 21:51:36: [Método: Void HandleError(Int32, Oracle.DataAccess.Client.OracleConnection, System.String, IntPtr, Oracle.DataAccess.Client.OpoSqlValCtx*, System.Object, Boolean, Oracle.DataAccess.Client.OracleLogicalTransaction), Línea: 0] - ORA-06550: línea 1, columna 7:
PLS-00306: número o tipos de argumentos erróneos al llamar a 'USP_UPD_ROL'
ORA-06550: línea 1, columna 7:
PL/SQL: Statement ignored
5/03/2021 21:51:36: [Método: Oracle.DataAccess.Client.OracleDataReader ExecuteReader(Boolean, Boolean, System.Data.CommandBehavior), Línea: 0] - ORA-06550: línea 1, columna 7:
PLS-00306: número o tipos de argumentos erróneos al llamar a 'USP_UPD_ROL'
ORA-06550: línea 1, columna 7:
PL/SQL: Statement ignored
5/03/2021 21:51:36: [Método: Oracle.DataAccess.Client.OracleDataReader ExecuteReader(), Línea: 0] - ORA-06550: línea 1, columna 7:
PLS-00306: número o tipos de argumentos erróneos al llamar a 'USP_UPD_ROL'
ORA-06550: línea 1, columna 7:
PL/SQL: Statement ignored
5/03/2021 21:51:36: [Método: System.Object ExecuteScalar(), Línea: 0] - ORA-06550: línea 1, columna 7:
PLS-00306: número o tipos de argumentos erróneos al llamar a 'USP_UPD_ROL'
ORA-06550: línea 1, columna 7:
PL/SQL: Statement ignored
5/03/2021 21:51:36: [Método: T ExecuteScalarImpl[T](System.Data.IDbConnection, Dapper.CommandDefinition ByRef), Línea: 0] - ORA-06550: línea 1, columna 7:
PLS-00306: número o tipos de argumentos erróneos al llamar a 'USP_UPD_ROL'
ORA-06550: línea 1, columna 7:
PL/SQL: Statement ignored
5/03/2021 21:51:36: [Método: System.Object ExecuteScalar(System.Data.IDbConnection, System.String, System.Object, System.Data.IDbTransaction, System.Nullable`1[System.Int32], System.Nullable`1[System.Data.CommandType]), Línea: 0] - ORA-06550: línea 1, columna 7:
PLS-00306: número o tipos de argumentos erróneos al llamar a 'USP_UPD_ROL'
ORA-06550: línea 1, columna 7:
PL/SQL: Statement ignored
5/03/2021 21:51:36: [Método: sres.be.RolBE GuardarRol(sres.be.RolBE, Oracle.DataAccess.Client.OracleConnection), Línea: 24] - ORA-06550: línea 1, columna 7:
PLS-00306: número o tipos de argumentos erróneos al llamar a 'USP_UPD_ROL'
ORA-06550: línea 1, columna 7:
PL/SQL: Statement ignored
