11/03/2021 13:48:04: [Método: Void HandleErrorHelper(Int32, Oracle.DataAccess.Client.OracleConnection, IntPtr, Oracle.DataAccess.Client.OpoSqlValCtx*, System.Object, System.String, Boolean, Int32, Oracle.DataAccess.Client.OracleLogicalTransaction), Línea: 0] - ORA-02291: restricción de integridad (ELECTROMOVILIDAD.SYS_C0026164) violada - clave principal no encontrada
ORA-06512: en "ELECTROMOVILIDAD.PKG_ELECTROMOV_VERIFICACION", línea 98
ORA-06512: en línea 1
11/03/2021 13:48:04: [Método: Void HandleError(Int32, Oracle.DataAccess.Client.OracleConnection, System.String, IntPtr, Oracle.DataAccess.Client.OpoSqlValCtx*, System.Object, Boolean, Oracle.DataAccess.Client.OracleLogicalTransaction), Línea: 0] - ORA-02291: restricción de integridad (ELECTROMOVILIDAD.SYS_C0026164) violada - clave principal no encontrada
ORA-06512: en "ELECTROMOVILIDAD.PKG_ELECTROMOV_VERIFICACION", línea 98
ORA-06512: en línea 1
11/03/2021 13:48:04: [Método: Int32 ExecuteNonQuery(), Línea: 0] - ORA-02291: restricción de integridad (ELECTROMOVILIDAD.SYS_C0026164) violada - clave principal no encontrada
ORA-06512: en "ELECTROMOVILIDAD.PKG_ELECTROMOV_VERIFICACION", línea 98
ORA-06512: en línea 1
11/03/2021 13:48:04: [Método: Int32 ExecuteCommand(System.Data.IDbConnection, Dapper.CommandDefinition ByRef, System.Action`2[System.Data.IDbCommand,System.Object]), Línea: 0] - ORA-02291: restricción de integridad (ELECTROMOVILIDAD.SYS_C0026164) violada - clave principal no encontrada
ORA-06512: en "ELECTROMOVILIDAD.PKG_ELECTROMOV_VERIFICACION", línea 98
ORA-06512: en línea 1
11/03/2021 13:48:04: [Método: Int32 ExecuteImpl(System.Data.IDbConnection, Dapper.CommandDefinition ByRef), Línea: 0] - ORA-02291: restricción de integridad (ELECTROMOVILIDAD.SYS_C0026164) violada - clave principal no encontrada
ORA-06512: en "ELECTROMOVILIDAD.PKG_ELECTROMOV_VERIFICACION", línea 98
ORA-06512: en línea 1
11/03/2021 13:48:04: [Método: Int32 Execute(System.Data.IDbConnection, System.String, System.Object, System.Data.IDbTransaction, System.Nullable`1[System.Int32], System.Nullable`1[System.Data.CommandType]), Línea: 0] - ORA-02291: restricción de integridad (ELECTROMOVILIDAD.SYS_C0026164) violada - clave principal no encontrada
ORA-06512: en "ELECTROMOVILIDAD.PKG_ELECTROMOV_VERIFICACION", línea 98
ORA-06512: en línea 1
11/03/2021 13:48:04: [Método: Boolean RevisionEstacion(sres.be.EstacionCargaBE, Oracle.DataAccess.Client.OracleConnection), Línea: 267] - ORA-02291: restricción de integridad (ELECTROMOVILIDAD.SYS_C0026164) violada - clave principal no encontrada
ORA-06512: en "ELECTROMOVILIDAD.PKG_ELECTROMOV_VERIFICACION", línea 98
ORA-06512: en línea 1
11/03/2021 14:32:40: [Método: Void HandleErrorHelper(Int32, Oracle.DataAccess.Client.OracleConnection, IntPtr, Oracle.DataAccess.Client.OpoSqlValCtx*, System.Object, System.String, Boolean, Int32, Oracle.DataAccess.Client.OracleLogicalTransaction), Línea: 0] - ORA-02291: restricción de integridad (ELECTROMOVILIDAD.SYS_C0026164) violada - clave principal no encontrada
ORA-06512: en "ELECTROMOVILIDAD.PKG_ELECTROMOV_VERIFICACION", línea 98
ORA-06512: en línea 1
11/03/2021 14:32:40: [Método: Void HandleError(Int32, Oracle.DataAccess.Client.OracleConnection, System.String, IntPtr, Oracle.DataAccess.Client.OpoSqlValCtx*, System.Object, Boolean, Oracle.DataAccess.Client.OracleLogicalTransaction), Línea: 0] - ORA-02291: restricción de integridad (ELECTROMOVILIDAD.SYS_C0026164) violada - clave principal no encontrada
ORA-06512: en "ELECTROMOVILIDAD.PKG_ELECTROMOV_VERIFICACION", línea 98
ORA-06512: en línea 1
11/03/2021 14:32:40: [Método: Int32 ExecuteNonQuery(), Línea: 0] - ORA-02291: restricción de integridad (ELECTROMOVILIDAD.SYS_C0026164) violada - clave principal no encontrada
ORA-06512: en "ELECTROMOVILIDAD.PKG_ELECTROMOV_VERIFICACION", línea 98
ORA-06512: en línea 1
11/03/2021 14:32:40: [Método: Int32 ExecuteCommand(System.Data.IDbConnection, Dapper.CommandDefinition ByRef, System.Action`2[System.Data.IDbCommand,System.Object]), Línea: 0] - ORA-02291: restricción de integridad (ELECTROMOVILIDAD.SYS_C0026164) violada - clave principal no encontrada
ORA-06512: en "ELECTROMOVILIDAD.PKG_ELECTROMOV_VERIFICACION", línea 98
ORA-06512: en línea 1
11/03/2021 14:32:40: [Método: Int32 ExecuteImpl(System.Data.IDbConnection, Dapper.CommandDefinition ByRef), Línea: 0] - ORA-02291: restricción de integridad (ELECTROMOVILIDAD.SYS_C0026164) violada - clave principal no encontrada
ORA-06512: en "ELECTROMOVILIDAD.PKG_ELECTROMOV_VERIFICACION", línea 98
ORA-06512: en línea 1
11/03/2021 14:32:40: [Método: Int32 Execute(System.Data.IDbConnection, System.String, System.Object, System.Data.IDbTransaction, System.Nullable`1[System.Int32], System.Nullable`1[System.Data.CommandType]), Línea: 0] - ORA-02291: restricción de integridad (ELECTROMOVILIDAD.SYS_C0026164) violada - clave principal no encontrada
ORA-06512: en "ELECTROMOVILIDAD.PKG_ELECTROMOV_VERIFICACION", línea 98
ORA-06512: en línea 1
11/03/2021 14:32:40: [Método: Boolean RevisionEstacion(sres.be.EstacionCargaBE, Oracle.DataAccess.Client.OracleConnection), Línea: 267] - ORA-02291: restricción de integridad (ELECTROMOVILIDAD.SYS_C0026164) violada - clave principal no encontrada
ORA-06512: en "ELECTROMOVILIDAD.PKG_ELECTROMOV_VERIFICACION", línea 98
ORA-06512: en línea 1
11/03/2021 14:35:09: [Método: Void HandleErrorHelper(Int32, Oracle.DataAccess.Client.OracleConnection, IntPtr, Oracle.DataAccess.Client.OpoSqlValCtx*, System.Object, System.String, Boolean, Int32, Oracle.DataAccess.Client.OracleLogicalTransaction), Línea: 0] - ORA-02291: restricción de integridad (ELECTROMOVILIDAD.SYS_C0026164) violada - clave principal no encontrada
ORA-06512: en "ELECTROMOVILIDAD.PKG_ELECTROMOV_VERIFICACION", línea 98
ORA-06512: en línea 1
11/03/2021 14:35:09: [Método: Void HandleError(Int32, Oracle.DataAccess.Client.OracleConnection, System.String, IntPtr, Oracle.DataAccess.Client.OpoSqlValCtx*, System.Object, Boolean, Oracle.DataAccess.Client.OracleLogicalTransaction), Línea: 0] - ORA-02291: restricción de integridad (ELECTROMOVILIDAD.SYS_C0026164) violada - clave principal no encontrada
ORA-06512: en "ELECTROMOVILIDAD.PKG_ELECTROMOV_VERIFICACION", línea 98
ORA-06512: en línea 1
11/03/2021 14:35:09: [Método: Int32 ExecuteNonQuery(), Línea: 0] - ORA-02291: restricción de integridad (ELECTROMOVILIDAD.SYS_C0026164) violada - clave principal no encontrada
ORA-06512: en "ELECTROMOVILIDAD.PKG_ELECTROMOV_VERIFICACION", línea 98
ORA-06512: en línea 1
11/03/2021 14:35:09: [Método: Int32 ExecuteCommand(System.Data.IDbConnection, Dapper.CommandDefinition ByRef, System.Action`2[System.Data.IDbCommand,System.Object]), Línea: 0] - ORA-02291: restricción de integridad (ELECTROMOVILIDAD.SYS_C0026164) violada - clave principal no encontrada
ORA-06512: en "ELECTROMOVILIDAD.PKG_ELECTROMOV_VERIFICACION", línea 98
ORA-06512: en línea 1
11/03/2021 14:35:09: [Método: Int32 ExecuteImpl(System.Data.IDbConnection, Dapper.CommandDefinition ByRef), Línea: 0] - ORA-02291: restricción de integridad (ELECTROMOVILIDAD.SYS_C0026164) violada - clave principal no encontrada
ORA-06512: en "ELECTROMOVILIDAD.PKG_ELECTROMOV_VERIFICACION", línea 98
ORA-06512: en línea 1
11/03/2021 14:35:09: [Método: Int32 Execute(System.Data.IDbConnection, System.String, System.Object, System.Data.IDbTransaction, System.Nullable`1[System.Int32], System.Nullable`1[System.Data.CommandType]), Línea: 0] - ORA-02291: restricción de integridad (ELECTROMOVILIDAD.SYS_C0026164) violada - clave principal no encontrada
ORA-06512: en "ELECTROMOVILIDAD.PKG_ELECTROMOV_VERIFICACION", línea 98
ORA-06512: en línea 1
11/03/2021 14:35:09: [Método: Boolean RevisionEstacion(sres.be.EstacionCargaBE, Oracle.DataAccess.Client.OracleConnection), Línea: 267] - ORA-02291: restricción de integridad (ELECTROMOVILIDAD.SYS_C0026164) violada - clave principal no encontrada
ORA-06512: en "ELECTROMOVILIDAD.PKG_ELECTROMOV_VERIFICACION", línea 98
ORA-06512: en línea 1
