3/03/2021 17:04:40: [Método: Void HandleErrorHelper(Int32, Oracle.DataAccess.Client.OracleConnection, IntPtr, Oracle.DataAccess.Client.OpoSqlValCtx*, System.Object, System.String, Boolean, Int32, Oracle.DataAccess.Client.OracleLogicalTransaction), Línea: 0] - ORA-06550: línea 1, columna 53:
PLS-00302: el componente 'USP_SEL_GET_USUARIO' se debe declarar
ORA-06550: línea 1, columna 7:
PL/SQL: Statement ignored
3/03/2021 17:04:40: [Método: Void HandleError(Int32, Oracle.DataAccess.Client.OracleConnection, System.String, IntPtr, Oracle.DataAccess.Client.OpoSqlValCtx*, System.Object, Boolean, Oracle.DataAccess.Client.OracleLogicalTransaction), Línea: 0] - ORA-06550: línea 1, columna 53:
PLS-00302: el componente 'USP_SEL_GET_USUARIO' se debe declarar
ORA-06550: línea 1, columna 7:
PL/SQL: Statement ignored
3/03/2021 17:04:40: [Método: Oracle.DataAccess.Client.OracleDataReader ExecuteReader(Boolean, Boolean, System.Data.CommandBehavior), Línea: 0] - ORA-06550: línea 1, columna 53:
PLS-00302: el componente 'USP_SEL_GET_USUARIO' se debe declarar
ORA-06550: línea 1, columna 7:
PL/SQL: Statement ignored
3/03/2021 17:04:40: [Método: System.Data.Common.DbDataReader ExecuteDbDataReader(System.Data.CommandBehavior), Línea: 0] - ORA-06550: línea 1, columna 53:
PLS-00302: el componente 'USP_SEL_GET_USUARIO' se debe declarar
ORA-06550: línea 1, columna 7:
PL/SQL: Statement ignored
3/03/2021 17:04:40: [Método: System.Data.IDataReader System.Data.IDbCommand.ExecuteReader(System.Data.CommandBehavior), Línea: 0] - ORA-06550: línea 1, columna 53:
PLS-00302: el componente 'USP_SEL_GET_USUARIO' se debe declarar
ORA-06550: línea 1, columna 7:
PL/SQL: Statement ignored
3/03/2021 17:04:40: [Método: System.Data.IDataReader ExecuteReaderWithFlagsFallback(System.Data.IDbCommand, Boolean, System.Data.CommandBehavior), Línea: 0] - ORA-06550: línea 1, columna 53:
PLS-00302: el componente 'USP_SEL_GET_USUARIO' se debe declarar
ORA-06550: línea 1, columna 7:
PL/SQL: Statement ignored
3/03/2021 17:04:40: [Método: T QueryRowImpl[T](System.Data.IDbConnection, Row, Dapper.CommandDefinition ByRef, System.Type), Línea: 0] - ORA-06550: línea 1, columna 53:
PLS-00302: el componente 'USP_SEL_GET_USUARIO' se debe declarar
ORA-06550: línea 1, columna 7:
PL/SQL: Statement ignored
3/03/2021 17:04:40: [Método: T QueryFirstOrDefault[T](System.Data.IDbConnection, System.String, System.Object, System.Data.IDbTransaction, System.Nullable`1[System.Int32], System.Nullable`1[System.Data.CommandType]), Línea: 0] - ORA-06550: línea 1, columna 53:
PLS-00302: el componente 'USP_SEL_GET_USUARIO' se debe declarar
ORA-06550: línea 1, columna 7:
PL/SQL: Statement ignored
3/03/2021 17:04:40: [Método: sres.be.UsuarioBE ObtenerUsuario(Int32, Oracle.DataAccess.Client.OracleConnection), Línea: 123] - ORA-06550: línea 1, columna 53:
PLS-00302: el componente 'USP_SEL_GET_USUARIO' se debe declarar
ORA-06550: línea 1, columna 7:
PL/SQL: Statement ignored
3/03/2021 17:09:33: [Método: Void HandleErrorHelper(Int32, Oracle.DataAccess.Client.OracleConnection, IntPtr, Oracle.DataAccess.Client.OpoSqlValCtx*, System.Object, System.String, Boolean, Int32, Oracle.DataAccess.Client.OracleLogicalTransaction), Línea: 0] - ORA-06550: línea 1, columna 53:
PLS-00302: el componente 'USP_SEL_GET_USUARIO' se debe declarar
ORA-06550: línea 1, columna 7:
PL/SQL: Statement ignored
3/03/2021 17:09:33: [Método: Void HandleError(Int32, Oracle.DataAccess.Client.OracleConnection, System.String, IntPtr, Oracle.DataAccess.Client.OpoSqlValCtx*, System.Object, Boolean, Oracle.DataAccess.Client.OracleLogicalTransaction), Línea: 0] - ORA-06550: línea 1, columna 53:
PLS-00302: el componente 'USP_SEL_GET_USUARIO' se debe declarar
ORA-06550: línea 1, columna 7:
PL/SQL: Statement ignored
3/03/2021 17:09:33: [Método: Oracle.DataAccess.Client.OracleDataReader ExecuteReader(Boolean, Boolean, System.Data.CommandBehavior), Línea: 0] - ORA-06550: línea 1, columna 53:
PLS-00302: el componente 'USP_SEL_GET_USUARIO' se debe declarar
ORA-06550: línea 1, columna 7:
PL/SQL: Statement ignored
3/03/2021 17:09:33: [Método: System.Data.Common.DbDataReader ExecuteDbDataReader(System.Data.CommandBehavior), Línea: 0] - ORA-06550: línea 1, columna 53:
PLS-00302: el componente 'USP_SEL_GET_USUARIO' se debe declarar
ORA-06550: línea 1, columna 7:
PL/SQL: Statement ignored
3/03/2021 17:09:33: [Método: System.Data.IDataReader System.Data.IDbCommand.ExecuteReader(System.Data.CommandBehavior), Línea: 0] - ORA-06550: línea 1, columna 53:
PLS-00302: el componente 'USP_SEL_GET_USUARIO' se debe declarar
ORA-06550: línea 1, columna 7:
PL/SQL: Statement ignored
3/03/2021 17:09:33: [Método: System.Data.IDataReader ExecuteReaderWithFlagsFallback(System.Data.IDbCommand, Boolean, System.Data.CommandBehavior), Línea: 0] - ORA-06550: línea 1, columna 53:
PLS-00302: el componente 'USP_SEL_GET_USUARIO' se debe declarar
ORA-06550: línea 1, columna 7:
PL/SQL: Statement ignored
3/03/2021 17:09:33: [Método: T QueryRowImpl[T](System.Data.IDbConnection, Row, Dapper.CommandDefinition ByRef, System.Type), Línea: 0] - ORA-06550: línea 1, columna 53:
PLS-00302: el componente 'USP_SEL_GET_USUARIO' se debe declarar
ORA-06550: línea 1, columna 7:
PL/SQL: Statement ignored
3/03/2021 17:09:33: [Método: T QueryFirstOrDefault[T](System.Data.IDbConnection, System.String, System.Object, System.Data.IDbTransaction, System.Nullable`1[System.Int32], System.Nullable`1[System.Data.CommandType]), Línea: 0] - ORA-06550: línea 1, columna 53:
PLS-00302: el componente 'USP_SEL_GET_USUARIO' se debe declarar
ORA-06550: línea 1, columna 7:
PL/SQL: Statement ignored
3/03/2021 17:09:33: [Método: sres.be.UsuarioBE ObtenerUsuario(Int32, Oracle.DataAccess.Client.OracleConnection), Línea: 123] - ORA-06550: línea 1, columna 53:
PLS-00302: el componente 'USP_SEL_GET_USUARIO' se debe declarar
ORA-06550: línea 1, columna 7:
PL/SQL: Statement ignored
3/03/2021 17:09:50: [Método: Void HandleErrorHelper(Int32, Oracle.DataAccess.Client.OracleConnection, IntPtr, Oracle.DataAccess.Client.OpoSqlValCtx*, System.Object, System.String, Boolean, Int32, Oracle.DataAccess.Client.OracleLogicalTransaction), Línea: 0] - ORA-06550: línea 1, columna 53:
PLS-00302: el componente 'USP_SEL_GET_USUARIO' se debe declarar
ORA-06550: línea 1, columna 7:
PL/SQL: Statement ignored
3/03/2021 17:09:50: [Método: Void HandleError(Int32, Oracle.DataAccess.Client.OracleConnection, System.String, IntPtr, Oracle.DataAccess.Client.OpoSqlValCtx*, System.Object, Boolean, Oracle.DataAccess.Client.OracleLogicalTransaction), Línea: 0] - ORA-06550: línea 1, columna 53:
PLS-00302: el componente 'USP_SEL_GET_USUARIO' se debe declarar
ORA-06550: línea 1, columna 7:
PL/SQL: Statement ignored
3/03/2021 17:09:50: [Método: Oracle.DataAccess.Client.OracleDataReader ExecuteReader(Boolean, Boolean, System.Data.CommandBehavior), Línea: 0] - ORA-06550: línea 1, columna 53:
PLS-00302: el componente 'USP_SEL_GET_USUARIO' se debe declarar
ORA-06550: línea 1, columna 7:
PL/SQL: Statement ignored
3/03/2021 17:09:50: [Método: System.Data.Common.DbDataReader ExecuteDbDataReader(System.Data.CommandBehavior), Línea: 0] - ORA-06550: línea 1, columna 53:
PLS-00302: el componente 'USP_SEL_GET_USUARIO' se debe declarar
ORA-06550: línea 1, columna 7:
PL/SQL: Statement ignored
3/03/2021 17:09:50: [Método: System.Data.IDataReader System.Data.IDbCommand.ExecuteReader(System.Data.CommandBehavior), Línea: 0] - ORA-06550: línea 1, columna 53:
PLS-00302: el componente 'USP_SEL_GET_USUARIO' se debe declarar
ORA-06550: línea 1, columna 7:
PL/SQL: Statement ignored
3/03/2021 17:09:50: [Método: System.Data.IDataReader ExecuteReaderWithFlagsFallback(System.Data.IDbCommand, Boolean, System.Data.CommandBehavior), Línea: 0] - ORA-06550: línea 1, columna 53:
PLS-00302: el componente 'USP_SEL_GET_USUARIO' se debe declarar
ORA-06550: línea 1, columna 7:
PL/SQL: Statement ignored
3/03/2021 17:09:50: [Método: T QueryRowImpl[T](System.Data.IDbConnection, Row, Dapper.CommandDefinition ByRef, System.Type), Línea: 0] - ORA-06550: línea 1, columna 53:
PLS-00302: el componente 'USP_SEL_GET_USUARIO' se debe declarar
ORA-06550: línea 1, columna 7:
PL/SQL: Statement ignored
3/03/2021 17:09:50: [Método: T QueryFirstOrDefault[T](System.Data.IDbConnection, System.String, System.Object, System.Data.IDbTransaction, System.Nullable`1[System.Int32], System.Nullable`1[System.Data.CommandType]), Línea: 0] - ORA-06550: línea 1, columna 53:
PLS-00302: el componente 'USP_SEL_GET_USUARIO' se debe declarar
ORA-06550: línea 1, columna 7:
PL/SQL: Statement ignored
3/03/2021 17:09:50: [Método: sres.be.UsuarioBE ObtenerUsuario(Int32, Oracle.DataAccess.Client.OracleConnection), Línea: 123] - ORA-06550: línea 1, columna 53:
PLS-00302: el componente 'USP_SEL_GET_USUARIO' se debe declarar
ORA-06550: línea 1, columna 7:
PL/SQL: Statement ignored
3/03/2021 17:16:46: [Método: Void HandleErrorHelper(Int32, Oracle.DataAccess.Client.OracleConnection, IntPtr, Oracle.DataAccess.Client.OpoSqlValCtx*, System.Object, System.String, Boolean, Int32, Oracle.DataAccess.Client.OracleLogicalTransaction), Línea: 0] - ORA-06550: línea 1, columna 53:
PLS-00302: el componente 'USP_SEL_OBTIENE_USUARI' se debe declarar
ORA-06550: línea 1, columna 7:
PL/SQL: Statement ignored
3/03/2021 17:16:46: [Método: Void HandleError(Int32, Oracle.DataAccess.Client.OracleConnection, System.String, IntPtr, Oracle.DataAccess.Client.OpoSqlValCtx*, System.Object, Boolean, Oracle.DataAccess.Client.OracleLogicalTransaction), Línea: 0] - ORA-06550: línea 1, columna 53:
PLS-00302: el componente 'USP_SEL_OBTIENE_USUARI' se debe declarar
ORA-06550: línea 1, columna 7:
PL/SQL: Statement ignored
3/03/2021 17:16:46: [Método: Oracle.DataAccess.Client.OracleDataReader ExecuteReader(Boolean, Boolean, System.Data.CommandBehavior), Línea: 0] - ORA-06550: línea 1, columna 53:
PLS-00302: el componente 'USP_SEL_OBTIENE_USUARI' se debe declarar
ORA-06550: línea 1, columna 7:
PL/SQL: Statement ignored
3/03/2021 17:16:46: [Método: System.Data.Common.DbDataReader ExecuteDbDataReader(System.Data.CommandBehavior), Línea: 0] - ORA-06550: línea 1, columna 53:
PLS-00302: el componente 'USP_SEL_OBTIENE_USUARI' se debe declarar
ORA-06550: línea 1, columna 7:
PL/SQL: Statement ignored
3/03/2021 17:16:46: [Método: System.Data.IDataReader System.Data.IDbCommand.ExecuteReader(System.Data.CommandBehavior), Línea: 0] - ORA-06550: línea 1, columna 53:
PLS-00302: el componente 'USP_SEL_OBTIENE_USUARI' se debe declarar
ORA-06550: línea 1, columna 7:
PL/SQL: Statement ignored
3/03/2021 17:16:46: [Método: System.Data.IDataReader ExecuteReaderWithFlagsFallback(System.Data.IDbCommand, Boolean, System.Data.CommandBehavior), Línea: 0] - ORA-06550: línea 1, columna 53:
PLS-00302: el componente 'USP_SEL_OBTIENE_USUARI' se debe declarar
ORA-06550: línea 1, columna 7:
PL/SQL: Statement ignored
3/03/2021 17:16:46: [Método: T QueryRowImpl[T](System.Data.IDbConnection, Row, Dapper.CommandDefinition ByRef, System.Type), Línea: 0] - ORA-06550: línea 1, columna 53:
PLS-00302: el componente 'USP_SEL_OBTIENE_USUARI' se debe declarar
ORA-06550: línea 1, columna 7:
PL/SQL: Statement ignored
3/03/2021 17:16:46: [Método: T QueryFirstOrDefault[T](System.Data.IDbConnection, System.String, System.Object, System.Data.IDbTransaction, System.Nullable`1[System.Int32], System.Nullable`1[System.Data.CommandType]), Línea: 0] - ORA-06550: línea 1, columna 53:
PLS-00302: el componente 'USP_SEL_OBTIENE_USUARI' se debe declarar
ORA-06550: línea 1, columna 7:
PL/SQL: Statement ignored
3/03/2021 17:16:46: [Método: sres.be.UsuarioBE ObtenerUsuario(Int32, Oracle.DataAccess.Client.OracleConnection), Línea: 0] - ORA-06550: línea 1, columna 53:
PLS-00302: el componente 'USP_SEL_OBTIENE_USUARI' se debe declarar
ORA-06550: línea 1, columna 7:
PL/SQL: Statement ignored
3/03/2021 17:22:29: [Método: Void HandleErrorHelper(Int32, Oracle.DataAccess.Client.OracleConnection, IntPtr, Oracle.DataAccess.Client.OpoSqlValCtx*, System.Object, System.String, Boolean, Int32, Oracle.DataAccess.Client.OracleLogicalTransaction), Línea: 0] - ORA-06550: línea 1, columna 53:
PLS-00302: el componente 'USP_SEL_OBTIENE_USUARI' se debe declarar
ORA-06550: línea 1, columna 7:
PL/SQL: Statement ignored
3/03/2021 17:22:29: [Método: Void HandleError(Int32, Oracle.DataAccess.Client.OracleConnection, System.String, IntPtr, Oracle.DataAccess.Client.OpoSqlValCtx*, System.Object, Boolean, Oracle.DataAccess.Client.OracleLogicalTransaction), Línea: 0] - ORA-06550: línea 1, columna 53:
PLS-00302: el componente 'USP_SEL_OBTIENE_USUARI' se debe declarar
ORA-06550: línea 1, columna 7:
PL/SQL: Statement ignored
3/03/2021 17:22:29: [Método: Oracle.DataAccess.Client.OracleDataReader ExecuteReader(Boolean, Boolean, System.Data.CommandBehavior), Línea: 0] - ORA-06550: línea 1, columna 53:
PLS-00302: el componente 'USP_SEL_OBTIENE_USUARI' se debe declarar
ORA-06550: línea 1, columna 7:
PL/SQL: Statement ignored
3/03/2021 17:22:29: [Método: System.Data.Common.DbDataReader ExecuteDbDataReader(System.Data.CommandBehavior), Línea: 0] - ORA-06550: línea 1, columna 53:
PLS-00302: el componente 'USP_SEL_OBTIENE_USUARI' se debe declarar
ORA-06550: línea 1, columna 7:
PL/SQL: Statement ignored
3/03/2021 17:22:29: [Método: System.Data.IDataReader System.Data.IDbCommand.ExecuteReader(System.Data.CommandBehavior), Línea: 0] - ORA-06550: línea 1, columna 53:
PLS-00302: el componente 'USP_SEL_OBTIENE_USUARI' se debe declarar
ORA-06550: línea 1, columna 7:
PL/SQL: Statement ignored
3/03/2021 17:22:29: [Método: System.Data.IDataReader ExecuteReaderWithFlagsFallback(System.Data.IDbCommand, Boolean, System.Data.CommandBehavior), Línea: 0] - ORA-06550: línea 1, columna 53:
PLS-00302: el componente 'USP_SEL_OBTIENE_USUARI' se debe declarar
ORA-06550: línea 1, columna 7:
PL/SQL: Statement ignored
3/03/2021 17:22:29: [Método: T QueryRowImpl[T](System.Data.IDbConnection, Row, Dapper.CommandDefinition ByRef, System.Type), Línea: 0] - ORA-06550: línea 1, columna 53:
PLS-00302: el componente 'USP_SEL_OBTIENE_USUARI' se debe declarar
ORA-06550: línea 1, columna 7:
PL/SQL: Statement ignored
3/03/2021 17:22:29: [Método: T QueryFirstOrDefault[T](System.Data.IDbConnection, System.String, System.Object, System.Data.IDbTransaction, System.Nullable`1[System.Int32], System.Nullable`1[System.Data.CommandType]), Línea: 0] - ORA-06550: línea 1, columna 53:
PLS-00302: el componente 'USP_SEL_OBTIENE_USUARI' se debe declarar
ORA-06550: línea 1, columna 7:
PL/SQL: Statement ignored
3/03/2021 17:22:29: [Método: sres.be.UsuarioBE ObtenerUsuario(Int32, Oracle.DataAccess.Client.OracleConnection), Línea: 0] - ORA-06550: línea 1, columna 53:
PLS-00302: el componente 'USP_SEL_OBTIENE_USUARI' se debe declarar
ORA-06550: línea 1, columna 7:
PL/SQL: Statement ignored
