18/03/2021 09:14:56: [Método: Void HandleErrorHelper(Int32, Oracle.DataAccess.Client.OracleConnection, IntPtr, Oracle.DataAccess.Client.OpoSqlValCtx*, System.Object, System.String, Boolean, Int32, Oracle.DataAccess.Client.OracleLogicalTransaction), Línea: 0] - ORA-12541: TNS:no hay ningún listener
18/03/2021 09:14:56: [Método: Void HandleError(Int32, Oracle.DataAccess.Client.OracleConnection, IntPtr, System.Object, Oracle.DataAccess.Client.OracleLogicalTransaction), Línea: 0] - ORA-12541: TNS:no hay ningún listener
18/03/2021 09:14:56: [Método: Void Open(Oracle.DataAccess.Client.OracleConnection), Línea: 0] - ORA-12541: TNS:no hay ningún listener
18/03/2021 09:14:56: [Método: Void Open(), Línea: 0] - ORA-12541: TNS:no hay ningún listener
18/03/2021 09:14:56: [Método: Boolean ValidarUsuario(System.String, System.String, Entidad.minem.gob.pe.UsuarioBE ByRef), Línea: 155] - ORA-12541: TNS:no hay ningún listener
18/03/2021 09:17:18: [Método: Void HandleErrorHelper(Int32, Oracle.DataAccess.Client.OracleConnection, IntPtr, Oracle.DataAccess.Client.OpoSqlValCtx*, System.Object, System.String, Boolean, Int32, Oracle.DataAccess.Client.OracleLogicalTransaction), Línea: 0] - ORA-12541: TNS:no hay ningún listener
18/03/2021 09:17:18: [Método: Void HandleError(Int32, Oracle.DataAccess.Client.OracleConnection, IntPtr, System.Object, Oracle.DataAccess.Client.OracleLogicalTransaction), Línea: 0] - ORA-12541: TNS:no hay ningún listener
18/03/2021 09:17:18: [Método: Void Open(Oracle.DataAccess.Client.OracleConnection), Línea: 0] - ORA-12541: TNS:no hay ningún listener
18/03/2021 09:17:18: [Método: Void Open(), Línea: 0] - ORA-12541: TNS:no hay ningún listener
18/03/2021 09:17:18: [Método: Boolean ValidarUsuario(System.String, System.String, Entidad.minem.gob.pe.UsuarioBE ByRef), Línea: 155] - ORA-12541: TNS:no hay ningún listener
18/03/2021 09:19:11: [Método: Void HandleErrorHelper(Int32, Oracle.DataAccess.Client.OracleConnection, IntPtr, Oracle.DataAccess.Client.OpoSqlValCtx*, System.Object, System.String, Boolean, Int32, Oracle.DataAccess.Client.OracleLogicalTransaction), Línea: 0] - ORA-12514: TNS:el listener no conoce actualmente el servicio solicitado en el descriptor de conexión
18/03/2021 09:19:11: [Método: Void HandleError(Int32, Oracle.DataAccess.Client.OracleConnection, IntPtr, System.Object, Oracle.DataAccess.Client.OracleLogicalTransaction), Línea: 0] - ORA-12514: TNS:el listener no conoce actualmente el servicio solicitado en el descriptor de conexión
18/03/2021 09:19:11: [Método: Void Open(Oracle.DataAccess.Client.OracleConnection), Línea: 0] - ORA-12514: TNS:el listener no conoce actualmente el servicio solicitado en el descriptor de conexión
18/03/2021 09:19:11: [Método: Void Open(), Línea: 0] - ORA-12514: TNS:el listener no conoce actualmente el servicio solicitado en el descriptor de conexión
18/03/2021 09:19:11: [Método: Boolean ValidarUsuario(System.String, System.String, Entidad.minem.gob.pe.UsuarioBE ByRef), Línea: 155] - ORA-12514: TNS:el listener no conoce actualmente el servicio solicitado en el descriptor de conexión
18/03/2021 09:19:42: [Método: Void HandleErrorHelper(Int32, Oracle.DataAccess.Client.OracleConnection, IntPtr, Oracle.DataAccess.Client.OpoSqlValCtx*, System.Object, System.String, Boolean, Int32, Oracle.DataAccess.Client.OracleLogicalTransaction), Línea: 0] - ORA-12514: TNS:el listener no conoce actualmente el servicio solicitado en el descriptor de conexión
18/03/2021 09:19:42: [Método: Void HandleError(Int32, Oracle.DataAccess.Client.OracleConnection, IntPtr, System.Object, Oracle.DataAccess.Client.OracleLogicalTransaction), Línea: 0] - ORA-12514: TNS:el listener no conoce actualmente el servicio solicitado en el descriptor de conexión
18/03/2021 09:19:42: [Método: Void Open(Oracle.DataAccess.Client.OracleConnection), Línea: 0] - ORA-12514: TNS:el listener no conoce actualmente el servicio solicitado en el descriptor de conexión
18/03/2021 09:19:42: [Método: Void Open(), Línea: 0] - ORA-12514: TNS:el listener no conoce actualmente el servicio solicitado en el descriptor de conexión
18/03/2021 09:19:42: [Método: Boolean ValidarUsuario(System.String, System.String, Entidad.minem.gob.pe.UsuarioBE ByRef), Línea: 155] - ORA-12514: TNS:el listener no conoce actualmente el servicio solicitado en el descriptor de conexión
