26/02/2021 01:27:34: [Método: Void HandleErrorHelper(Int32, Oracle.DataAccess.Client.OracleConnection, IntPtr, Oracle.DataAccess.Client.OpoSqlValCtx*, System.Object, System.String, Boolean, Int32, Oracle.DataAccess.Client.OracleLogicalTransaction), Línea: 0] - ORA-06550: línea 1, columna 53:
PLS-00302: el componente 'USP_SEL_LISTA_BUSQ_COMBUS' se debe declarar
ORA-06550: línea 1, columna 7:
PL/SQL: Statement ignored
26/02/2021 01:27:34: [Método: Void HandleError(Int32, Oracle.DataAccess.Client.OracleConnection, System.String, IntPtr, Oracle.DataAccess.Client.OpoSqlValCtx*, System.Object, Boolean, Oracle.DataAccess.Client.OracleLogicalTransaction), Línea: 0] - ORA-06550: línea 1, columna 53:
PLS-00302: el componente 'USP_SEL_LISTA_BUSQ_COMBUS' se debe declarar
ORA-06550: línea 1, columna 7:
PL/SQL: Statement ignored
26/02/2021 01:27:34: [Método: Oracle.DataAccess.Client.OracleDataReader ExecuteReader(Boolean, Boolean, System.Data.CommandBehavior), Línea: 0] - ORA-06550: línea 1, columna 53:
PLS-00302: el componente 'USP_SEL_LISTA_BUSQ_COMBUS' se debe declarar
ORA-06550: línea 1, columna 7:
PL/SQL: Statement ignored
26/02/2021 01:27:34: [Método: System.Data.Common.DbDataReader ExecuteDbDataReader(System.Data.CommandBehavior), Línea: 0] - ORA-06550: línea 1, columna 53:
PLS-00302: el componente 'USP_SEL_LISTA_BUSQ_COMBUS' se debe declarar
ORA-06550: línea 1, columna 7:
PL/SQL: Statement ignored
26/02/2021 01:27:34: [Método: System.Data.IDataReader ExecuteReaderWithFlagsFallback(System.Data.IDbCommand, Boolean, System.Data.CommandBehavior), Línea: 0] - ORA-06550: línea 1, columna 53:
PLS-00302: el componente 'USP_SEL_LISTA_BUSQ_COMBUS' se debe declarar
ORA-06550: línea 1, columna 7:
PL/SQL: Statement ignored
26/02/2021 01:27:34: [Método: Boolean MoveNext(), Línea: 0] - ORA-06550: línea 1, columna 53:
PLS-00302: el componente 'USP_SEL_LISTA_BUSQ_COMBUS' se debe declarar
ORA-06550: línea 1, columna 7:
PL/SQL: Statement ignored
26/02/2021 01:27:34: [Método: Void .ctor(System.Collections.Generic.IEnumerable`1[T]), Línea: 0] - ORA-06550: línea 1, columna 53:
PLS-00302: el componente 'USP_SEL_LISTA_BUSQ_COMBUS' se debe declarar
ORA-06550: línea 1, columna 7:
PL/SQL: Statement ignored
26/02/2021 01:27:34: [Método: System.Collections.Generic.List`1[TSource] ToList[TSource](System.Collections.Generic.IEnumerable`1[TSource]), Línea: 0] - ORA-06550: línea 1, columna 53:
PLS-00302: el componente 'USP_SEL_LISTA_BUSQ_COMBUS' se debe declarar
ORA-06550: línea 1, columna 7:
PL/SQL: Statement ignored
26/02/2021 01:27:34: [Método: System.Collections.Generic.IEnumerable`1[T] Query[T](System.Data.IDbConnection, System.String, System.Object, System.Data.IDbTransaction, Boolean, System.Nullable`1[System.Int32], System.Nullable`1[System.Data.CommandType]), Línea: 0] - ORA-06550: línea 1, columna 53:
PLS-00302: el componente 'USP_SEL_LISTA_BUSQ_COMBUS' se debe declarar
ORA-06550: línea 1, columna 7:
PL/SQL: Statement ignored
26/02/2021 01:27:34: [Método: System.Collections.Generic.List`1[Entidad.minem.gob.pe.TipoCombustibleBE] BuscarTipoCombustible(System.String, System.String, Int32, Int32, System.String, System.String, Oracle.DataAccess.Client.OracleConnection), Línea: 31] - ORA-06550: línea 1, columna 53:
PLS-00302: el componente 'USP_SEL_LISTA_BUSQ_COMBUS' se debe declarar
ORA-06550: línea 1, columna 7:
PL/SQL: Statement ignored
