16/02/2021 02:52:42: [Método: Void HandleErrorHelper(Int32, Oracle.DataAccess.Client.OracleConnection, IntPtr, Oracle.DataAccess.Client.OpoSqlValCtx*, System.Object, System.String, Boolean, Int32, Oracle.DataAccess.Client.OracleLogicalTransaction), Línea: 0] - ORA-06550: line 1, column 53:
PLS-00302: component 'USP_SEL_OBTIENE_USUARIO' must be declared
ORA-06550: line 1, column 7:
PL/SQL: Statement ignored
16/02/2021 02:52:42: [Método: Void HandleError(Int32, Oracle.DataAccess.Client.OracleConnection, System.String, IntPtr, Oracle.DataAccess.Client.OpoSqlValCtx*, System.Object, Boolean, Oracle.DataAccess.Client.OracleLogicalTransaction), Línea: 0] - ORA-06550: line 1, column 53:
PLS-00302: component 'USP_SEL_OBTIENE_USUARIO' must be declared
ORA-06550: line 1, column 7:
PL/SQL: Statement ignored
16/02/2021 02:52:42: [Método: Oracle.DataAccess.Client.OracleDataReader ExecuteReader(Boolean, Boolean, System.Data.CommandBehavior), Línea: 0] - ORA-06550: line 1, column 53:
PLS-00302: component 'USP_SEL_OBTIENE_USUARIO' must be declared
ORA-06550: line 1, column 7:
PL/SQL: Statement ignored
16/02/2021 02:52:42: [Método: System.Data.Common.DbDataReader ExecuteDbDataReader(System.Data.CommandBehavior), Línea: 0] - ORA-06550: line 1, column 53:
PLS-00302: component 'USP_SEL_OBTIENE_USUARIO' must be declared
ORA-06550: line 1, column 7:
PL/SQL: Statement ignored
16/02/2021 02:52:42: [Método: System.Data.IDataReader System.Data.IDbCommand.ExecuteReader(System.Data.CommandBehavior), Línea: 0] - ORA-06550: line 1, column 53:
PLS-00302: component 'USP_SEL_OBTIENE_USUARIO' must be declared
ORA-06550: line 1, column 7:
PL/SQL: Statement ignored
16/02/2021 02:52:42: [Método: System.Data.IDataReader ExecuteReaderWithFlagsFallback(System.Data.IDbCommand, Boolean, System.Data.CommandBehavior), Línea: 0] - ORA-06550: line 1, column 53:
PLS-00302: component 'USP_SEL_OBTIENE_USUARIO' must be declared
ORA-06550: line 1, column 7:
PL/SQL: Statement ignored
16/02/2021 02:52:42: [Método: T QueryRowImpl[T](System.Data.IDbConnection, Row, Dapper.CommandDefinition ByRef, System.Type), Línea: 0] - ORA-06550: line 1, column 53:
PLS-00302: component 'USP_SEL_OBTIENE_USUARIO' must be declared
ORA-06550: line 1, column 7:
PL/SQL: Statement ignored
16/02/2021 02:52:42: [Método: T QueryFirstOrDefault[T](System.Data.IDbConnection, System.String, System.Object, System.Data.IDbTransaction, System.Nullable`1[System.Int32], System.Nullable`1[System.Data.CommandType]), Línea: 0] - ORA-06550: line 1, column 53:
PLS-00302: component 'USP_SEL_OBTIENE_USUARIO' must be declared
ORA-06550: line 1, column 7:
PL/SQL: Statement ignored
16/02/2021 02:52:42: [Método: Entidad.minem.gob.pe.UsuarioBE ObtenerUsuario(Int32, Oracle.DataAccess.Client.OracleConnection), Línea: 122] - ORA-06550: line 1, column 53:
PLS-00302: component 'USP_SEL_OBTIENE_USUARIO' must be declared
ORA-06550: line 1, column 7:
PL/SQL: Statement ignored
16/02/2021 02:53:16: [Método: Void HandleErrorHelper(Int32, Oracle.DataAccess.Client.OracleConnection, IntPtr, Oracle.DataAccess.Client.OpoSqlValCtx*, System.Object, System.String, Boolean, Int32, Oracle.DataAccess.Client.OracleLogicalTransaction), Línea: 0] - ORA-06550: line 1, column 53:
PLS-00302: component 'USP_SEL_OBTIENE_USUARIO' must be declared
ORA-06550: line 1, column 7:
PL/SQL: Statement ignored
16/02/2021 02:53:16: [Método: Void HandleError(Int32, Oracle.DataAccess.Client.OracleConnection, System.String, IntPtr, Oracle.DataAccess.Client.OpoSqlValCtx*, System.Object, Boolean, Oracle.DataAccess.Client.OracleLogicalTransaction), Línea: 0] - ORA-06550: line 1, column 53:
PLS-00302: component 'USP_SEL_OBTIENE_USUARIO' must be declared
ORA-06550: line 1, column 7:
PL/SQL: Statement ignored
16/02/2021 02:53:16: [Método: Oracle.DataAccess.Client.OracleDataReader ExecuteReader(Boolean, Boolean, System.Data.CommandBehavior), Línea: 0] - ORA-06550: line 1, column 53:
PLS-00302: component 'USP_SEL_OBTIENE_USUARIO' must be declared
ORA-06550: line 1, column 7:
PL/SQL: Statement ignored
16/02/2021 02:53:16: [Método: System.Data.Common.DbDataReader ExecuteDbDataReader(System.Data.CommandBehavior), Línea: 0] - ORA-06550: line 1, column 53:
PLS-00302: component 'USP_SEL_OBTIENE_USUARIO' must be declared
ORA-06550: line 1, column 7:
PL/SQL: Statement ignored
16/02/2021 02:53:16: [Método: System.Data.IDataReader System.Data.IDbCommand.ExecuteReader(System.Data.CommandBehavior), Línea: 0] - ORA-06550: line 1, column 53:
PLS-00302: component 'USP_SEL_OBTIENE_USUARIO' must be declared
ORA-06550: line 1, column 7:
PL/SQL: Statement ignored
16/02/2021 02:53:16: [Método: System.Data.IDataReader ExecuteReaderWithFlagsFallback(System.Data.IDbCommand, Boolean, System.Data.CommandBehavior), Línea: 0] - ORA-06550: line 1, column 53:
PLS-00302: component 'USP_SEL_OBTIENE_USUARIO' must be declared
ORA-06550: line 1, column 7:
PL/SQL: Statement ignored
16/02/2021 02:53:16: [Método: T QueryRowImpl[T](System.Data.IDbConnection, Row, Dapper.CommandDefinition ByRef, System.Type), Línea: 0] - ORA-06550: line 1, column 53:
PLS-00302: component 'USP_SEL_OBTIENE_USUARIO' must be declared
ORA-06550: line 1, column 7:
PL/SQL: Statement ignored
16/02/2021 02:53:16: [Método: T QueryFirstOrDefault[T](System.Data.IDbConnection, System.String, System.Object, System.Data.IDbTransaction, System.Nullable`1[System.Int32], System.Nullable`1[System.Data.CommandType]), Línea: 0] - ORA-06550: line 1, column 53:
PLS-00302: component 'USP_SEL_OBTIENE_USUARIO' must be declared
ORA-06550: line 1, column 7:
PL/SQL: Statement ignored
16/02/2021 02:53:16: [Método: Entidad.minem.gob.pe.UsuarioBE ObtenerUsuario(Int32, Oracle.DataAccess.Client.OracleConnection), Línea: 122] - ORA-06550: line 1, column 53:
PLS-00302: component 'USP_SEL_OBTIENE_USUARIO' must be declared
ORA-06550: line 1, column 7:
PL/SQL: Statement ignored
16/02/2021 02:54:51: [Método: Void HandleErrorHelper(Int32, Oracle.DataAccess.Client.OracleConnection, IntPtr, Oracle.DataAccess.Client.OpoSqlValCtx*, System.Object, System.String, Boolean, Int32, Oracle.DataAccess.Client.OracleLogicalTransaction), Línea: 0] - ORA-06550: line 1, column 53:
PLS-00302: component 'USP_SEL_OBTIENE_USUARIO' must be declared
ORA-06550: line 1, column 7:
PL/SQL: Statement ignored
16/02/2021 02:54:51: [Método: Void HandleError(Int32, Oracle.DataAccess.Client.OracleConnection, System.String, IntPtr, Oracle.DataAccess.Client.OpoSqlValCtx*, System.Object, Boolean, Oracle.DataAccess.Client.OracleLogicalTransaction), Línea: 0] - ORA-06550: line 1, column 53:
PLS-00302: component 'USP_SEL_OBTIENE_USUARIO' must be declared
ORA-06550: line 1, column 7:
PL/SQL: Statement ignored
16/02/2021 02:54:51: [Método: Oracle.DataAccess.Client.OracleDataReader ExecuteReader(Boolean, Boolean, System.Data.CommandBehavior), Línea: 0] - ORA-06550: line 1, column 53:
PLS-00302: component 'USP_SEL_OBTIENE_USUARIO' must be declared
ORA-06550: line 1, column 7:
PL/SQL: Statement ignored
16/02/2021 02:54:51: [Método: System.Data.Common.DbDataReader ExecuteDbDataReader(System.Data.CommandBehavior), Línea: 0] - ORA-06550: line 1, column 53:
PLS-00302: component 'USP_SEL_OBTIENE_USUARIO' must be declared
ORA-06550: line 1, column 7:
PL/SQL: Statement ignored
16/02/2021 02:54:51: [Método: System.Data.IDataReader System.Data.IDbCommand.ExecuteReader(System.Data.CommandBehavior), Línea: 0] - ORA-06550: line 1, column 53:
PLS-00302: component 'USP_SEL_OBTIENE_USUARIO' must be declared
ORA-06550: line 1, column 7:
PL/SQL: Statement ignored
16/02/2021 02:54:51: [Método: System.Data.IDataReader ExecuteReaderWithFlagsFallback(System.Data.IDbCommand, Boolean, System.Data.CommandBehavior), Línea: 0] - ORA-06550: line 1, column 53:
PLS-00302: component 'USP_SEL_OBTIENE_USUARIO' must be declared
ORA-06550: line 1, column 7:
PL/SQL: Statement ignored
16/02/2021 02:54:51: [Método: T QueryRowImpl[T](System.Data.IDbConnection, Row, Dapper.CommandDefinition ByRef, System.Type), Línea: 0] - ORA-06550: line 1, column 53:
PLS-00302: component 'USP_SEL_OBTIENE_USUARIO' must be declared
ORA-06550: line 1, column 7:
PL/SQL: Statement ignored
16/02/2021 02:54:51: [Método: T QueryFirstOrDefault[T](System.Data.IDbConnection, System.String, System.Object, System.Data.IDbTransaction, System.Nullable`1[System.Int32], System.Nullable`1[System.Data.CommandType]), Línea: 0] - ORA-06550: line 1, column 53:
PLS-00302: component 'USP_SEL_OBTIENE_USUARIO' must be declared
ORA-06550: line 1, column 7:
PL/SQL: Statement ignored
16/02/2021 02:54:51: [Método: Entidad.minem.gob.pe.UsuarioBE ObtenerUsuario(Int32, Oracle.DataAccess.Client.OracleConnection), Línea: 122] - ORA-06550: line 1, column 53:
PLS-00302: component 'USP_SEL_OBTIENE_USUARIO' must be declared
ORA-06550: line 1, column 7:
PL/SQL: Statement ignored
16/02/2021 03:04:33: [Método: Void HandleErrorHelper(Int32, Oracle.DataAccess.Client.OracleConnection, IntPtr, Oracle.DataAccess.Client.OpoSqlValCtx*, System.Object, System.String, Boolean, Int32, Oracle.DataAccess.Client.OracleLogicalTransaction), Línea: 0] - ORA-03135: connection lost contact
Process ID: 78884
Session ID: 26 Serial number: 33028
16/02/2021 03:04:33: [Método: Void HandleError(Int32, Oracle.DataAccess.Client.OracleConnection, System.String, IntPtr, Oracle.DataAccess.Client.OpoSqlValCtx*, System.Object, Boolean, Oracle.DataAccess.Client.OracleLogicalTransaction), Línea: 0] - ORA-03135: connection lost contact
Process ID: 78884
Session ID: 26 Serial number: 33028
16/02/2021 03:04:33: [Método: Oracle.DataAccess.Client.OracleDataReader ExecuteReader(Boolean, Boolean, System.Data.CommandBehavior), Línea: 0] - ORA-03135: connection lost contact
Process ID: 78884
Session ID: 26 Serial number: 33028
16/02/2021 03:04:33: [Método: System.Data.Common.DbDataReader ExecuteDbDataReader(System.Data.CommandBehavior), Línea: 0] - ORA-03135: connection lost contact
Process ID: 78884
Session ID: 26 Serial number: 33028
16/02/2021 03:04:33: [Método: System.Data.IDataReader System.Data.IDbCommand.ExecuteReader(System.Data.CommandBehavior), Línea: 0] - ORA-03135: connection lost contact
Process ID: 78884
Session ID: 26 Serial number: 33028
16/02/2021 03:04:33: [Método: System.Data.IDataReader ExecuteReaderWithFlagsFallback(System.Data.IDbCommand, Boolean, System.Data.CommandBehavior), Línea: 0] - ORA-03135: connection lost contact
Process ID: 78884
Session ID: 26 Serial number: 33028
16/02/2021 03:04:33: [Método: T QueryRowImpl[T](System.Data.IDbConnection, Row, Dapper.CommandDefinition ByRef, System.Type), Línea: 0] - ORA-03135: connection lost contact
Process ID: 78884
Session ID: 26 Serial number: 33028
16/02/2021 03:04:33: [Método: T QueryFirstOrDefault[T](System.Data.IDbConnection, System.String, System.Object, System.Data.IDbTransaction, System.Nullable`1[System.Int32], System.Nullable`1[System.Data.CommandType]), Línea: 0] - ORA-03135: connection lost contact
Process ID: 78884
Session ID: 26 Serial number: 33028
16/02/2021 03:04:33: [Método: Entidad.minem.gob.pe.UsuarioBE ObtenerUsuario(Int32, Oracle.DataAccess.Client.OracleConnection), Línea: 122] - ORA-03135: connection lost contact
Process ID: 78884
Session ID: 26 Serial number: 33028
