31/03/2021 01:16:48: [Método: Void HandleErrorHelper(Int32, Oracle.DataAccess.Client.OracleConnection, IntPtr, Oracle.DataAccess.Client.OpoSqlValCtx*, System.Object, System.String, Boolean, Int32, Oracle.DataAccess.Client.OracleLogicalTransaction), Línea: 0] - ORA-02291: restricción de integridad (ELECTROMOVILIDAD.SYS_C0015103) violada - clave principal no encontrada
ORA-06512: en "ELECTROMOVILIDAD.PKG_ELECTROMOV_MANTENIMIENTO", línea 820
ORA-06512: en línea 1
31/03/2021 01:16:48: [Método: Void HandleError(Int32, Oracle.DataAccess.Client.OracleConnection, System.String, IntPtr, Oracle.DataAccess.Client.OpoSqlValCtx*, System.Object, Boolean, Oracle.DataAccess.Client.OracleLogicalTransaction), Línea: 0] - ORA-02291: restricción de integridad (ELECTROMOVILIDAD.SYS_C0015103) violada - clave principal no encontrada
ORA-06512: en "ELECTROMOVILIDAD.PKG_ELECTROMOV_MANTENIMIENTO", línea 820
ORA-06512: en línea 1
31/03/2021 01:16:48: [Método: Int32 ExecuteNonQuery(), Línea: 0] - ORA-02291: restricción de integridad (ELECTROMOVILIDAD.SYS_C0015103) violada - clave principal no encontrada
ORA-06512: en "ELECTROMOVILIDAD.PKG_ELECTROMOV_MANTENIMIENTO", línea 820
ORA-06512: en línea 1
31/03/2021 01:16:48: [Método: Int32 ExecuteCommand(System.Data.IDbConnection, Dapper.CommandDefinition ByRef, System.Action`2[System.Data.IDbCommand,System.Object]), Línea: 0] - ORA-02291: restricción de integridad (ELECTROMOVILIDAD.SYS_C0015103) violada - clave principal no encontrada
ORA-06512: en "ELECTROMOVILIDAD.PKG_ELECTROMOV_MANTENIMIENTO", línea 820
ORA-06512: en línea 1
31/03/2021 01:16:48: [Método: Int32 ExecuteImpl(System.Data.IDbConnection, Dapper.CommandDefinition ByRef), Línea: 0] - ORA-02291: restricción de integridad (ELECTROMOVILIDAD.SYS_C0015103) violada - clave principal no encontrada
ORA-06512: en "ELECTROMOVILIDAD.PKG_ELECTROMOV_MANTENIMIENTO", línea 820
ORA-06512: en línea 1
31/03/2021 01:16:48: [Método: Int32 Execute(System.Data.IDbConnection, System.String, System.Object, System.Data.IDbTransaction, System.Nullable`1[System.Int32], System.Nullable`1[System.Data.CommandType]), Línea: 0] - ORA-02291: restricción de integridad (ELECTROMOVILIDAD.SYS_C0015103) violada - clave principal no encontrada
ORA-06512: en "ELECTROMOVILIDAD.PKG_ELECTROMOV_MANTENIMIENTO", línea 820
ORA-06512: en línea 1
31/03/2021 01:16:48: [Método: Boolean GuardarUsuario(Entidad.minem.gob.pe.UsuarioBE, Oracle.DataAccess.Client.OracleConnection), Línea: 188] - ORA-02291: restricción de integridad (ELECTROMOVILIDAD.SYS_C0015103) violada - clave principal no encontrada
ORA-06512: en "ELECTROMOVILIDAD.PKG_ELECTROMOV_MANTENIMIENTO", línea 820
ORA-06512: en línea 1
31/03/2021 01:19:42: [Método: Void HandleErrorHelper(Int32, Oracle.DataAccess.Client.OracleConnection, IntPtr, Oracle.DataAccess.Client.OpoSqlValCtx*, System.Object, System.String, Boolean, Int32, Oracle.DataAccess.Client.OracleLogicalTransaction), Línea: 0] - ORA-02291: restricción de integridad (ELECTROMOVILIDAD.SYS_C0015103) violada - clave principal no encontrada
ORA-06512: en "ELECTROMOVILIDAD.PKG_ELECTROMOV_MANTENIMIENTO", línea 820
ORA-06512: en línea 1
31/03/2021 01:19:42: [Método: Void HandleError(Int32, Oracle.DataAccess.Client.OracleConnection, System.String, IntPtr, Oracle.DataAccess.Client.OpoSqlValCtx*, System.Object, Boolean, Oracle.DataAccess.Client.OracleLogicalTransaction), Línea: 0] - ORA-02291: restricción de integridad (ELECTROMOVILIDAD.SYS_C0015103) violada - clave principal no encontrada
ORA-06512: en "ELECTROMOVILIDAD.PKG_ELECTROMOV_MANTENIMIENTO", línea 820
ORA-06512: en línea 1
31/03/2021 01:19:42: [Método: Int32 ExecuteNonQuery(), Línea: 0] - ORA-02291: restricción de integridad (ELECTROMOVILIDAD.SYS_C0015103) violada - clave principal no encontrada
ORA-06512: en "ELECTROMOVILIDAD.PKG_ELECTROMOV_MANTENIMIENTO", línea 820
ORA-06512: en línea 1
31/03/2021 01:19:42: [Método: Int32 ExecuteCommand(System.Data.IDbConnection, Dapper.CommandDefinition ByRef, System.Action`2[System.Data.IDbCommand,System.Object]), Línea: 0] - ORA-02291: restricción de integridad (ELECTROMOVILIDAD.SYS_C0015103) violada - clave principal no encontrada
ORA-06512: en "ELECTROMOVILIDAD.PKG_ELECTROMOV_MANTENIMIENTO", línea 820
ORA-06512: en línea 1
31/03/2021 01:19:42: [Método: Int32 ExecuteImpl(System.Data.IDbConnection, Dapper.CommandDefinition ByRef), Línea: 0] - ORA-02291: restricción de integridad (ELECTROMOVILIDAD.SYS_C0015103) violada - clave principal no encontrada
ORA-06512: en "ELECTROMOVILIDAD.PKG_ELECTROMOV_MANTENIMIENTO", línea 820
ORA-06512: en línea 1
31/03/2021 01:19:42: [Método: Int32 Execute(System.Data.IDbConnection, System.String, System.Object, System.Data.IDbTransaction, System.Nullable`1[System.Int32], System.Nullable`1[System.Data.CommandType]), Línea: 0] - ORA-02291: restricción de integridad (ELECTROMOVILIDAD.SYS_C0015103) violada - clave principal no encontrada
ORA-06512: en "ELECTROMOVILIDAD.PKG_ELECTROMOV_MANTENIMIENTO", línea 820
ORA-06512: en línea 1
31/03/2021 01:19:42: [Método: Boolean GuardarUsuario(Entidad.minem.gob.pe.UsuarioBE, Oracle.DataAccess.Client.OracleConnection), Línea: 188] - ORA-02291: restricción de integridad (ELECTROMOVILIDAD.SYS_C0015103) violada - clave principal no encontrada
ORA-06512: en "ELECTROMOVILIDAD.PKG_ELECTROMOV_MANTENIMIENTO", línea 820
ORA-06512: en línea 1
31/03/2021 08:26:11: [Método: Void HandleErrorHelper(Int32, Oracle.DataAccess.Client.OracleConnection, IntPtr, Oracle.DataAccess.Client.OpoSqlValCtx*, System.Object, System.String, Boolean, Int32, Oracle.DataAccess.Client.OracleLogicalTransaction), Línea: 0] - ORA-02291: restricción de integridad (ELECTROMOVILIDAD.SYS_C0015103) violada - clave principal no encontrada
ORA-06512: en "ELECTROMOVILIDAD.PKG_ELECTROMOV_MANTENIMIENTO", línea 820
ORA-06512: en línea 1
31/03/2021 08:26:11: [Método: Void HandleError(Int32, Oracle.DataAccess.Client.OracleConnection, System.String, IntPtr, Oracle.DataAccess.Client.OpoSqlValCtx*, System.Object, Boolean, Oracle.DataAccess.Client.OracleLogicalTransaction), Línea: 0] - ORA-02291: restricción de integridad (ELECTROMOVILIDAD.SYS_C0015103) violada - clave principal no encontrada
ORA-06512: en "ELECTROMOVILIDAD.PKG_ELECTROMOV_MANTENIMIENTO", línea 820
ORA-06512: en línea 1
31/03/2021 08:26:11: [Método: Int32 ExecuteNonQuery(), Línea: 0] - ORA-02291: restricción de integridad (ELECTROMOVILIDAD.SYS_C0015103) violada - clave principal no encontrada
ORA-06512: en "ELECTROMOVILIDAD.PKG_ELECTROMOV_MANTENIMIENTO", línea 820
ORA-06512: en línea 1
31/03/2021 08:26:11: [Método: Int32 ExecuteCommand(System.Data.IDbConnection, Dapper.CommandDefinition ByRef, System.Action`2[System.Data.IDbCommand,System.Object]), Línea: 0] - ORA-02291: restricción de integridad (ELECTROMOVILIDAD.SYS_C0015103) violada - clave principal no encontrada
ORA-06512: en "ELECTROMOVILIDAD.PKG_ELECTROMOV_MANTENIMIENTO", línea 820
ORA-06512: en línea 1
31/03/2021 08:26:11: [Método: Int32 ExecuteImpl(System.Data.IDbConnection, Dapper.CommandDefinition ByRef), Línea: 0] - ORA-02291: restricción de integridad (ELECTROMOVILIDAD.SYS_C0015103) violada - clave principal no encontrada
ORA-06512: en "ELECTROMOVILIDAD.PKG_ELECTROMOV_MANTENIMIENTO", línea 820
ORA-06512: en línea 1
31/03/2021 08:26:11: [Método: Int32 Execute(System.Data.IDbConnection, System.String, System.Object, System.Data.IDbTransaction, System.Nullable`1[System.Int32], System.Nullable`1[System.Data.CommandType]), Línea: 0] - ORA-02291: restricción de integridad (ELECTROMOVILIDAD.SYS_C0015103) violada - clave principal no encontrada
ORA-06512: en "ELECTROMOVILIDAD.PKG_ELECTROMOV_MANTENIMIENTO", línea 820
ORA-06512: en línea 1
31/03/2021 08:26:11: [Método: Boolean GuardarUsuario(Entidad.minem.gob.pe.UsuarioBE, Oracle.DataAccess.Client.OracleConnection), Línea: 188] - ORA-02291: restricción de integridad (ELECTROMOVILIDAD.SYS_C0015103) violada - clave principal no encontrada
ORA-06512: en "ELECTROMOVILIDAD.PKG_ELECTROMOV_MANTENIMIENTO", línea 820
ORA-06512: en línea 1
31/03/2021 08:26:31: [Método: Void HandleErrorHelper(Int32, Oracle.DataAccess.Client.OracleConnection, IntPtr, Oracle.DataAccess.Client.OpoSqlValCtx*, System.Object, System.String, Boolean, Int32, Oracle.DataAccess.Client.OracleLogicalTransaction), Línea: 0] - ORA-03135: la conexión ha perdido contacto
Identificador de Proceso: 3880
Identificador de Sesión: 267 Número de Serie: 8172
31/03/2021 08:26:31: [Método: Void Rollback(), Línea: 0] - ORA-03135: la conexión ha perdido contacto
Identificador de Proceso: 3880
Identificador de Sesión: 267 Número de Serie: 8172
31/03/2021 08:26:31: [Método: Boolean GuardarUsuario(Entidad.minem.gob.pe.UsuarioBE), Línea: 137] - ORA-03135: la conexión ha perdido contacto
Identificador de Proceso: 3880
Identificador de Sesión: 267 Número de Serie: 8172
31/03/2021 08:27:33: [Método: Void HandleErrorHelper(Int32, Oracle.DataAccess.Client.OracleConnection, IntPtr, Oracle.DataAccess.Client.OpoSqlValCtx*, System.Object, System.String, Boolean, Int32, Oracle.DataAccess.Client.OracleLogicalTransaction), Línea: 0] - ORA-02291: restricción de integridad (ELECTROMOVILIDAD.SYS_C0015103) violada - clave principal no encontrada
ORA-06512: en "ELECTROMOVILIDAD.PKG_ELECTROMOV_MANTENIMIENTO", línea 820
ORA-06512: en línea 1
31/03/2021 08:27:33: [Método: Void HandleError(Int32, Oracle.DataAccess.Client.OracleConnection, System.String, IntPtr, Oracle.DataAccess.Client.OpoSqlValCtx*, System.Object, Boolean, Oracle.DataAccess.Client.OracleLogicalTransaction), Línea: 0] - ORA-02291: restricción de integridad (ELECTROMOVILIDAD.SYS_C0015103) violada - clave principal no encontrada
ORA-06512: en "ELECTROMOVILIDAD.PKG_ELECTROMOV_MANTENIMIENTO", línea 820
ORA-06512: en línea 1
31/03/2021 08:27:33: [Método: Int32 ExecuteNonQuery(), Línea: 0] - ORA-02291: restricción de integridad (ELECTROMOVILIDAD.SYS_C0015103) violada - clave principal no encontrada
ORA-06512: en "ELECTROMOVILIDAD.PKG_ELECTROMOV_MANTENIMIENTO", línea 820
ORA-06512: en línea 1
31/03/2021 08:27:33: [Método: Int32 ExecuteCommand(System.Data.IDbConnection, Dapper.CommandDefinition ByRef, System.Action`2[System.Data.IDbCommand,System.Object]), Línea: 0] - ORA-02291: restricción de integridad (ELECTROMOVILIDAD.SYS_C0015103) violada - clave principal no encontrada
ORA-06512: en "ELECTROMOVILIDAD.PKG_ELECTROMOV_MANTENIMIENTO", línea 820
ORA-06512: en línea 1
31/03/2021 08:27:33: [Método: Int32 ExecuteImpl(System.Data.IDbConnection, Dapper.CommandDefinition ByRef), Línea: 0] - ORA-02291: restricción de integridad (ELECTROMOVILIDAD.SYS_C0015103) violada - clave principal no encontrada
ORA-06512: en "ELECTROMOVILIDAD.PKG_ELECTROMOV_MANTENIMIENTO", línea 820
ORA-06512: en línea 1
31/03/2021 08:27:33: [Método: Int32 Execute(System.Data.IDbConnection, System.String, System.Object, System.Data.IDbTransaction, System.Nullable`1[System.Int32], System.Nullable`1[System.Data.CommandType]), Línea: 0] - ORA-02291: restricción de integridad (ELECTROMOVILIDAD.SYS_C0015103) violada - clave principal no encontrada
ORA-06512: en "ELECTROMOVILIDAD.PKG_ELECTROMOV_MANTENIMIENTO", línea 820
ORA-06512: en línea 1
31/03/2021 08:27:33: [Método: Boolean GuardarUsuario(Entidad.minem.gob.pe.UsuarioBE, Oracle.DataAccess.Client.OracleConnection), Línea: 188] - ORA-02291: restricción de integridad (ELECTROMOVILIDAD.SYS_C0015103) violada - clave principal no encontrada
ORA-06512: en "ELECTROMOVILIDAD.PKG_ELECTROMOV_MANTENIMIENTO", línea 820
ORA-06512: en línea 1
31/03/2021 08:36:33: [Método: Void HandleErrorHelper(Int32, Oracle.DataAccess.Client.OracleConnection, IntPtr, Oracle.DataAccess.Client.OpoSqlValCtx*, System.Object, System.String, Boolean, Int32, Oracle.DataAccess.Client.OracleLogicalTransaction), Línea: 0] - ORA-03135: la conexión ha perdido contacto
Identificador de Proceso: 2724
Identificador de Sesión: 262 Número de Serie: 4263
31/03/2021 08:36:33: [Método: Void Rollback(), Línea: 0] - ORA-03135: la conexión ha perdido contacto
Identificador de Proceso: 2724
Identificador de Sesión: 262 Número de Serie: 4263
31/03/2021 08:36:33: [Método: Boolean GuardarUsuario(Entidad.minem.gob.pe.UsuarioBE), Línea: 137] - ORA-03135: la conexión ha perdido contacto
Identificador de Proceso: 2724
Identificador de Sesión: 262 Número de Serie: 4263
